ARM GAS  C:\Users\kotaro\AppData\Local\Temp\ccosbLV7.s 			page 1


   1              		.cpu cortex-m4
   2              		.eabi_attribute 27, 1
   3              		.eabi_attribute 28, 1
   4              		.eabi_attribute 20, 1
   5              		.eabi_attribute 21, 1
   6              		.eabi_attribute 23, 3
   7              		.eabi_attribute 24, 1
   8              		.eabi_attribute 25, 1
   9              		.eabi_attribute 26, 1
  10              		.eabi_attribute 30, 1
  11              		.eabi_attribute 34, 1
  12              		.eabi_attribute 18, 4
  13              		.file	"adc.c"
  14              		.text
  15              	.Ltext0:
  16              		.cfi_sections	.debug_frame
  17              		.section	.text.MX_ADC1_Init,"ax",%progbits
  18              		.align	1
  19              		.global	MX_ADC1_Init
  20              		.syntax unified
  21              		.thumb
  22              		.thumb_func
  23              		.fpu fpv4-sp-d16
  25              	MX_ADC1_Init:
  26              	.LFB126:
  27              		.file 1 "Src/adc.c"
   1:Src/adc.c     **** /**
   2:Src/adc.c     ****   ******************************************************************************
   3:Src/adc.c     ****   * File Name          : ADC.c
   4:Src/adc.c     ****   * Description        : This file provides code for the configuration
   5:Src/adc.c     ****   *                      of the ADC instances.
   6:Src/adc.c     ****   ******************************************************************************
   7:Src/adc.c     ****   ** This notice applies to any and all portions of this file
   8:Src/adc.c     ****   * that are not between comment pairs USER CODE BEGIN and
   9:Src/adc.c     ****   * USER CODE END. Other portions of this file, whether 
  10:Src/adc.c     ****   * inserted by the user or by software development tools
  11:Src/adc.c     ****   * are owned by their respective copyright owners.
  12:Src/adc.c     ****   *
  13:Src/adc.c     ****   * COPYRIGHT(c) 2018 STMicroelectronics
  14:Src/adc.c     ****   *
  15:Src/adc.c     ****   * Redistribution and use in source and binary forms, with or without modification,
  16:Src/adc.c     ****   * are permitted provided that the following conditions are met:
  17:Src/adc.c     ****   *   1. Redistributions of source code must retain the above copyright notice,
  18:Src/adc.c     ****   *      this list of conditions and the following disclaimer.
  19:Src/adc.c     ****   *   2. Redistributions in binary form must reproduce the above copyright notice,
  20:Src/adc.c     ****   *      this list of conditions and the following disclaimer in the documentation
  21:Src/adc.c     ****   *      and/or other materials provided with the distribution.
  22:Src/adc.c     ****   *   3. Neither the name of STMicroelectronics nor the names of its contributors
  23:Src/adc.c     ****   *      may be used to endorse or promote products derived from this software
  24:Src/adc.c     ****   *      without specific prior written permission.
  25:Src/adc.c     ****   *
  26:Src/adc.c     ****   * THIS SOFTWARE IS PROVIDED BY THE COPYRIGHT HOLDERS AND CONTRIBUTORS "AS IS"
  27:Src/adc.c     ****   * AND ANY EXPRESS OR IMPLIED WARRANTIES, INCLUDING, BUT NOT LIMITED TO, THE
  28:Src/adc.c     ****   * IMPLIED WARRANTIES OF MERCHANTABILITY AND FITNESS FOR A PARTICULAR PURPOSE ARE
  29:Src/adc.c     ****   * DISCLAIMED. IN NO EVENT SHALL THE COPYRIGHT HOLDER OR CONTRIBUTORS BE LIABLE
  30:Src/adc.c     ****   * FOR ANY DIRECT, INDIRECT, INCIDENTAL, SPECIAL, EXEMPLARY, OR CONSEQUENTIAL
  31:Src/adc.c     ****   * DAMAGES (INCLUDING, BUT NOT LIMITED TO, PROCUREMENT OF SUBSTITUTE GOODS OR
ARM GAS  C:\Users\kotaro\AppData\Local\Temp\ccosbLV7.s 			page 2


  32:Src/adc.c     ****   * SERVICES; LOSS OF USE, DATA, OR PROFITS; OR BUSINESS INTERRUPTION) HOWEVER
  33:Src/adc.c     ****   * CAUSED AND ON ANY THEORY OF LIABILITY, WHETHER IN CONTRACT, STRICT LIABILITY,
  34:Src/adc.c     ****   * OR TORT (INCLUDING NEGLIGENCE OR OTHERWISE) ARISING IN ANY WAY OUT OF THE USE
  35:Src/adc.c     ****   * OF THIS SOFTWARE, EVEN IF ADVISED OF THE POSSIBILITY OF SUCH DAMAGE.
  36:Src/adc.c     ****   *
  37:Src/adc.c     ****   ******************************************************************************
  38:Src/adc.c     ****   */
  39:Src/adc.c     **** 
  40:Src/adc.c     **** /* Includes ------------------------------------------------------------------*/
  41:Src/adc.c     **** #include "adc.h"
  42:Src/adc.c     **** 
  43:Src/adc.c     **** #include "gpio.h"
  44:Src/adc.c     **** 
  45:Src/adc.c     **** /* USER CODE BEGIN 0 */
  46:Src/adc.c     **** 
  47:Src/adc.c     **** /* USER CODE END 0 */
  48:Src/adc.c     **** 
  49:Src/adc.c     **** ADC_HandleTypeDef hadc1;
  50:Src/adc.c     **** ADC_HandleTypeDef hadc2;
  51:Src/adc.c     **** ADC_HandleTypeDef hadc3;
  52:Src/adc.c     **** 
  53:Src/adc.c     **** /* ADC1 init function */
  54:Src/adc.c     **** void MX_ADC1_Init(void)
  55:Src/adc.c     **** {
  28              		.loc 1 55 0
  29              		.cfi_startproc
  30              		@ args = 0, pretend = 0, frame = 16
  31              		@ frame_needed = 0, uses_anonymous_args = 0
  32 0000 00B5     		push	{lr}
  33              	.LCFI0:
  34              		.cfi_def_cfa_offset 4
  35              		.cfi_offset 14, -4
  36 0002 85B0     		sub	sp, sp, #20
  37              	.LCFI1:
  38              		.cfi_def_cfa_offset 24
  56:Src/adc.c     ****   ADC_ChannelConfTypeDef sConfig;
  57:Src/adc.c     **** 
  58:Src/adc.c     ****     /**Configure the global features of the ADC (Clock, Resolution, Data Alignment and number of co
  59:Src/adc.c     ****     */
  60:Src/adc.c     ****   hadc1.Instance = ADC1;
  39              		.loc 1 60 0
  40 0004 1648     		ldr	r0, .L7
  41 0006 174B     		ldr	r3, .L7+4
  42 0008 0360     		str	r3, [r0]
  61:Src/adc.c     ****   hadc1.Init.ClockPrescaler = ADC_CLOCK_SYNC_PCLK_DIV4;
  43              		.loc 1 61 0
  44 000a 4FF48033 		mov	r3, #65536
  45 000e 4360     		str	r3, [r0, #4]
  62:Src/adc.c     ****   hadc1.Init.Resolution = ADC_RESOLUTION_12B;
  46              		.loc 1 62 0
  47 0010 0023     		movs	r3, #0
  48 0012 8360     		str	r3, [r0, #8]
  63:Src/adc.c     ****   hadc1.Init.ScanConvMode = ENABLE;
  49              		.loc 1 63 0
  50 0014 0122     		movs	r2, #1
  51 0016 0261     		str	r2, [r0, #16]
  64:Src/adc.c     ****   hadc1.Init.ContinuousConvMode = ENABLE;
ARM GAS  C:\Users\kotaro\AppData\Local\Temp\ccosbLV7.s 			page 3


  52              		.loc 1 64 0
  53 0018 8261     		str	r2, [r0, #24]
  65:Src/adc.c     ****   hadc1.Init.DiscontinuousConvMode = DISABLE;
  54              		.loc 1 65 0
  55 001a 0362     		str	r3, [r0, #32]
  66:Src/adc.c     ****   hadc1.Init.ExternalTrigConvEdge = ADC_EXTERNALTRIGCONVEDGE_NONE;
  56              		.loc 1 66 0
  57 001c C362     		str	r3, [r0, #44]
  67:Src/adc.c     ****   hadc1.Init.ExternalTrigConv = ADC_SOFTWARE_START;
  58              		.loc 1 67 0
  59 001e 1249     		ldr	r1, .L7+8
  60 0020 8162     		str	r1, [r0, #40]
  68:Src/adc.c     ****   hadc1.Init.DataAlign = ADC_DATAALIGN_RIGHT;
  61              		.loc 1 68 0
  62 0022 C360     		str	r3, [r0, #12]
  69:Src/adc.c     ****   hadc1.Init.NbrOfConversion = 1;
  63              		.loc 1 69 0
  64 0024 C261     		str	r2, [r0, #28]
  70:Src/adc.c     ****   hadc1.Init.DMAContinuousRequests = DISABLE;
  65              		.loc 1 70 0
  66 0026 0363     		str	r3, [r0, #48]
  71:Src/adc.c     ****   hadc1.Init.EOCSelection = ADC_EOC_SINGLE_CONV;
  67              		.loc 1 71 0
  68 0028 4261     		str	r2, [r0, #20]
  72:Src/adc.c     ****   if (HAL_ADC_Init(&hadc1) != HAL_OK)
  69              		.loc 1 72 0
  70 002a FFF7FEFF 		bl	HAL_ADC_Init
  71              	.LVL0:
  72 002e 68B9     		cbnz	r0, .L5
  73              	.L2:
  73:Src/adc.c     ****   {
  74:Src/adc.c     ****     _Error_Handler(__FILE__, __LINE__);
  75:Src/adc.c     ****   }
  76:Src/adc.c     **** 
  77:Src/adc.c     ****     /**Configure for the selected ADC regular channel its corresponding rank in the sequencer and i
  78:Src/adc.c     ****     */
  79:Src/adc.c     ****   sConfig.Channel = ADC_CHANNEL_0;
  74              		.loc 1 79 0
  75 0030 0023     		movs	r3, #0
  76 0032 0093     		str	r3, [sp]
  80:Src/adc.c     ****   sConfig.Rank = 1;
  77              		.loc 1 80 0
  78 0034 0123     		movs	r3, #1
  79 0036 0193     		str	r3, [sp, #4]
  81:Src/adc.c     ****   sConfig.SamplingTime = ADC_SAMPLETIME_56CYCLES;
  80              		.loc 1 81 0
  81 0038 0323     		movs	r3, #3
  82 003a 0293     		str	r3, [sp, #8]
  82:Src/adc.c     ****   if (HAL_ADC_ConfigChannel(&hadc1, &sConfig) != HAL_OK)
  83              		.loc 1 82 0
  84 003c 6946     		mov	r1, sp
  85 003e 0848     		ldr	r0, .L7
  86 0040 FFF7FEFF 		bl	HAL_ADC_ConfigChannel
  87              	.LVL1:
  88 0044 38B9     		cbnz	r0, .L6
  89              	.L1:
  83:Src/adc.c     ****   {
ARM GAS  C:\Users\kotaro\AppData\Local\Temp\ccosbLV7.s 			page 4


  84:Src/adc.c     ****     _Error_Handler(__FILE__, __LINE__);
  85:Src/adc.c     ****   }
  86:Src/adc.c     **** 
  87:Src/adc.c     **** }
  90              		.loc 1 87 0
  91 0046 05B0     		add	sp, sp, #20
  92              	.LCFI2:
  93              		.cfi_remember_state
  94              		.cfi_def_cfa_offset 4
  95              		@ sp needed
  96 0048 5DF804FB 		ldr	pc, [sp], #4
  97              	.L5:
  98              	.LCFI3:
  99              		.cfi_restore_state
  74:Src/adc.c     ****   }
 100              		.loc 1 74 0
 101 004c 4A21     		movs	r1, #74
 102 004e 0748     		ldr	r0, .L7+12
 103 0050 FFF7FEFF 		bl	_Error_Handler
 104              	.LVL2:
 105 0054 ECE7     		b	.L2
 106              	.L6:
  84:Src/adc.c     ****   }
 107              		.loc 1 84 0
 108 0056 5421     		movs	r1, #84
 109 0058 0448     		ldr	r0, .L7+12
 110 005a FFF7FEFF 		bl	_Error_Handler
 111              	.LVL3:
 112              		.loc 1 87 0
 113 005e F2E7     		b	.L1
 114              	.L8:
 115              		.align	2
 116              	.L7:
 117 0060 00000000 		.word	hadc1
 118 0064 00200140 		.word	1073815552
 119 0068 0100000F 		.word	251658241
 120 006c 00000000 		.word	.LC3
 121              		.cfi_endproc
 122              	.LFE126:
 124              		.section	.text.MX_ADC2_Init,"ax",%progbits
 125              		.align	1
 126              		.global	MX_ADC2_Init
 127              		.syntax unified
 128              		.thumb
 129              		.thumb_func
 130              		.fpu fpv4-sp-d16
 132              	MX_ADC2_Init:
 133              	.LFB127:
  88:Src/adc.c     **** /* ADC2 init function */
  89:Src/adc.c     **** void MX_ADC2_Init(void)
  90:Src/adc.c     **** {
 134              		.loc 1 90 0
 135              		.cfi_startproc
 136              		@ args = 0, pretend = 0, frame = 16
 137              		@ frame_needed = 0, uses_anonymous_args = 0
 138 0000 00B5     		push	{lr}
 139              	.LCFI4:
ARM GAS  C:\Users\kotaro\AppData\Local\Temp\ccosbLV7.s 			page 5


 140              		.cfi_def_cfa_offset 4
 141              		.cfi_offset 14, -4
 142 0002 85B0     		sub	sp, sp, #20
 143              	.LCFI5:
 144              		.cfi_def_cfa_offset 24
  91:Src/adc.c     ****   ADC_ChannelConfTypeDef sConfig;
  92:Src/adc.c     **** 
  93:Src/adc.c     ****     /**Configure the global features of the ADC (Clock, Resolution, Data Alignment and number of co
  94:Src/adc.c     ****     */
  95:Src/adc.c     ****   hadc2.Instance = ADC2;
 145              		.loc 1 95 0
 146 0004 1648     		ldr	r0, .L15
 147 0006 174B     		ldr	r3, .L15+4
 148 0008 0360     		str	r3, [r0]
  96:Src/adc.c     ****   hadc2.Init.ClockPrescaler = ADC_CLOCK_SYNC_PCLK_DIV4;
 149              		.loc 1 96 0
 150 000a 4FF48033 		mov	r3, #65536
 151 000e 4360     		str	r3, [r0, #4]
  97:Src/adc.c     ****   hadc2.Init.Resolution = ADC_RESOLUTION_12B;
 152              		.loc 1 97 0
 153 0010 0023     		movs	r3, #0
 154 0012 8360     		str	r3, [r0, #8]
  98:Src/adc.c     ****   hadc2.Init.ScanConvMode = ENABLE;
 155              		.loc 1 98 0
 156 0014 0122     		movs	r2, #1
 157 0016 0261     		str	r2, [r0, #16]
  99:Src/adc.c     ****   hadc2.Init.ContinuousConvMode = ENABLE;
 158              		.loc 1 99 0
 159 0018 8261     		str	r2, [r0, #24]
 100:Src/adc.c     ****   hadc2.Init.DiscontinuousConvMode = DISABLE;
 160              		.loc 1 100 0
 161 001a 0362     		str	r3, [r0, #32]
 101:Src/adc.c     ****   hadc2.Init.ExternalTrigConvEdge = ADC_EXTERNALTRIGCONVEDGE_NONE;
 162              		.loc 1 101 0
 163 001c C362     		str	r3, [r0, #44]
 102:Src/adc.c     ****   hadc2.Init.ExternalTrigConv = ADC_SOFTWARE_START;
 164              		.loc 1 102 0
 165 001e 1249     		ldr	r1, .L15+8
 166 0020 8162     		str	r1, [r0, #40]
 103:Src/adc.c     ****   hadc2.Init.DataAlign = ADC_DATAALIGN_RIGHT;
 167              		.loc 1 103 0
 168 0022 C360     		str	r3, [r0, #12]
 104:Src/adc.c     ****   hadc2.Init.NbrOfConversion = 1;
 169              		.loc 1 104 0
 170 0024 C261     		str	r2, [r0, #28]
 105:Src/adc.c     ****   hadc2.Init.DMAContinuousRequests = DISABLE;
 171              		.loc 1 105 0
 172 0026 0363     		str	r3, [r0, #48]
 106:Src/adc.c     ****   hadc2.Init.EOCSelection = ADC_EOC_SINGLE_CONV;
 173              		.loc 1 106 0
 174 0028 4261     		str	r2, [r0, #20]
 107:Src/adc.c     ****   if (HAL_ADC_Init(&hadc2) != HAL_OK)
 175              		.loc 1 107 0
 176 002a FFF7FEFF 		bl	HAL_ADC_Init
 177              	.LVL4:
 178 002e 68B9     		cbnz	r0, .L13
 179              	.L10:
ARM GAS  C:\Users\kotaro\AppData\Local\Temp\ccosbLV7.s 			page 6


 108:Src/adc.c     ****   {
 109:Src/adc.c     ****     _Error_Handler(__FILE__, __LINE__);
 110:Src/adc.c     ****   }
 111:Src/adc.c     **** 
 112:Src/adc.c     ****     /**Configure for the selected ADC regular channel its corresponding rank in the sequencer and i
 113:Src/adc.c     ****     */
 114:Src/adc.c     ****   sConfig.Channel = ADC_CHANNEL_4;
 180              		.loc 1 114 0
 181 0030 0423     		movs	r3, #4
 182 0032 0093     		str	r3, [sp]
 115:Src/adc.c     ****   sConfig.Rank = 1;
 183              		.loc 1 115 0
 184 0034 0123     		movs	r3, #1
 185 0036 0193     		str	r3, [sp, #4]
 116:Src/adc.c     ****   sConfig.SamplingTime = ADC_SAMPLETIME_56CYCLES;
 186              		.loc 1 116 0
 187 0038 0323     		movs	r3, #3
 188 003a 0293     		str	r3, [sp, #8]
 117:Src/adc.c     ****   if (HAL_ADC_ConfigChannel(&hadc2, &sConfig) != HAL_OK)
 189              		.loc 1 117 0
 190 003c 6946     		mov	r1, sp
 191 003e 0848     		ldr	r0, .L15
 192 0040 FFF7FEFF 		bl	HAL_ADC_ConfigChannel
 193              	.LVL5:
 194 0044 38B9     		cbnz	r0, .L14
 195              	.L9:
 118:Src/adc.c     ****   {
 119:Src/adc.c     ****     _Error_Handler(__FILE__, __LINE__);
 120:Src/adc.c     ****   }
 121:Src/adc.c     **** 
 122:Src/adc.c     **** }
 196              		.loc 1 122 0
 197 0046 05B0     		add	sp, sp, #20
 198              	.LCFI6:
 199              		.cfi_remember_state
 200              		.cfi_def_cfa_offset 4
 201              		@ sp needed
 202 0048 5DF804FB 		ldr	pc, [sp], #4
 203              	.L13:
 204              	.LCFI7:
 205              		.cfi_restore_state
 109:Src/adc.c     ****   }
 206              		.loc 1 109 0
 207 004c 6D21     		movs	r1, #109
 208 004e 0748     		ldr	r0, .L15+12
 209 0050 FFF7FEFF 		bl	_Error_Handler
 210              	.LVL6:
 211 0054 ECE7     		b	.L10
 212              	.L14:
 119:Src/adc.c     ****   }
 213              		.loc 1 119 0
 214 0056 7721     		movs	r1, #119
 215 0058 0448     		ldr	r0, .L15+12
 216 005a FFF7FEFF 		bl	_Error_Handler
 217              	.LVL7:
 218              		.loc 1 122 0
 219 005e F2E7     		b	.L9
ARM GAS  C:\Users\kotaro\AppData\Local\Temp\ccosbLV7.s 			page 7


 220              	.L16:
 221              		.align	2
 222              	.L15:
 223 0060 00000000 		.word	hadc2
 224 0064 00210140 		.word	1073815808
 225 0068 0100000F 		.word	251658241
 226 006c 00000000 		.word	.LC3
 227              		.cfi_endproc
 228              	.LFE127:
 230              		.section	.text.MX_ADC3_Init,"ax",%progbits
 231              		.align	1
 232              		.global	MX_ADC3_Init
 233              		.syntax unified
 234              		.thumb
 235              		.thumb_func
 236              		.fpu fpv4-sp-d16
 238              	MX_ADC3_Init:
 239              	.LFB128:
 123:Src/adc.c     **** /* ADC3 init function */
 124:Src/adc.c     **** void MX_ADC3_Init(void)
 125:Src/adc.c     **** {
 240              		.loc 1 125 0
 241              		.cfi_startproc
 242              		@ args = 0, pretend = 0, frame = 16
 243              		@ frame_needed = 0, uses_anonymous_args = 0
 244 0000 00B5     		push	{lr}
 245              	.LCFI8:
 246              		.cfi_def_cfa_offset 4
 247              		.cfi_offset 14, -4
 248 0002 85B0     		sub	sp, sp, #20
 249              	.LCFI9:
 250              		.cfi_def_cfa_offset 24
 126:Src/adc.c     ****   ADC_ChannelConfTypeDef sConfig;
 127:Src/adc.c     **** 
 128:Src/adc.c     ****     /**Configure the global features of the ADC (Clock, Resolution, Data Alignment and number of co
 129:Src/adc.c     ****     */
 130:Src/adc.c     ****   hadc3.Instance = ADC3;
 251              		.loc 1 130 0
 252 0004 1648     		ldr	r0, .L23
 253 0006 174B     		ldr	r3, .L23+4
 254 0008 0360     		str	r3, [r0]
 131:Src/adc.c     ****   hadc3.Init.ClockPrescaler = ADC_CLOCK_SYNC_PCLK_DIV4;
 255              		.loc 1 131 0
 256 000a 4FF48033 		mov	r3, #65536
 257 000e 4360     		str	r3, [r0, #4]
 132:Src/adc.c     ****   hadc3.Init.Resolution = ADC_RESOLUTION_12B;
 258              		.loc 1 132 0
 259 0010 0023     		movs	r3, #0
 260 0012 8360     		str	r3, [r0, #8]
 133:Src/adc.c     ****   hadc3.Init.ScanConvMode = ENABLE;
 261              		.loc 1 133 0
 262 0014 0122     		movs	r2, #1
 263 0016 0261     		str	r2, [r0, #16]
 134:Src/adc.c     ****   hadc3.Init.ContinuousConvMode = ENABLE;
 264              		.loc 1 134 0
 265 0018 8261     		str	r2, [r0, #24]
 135:Src/adc.c     ****   hadc3.Init.DiscontinuousConvMode = DISABLE;
ARM GAS  C:\Users\kotaro\AppData\Local\Temp\ccosbLV7.s 			page 8


 266              		.loc 1 135 0
 267 001a 0362     		str	r3, [r0, #32]
 136:Src/adc.c     ****   hadc3.Init.ExternalTrigConvEdge = ADC_EXTERNALTRIGCONVEDGE_NONE;
 268              		.loc 1 136 0
 269 001c C362     		str	r3, [r0, #44]
 137:Src/adc.c     ****   hadc3.Init.ExternalTrigConv = ADC_SOFTWARE_START;
 270              		.loc 1 137 0
 271 001e 1249     		ldr	r1, .L23+8
 272 0020 8162     		str	r1, [r0, #40]
 138:Src/adc.c     ****   hadc3.Init.DataAlign = ADC_DATAALIGN_RIGHT;
 273              		.loc 1 138 0
 274 0022 C360     		str	r3, [r0, #12]
 139:Src/adc.c     ****   hadc3.Init.NbrOfConversion = 1;
 275              		.loc 1 139 0
 276 0024 C261     		str	r2, [r0, #28]
 140:Src/adc.c     ****   hadc3.Init.DMAContinuousRequests = DISABLE;
 277              		.loc 1 140 0
 278 0026 0363     		str	r3, [r0, #48]
 141:Src/adc.c     ****   hadc3.Init.EOCSelection = ADC_EOC_SINGLE_CONV;
 279              		.loc 1 141 0
 280 0028 4261     		str	r2, [r0, #20]
 142:Src/adc.c     ****   if (HAL_ADC_Init(&hadc3) != HAL_OK)
 281              		.loc 1 142 0
 282 002a FFF7FEFF 		bl	HAL_ADC_Init
 283              	.LVL8:
 284 002e 68B9     		cbnz	r0, .L21
 285              	.L18:
 143:Src/adc.c     ****   {
 144:Src/adc.c     ****     _Error_Handler(__FILE__, __LINE__);
 145:Src/adc.c     ****   }
 146:Src/adc.c     **** 
 147:Src/adc.c     ****     /**Configure for the selected ADC regular channel its corresponding rank in the sequencer and i
 148:Src/adc.c     ****     */
 149:Src/adc.c     ****   sConfig.Channel = ADC_CHANNEL_10;
 286              		.loc 1 149 0
 287 0030 0A23     		movs	r3, #10
 288 0032 0093     		str	r3, [sp]
 150:Src/adc.c     ****   sConfig.Rank = 1;
 289              		.loc 1 150 0
 290 0034 0123     		movs	r3, #1
 291 0036 0193     		str	r3, [sp, #4]
 151:Src/adc.c     ****   sConfig.SamplingTime = ADC_SAMPLETIME_56CYCLES;
 292              		.loc 1 151 0
 293 0038 0323     		movs	r3, #3
 294 003a 0293     		str	r3, [sp, #8]
 152:Src/adc.c     ****   if (HAL_ADC_ConfigChannel(&hadc3, &sConfig) != HAL_OK)
 295              		.loc 1 152 0
 296 003c 6946     		mov	r1, sp
 297 003e 0848     		ldr	r0, .L23
 298 0040 FFF7FEFF 		bl	HAL_ADC_ConfigChannel
 299              	.LVL9:
 300 0044 38B9     		cbnz	r0, .L22
 301              	.L17:
 153:Src/adc.c     ****   {
 154:Src/adc.c     ****     _Error_Handler(__FILE__, __LINE__);
 155:Src/adc.c     ****   }
 156:Src/adc.c     **** 
ARM GAS  C:\Users\kotaro\AppData\Local\Temp\ccosbLV7.s 			page 9


 157:Src/adc.c     **** }
 302              		.loc 1 157 0
 303 0046 05B0     		add	sp, sp, #20
 304              	.LCFI10:
 305              		.cfi_remember_state
 306              		.cfi_def_cfa_offset 4
 307              		@ sp needed
 308 0048 5DF804FB 		ldr	pc, [sp], #4
 309              	.L21:
 310              	.LCFI11:
 311              		.cfi_restore_state
 144:Src/adc.c     ****   }
 312              		.loc 1 144 0
 313 004c 9021     		movs	r1, #144
 314 004e 0748     		ldr	r0, .L23+12
 315 0050 FFF7FEFF 		bl	_Error_Handler
 316              	.LVL10:
 317 0054 ECE7     		b	.L18
 318              	.L22:
 154:Src/adc.c     ****   }
 319              		.loc 1 154 0
 320 0056 9A21     		movs	r1, #154
 321 0058 0448     		ldr	r0, .L23+12
 322 005a FFF7FEFF 		bl	_Error_Handler
 323              	.LVL11:
 324              		.loc 1 157 0
 325 005e F2E7     		b	.L17
 326              	.L24:
 327              		.align	2
 328              	.L23:
 329 0060 00000000 		.word	hadc3
 330 0064 00220140 		.word	1073816064
 331 0068 0100000F 		.word	251658241
 332 006c 00000000 		.word	.LC3
 333              		.cfi_endproc
 334              	.LFE128:
 336              		.section	.text.HAL_ADC_MspInit,"ax",%progbits
 337              		.align	1
 338              		.global	HAL_ADC_MspInit
 339              		.syntax unified
 340              		.thumb
 341              		.thumb_func
 342              		.fpu fpv4-sp-d16
 344              	HAL_ADC_MspInit:
 345              	.LFB129:
 158:Src/adc.c     **** 
 159:Src/adc.c     **** void HAL_ADC_MspInit(ADC_HandleTypeDef* adcHandle)
 160:Src/adc.c     **** {
 346              		.loc 1 160 0
 347              		.cfi_startproc
 348              		@ args = 0, pretend = 0, frame = 32
 349              		@ frame_needed = 0, uses_anonymous_args = 0
 350              	.LVL12:
 351 0000 00B5     		push	{lr}
 352              	.LCFI12:
 353              		.cfi_def_cfa_offset 4
 354              		.cfi_offset 14, -4
ARM GAS  C:\Users\kotaro\AppData\Local\Temp\ccosbLV7.s 			page 10


 355 0002 89B0     		sub	sp, sp, #36
 356              	.LCFI13:
 357              		.cfi_def_cfa_offset 40
 161:Src/adc.c     **** 
 162:Src/adc.c     ****   GPIO_InitTypeDef GPIO_InitStruct;
 163:Src/adc.c     ****   if(adcHandle->Instance==ADC1)
 358              		.loc 1 163 0
 359 0004 0368     		ldr	r3, [r0]
 360 0006 274A     		ldr	r2, .L33
 361 0008 9342     		cmp	r3, r2
 362 000a 08D0     		beq	.L30
 164:Src/adc.c     ****   {
 165:Src/adc.c     ****   /* USER CODE BEGIN ADC1_MspInit 0 */
 166:Src/adc.c     **** 
 167:Src/adc.c     ****   /* USER CODE END ADC1_MspInit 0 */
 168:Src/adc.c     ****     /* ADC1 clock enable */
 169:Src/adc.c     ****     __HAL_RCC_ADC1_CLK_ENABLE();
 170:Src/adc.c     ****   
 171:Src/adc.c     ****     /**ADC1 GPIO Configuration    
 172:Src/adc.c     ****     PA0-WKUP     ------> ADC1_IN0
 173:Src/adc.c     ****     PA1     ------> ADC1_IN1
 174:Src/adc.c     ****     PA2     ------> ADC1_IN2
 175:Src/adc.c     ****     PA3     ------> ADC1_IN3 
 176:Src/adc.c     ****     */
 177:Src/adc.c     ****     GPIO_InitStruct.Pin = GPIO_PIN_0|GPIO_PIN_1|GPIO_PIN_2|GPIO_PIN_3;
 178:Src/adc.c     ****     GPIO_InitStruct.Mode = GPIO_MODE_ANALOG;
 179:Src/adc.c     ****     GPIO_InitStruct.Pull = GPIO_NOPULL;
 180:Src/adc.c     ****     HAL_GPIO_Init(GPIOA, &GPIO_InitStruct);
 181:Src/adc.c     **** 
 182:Src/adc.c     ****   /* USER CODE BEGIN ADC1_MspInit 1 */
 183:Src/adc.c     **** 
 184:Src/adc.c     ****   /* USER CODE END ADC1_MspInit 1 */
 185:Src/adc.c     ****   }
 186:Src/adc.c     ****   else if(adcHandle->Instance==ADC2)
 363              		.loc 1 186 0
 364 000c 264A     		ldr	r2, .L33+4
 365 000e 9342     		cmp	r3, r2
 366 0010 1BD0     		beq	.L31
 187:Src/adc.c     ****   {
 188:Src/adc.c     ****   /* USER CODE BEGIN ADC2_MspInit 0 */
 189:Src/adc.c     **** 
 190:Src/adc.c     ****   /* USER CODE END ADC2_MspInit 0 */
 191:Src/adc.c     ****     /* ADC2 clock enable */
 192:Src/adc.c     ****     __HAL_RCC_ADC2_CLK_ENABLE();
 193:Src/adc.c     ****   
 194:Src/adc.c     ****     /**ADC2 GPIO Configuration    
 195:Src/adc.c     ****     PA4     ------> ADC2_IN4
 196:Src/adc.c     ****     PA5     ------> ADC2_IN5
 197:Src/adc.c     ****     PA6     ------> ADC2_IN6
 198:Src/adc.c     ****     PA7     ------> ADC2_IN7 
 199:Src/adc.c     ****     */
 200:Src/adc.c     ****     GPIO_InitStruct.Pin = GPIO_PIN_4|GPIO_PIN_5|GPIO_PIN_6|GPIO_PIN_7;
 201:Src/adc.c     ****     GPIO_InitStruct.Mode = GPIO_MODE_ANALOG;
 202:Src/adc.c     ****     GPIO_InitStruct.Pull = GPIO_NOPULL;
 203:Src/adc.c     ****     HAL_GPIO_Init(GPIOA, &GPIO_InitStruct);
 204:Src/adc.c     **** 
 205:Src/adc.c     ****   /* USER CODE BEGIN ADC2_MspInit 1 */
ARM GAS  C:\Users\kotaro\AppData\Local\Temp\ccosbLV7.s 			page 11


 206:Src/adc.c     **** 
 207:Src/adc.c     ****   /* USER CODE END ADC2_MspInit 1 */
 208:Src/adc.c     ****   }
 209:Src/adc.c     ****   else if(adcHandle->Instance==ADC3)
 367              		.loc 1 209 0
 368 0012 264A     		ldr	r2, .L33+8
 369 0014 9342     		cmp	r3, r2
 370 0016 2ED0     		beq	.L32
 371              	.LVL13:
 372              	.L25:
 210:Src/adc.c     ****   {
 211:Src/adc.c     ****   /* USER CODE BEGIN ADC3_MspInit 0 */
 212:Src/adc.c     **** 
 213:Src/adc.c     ****   /* USER CODE END ADC3_MspInit 0 */
 214:Src/adc.c     ****     /* ADC3 clock enable */
 215:Src/adc.c     ****     __HAL_RCC_ADC3_CLK_ENABLE();
 216:Src/adc.c     ****   
 217:Src/adc.c     ****     /**ADC3 GPIO Configuration    
 218:Src/adc.c     ****     PC0     ------> ADC3_IN10
 219:Src/adc.c     ****     PC1     ------> ADC3_IN11
 220:Src/adc.c     ****     PC2     ------> ADC3_IN12
 221:Src/adc.c     ****     PC3     ------> ADC3_IN13 
 222:Src/adc.c     ****     */
 223:Src/adc.c     ****     GPIO_InitStruct.Pin = GPIO_PIN_0|GPIO_PIN_1|GPIO_PIN_2|GPIO_PIN_3;
 224:Src/adc.c     ****     GPIO_InitStruct.Mode = GPIO_MODE_ANALOG;
 225:Src/adc.c     ****     GPIO_InitStruct.Pull = GPIO_NOPULL;
 226:Src/adc.c     ****     HAL_GPIO_Init(GPIOC, &GPIO_InitStruct);
 227:Src/adc.c     **** 
 228:Src/adc.c     ****   /* USER CODE BEGIN ADC3_MspInit 1 */
 229:Src/adc.c     **** 
 230:Src/adc.c     ****   /* USER CODE END ADC3_MspInit 1 */
 231:Src/adc.c     ****   }
 232:Src/adc.c     **** }
 373              		.loc 1 232 0
 374 0018 09B0     		add	sp, sp, #36
 375              	.LCFI14:
 376              		.cfi_remember_state
 377              		.cfi_def_cfa_offset 4
 378              		@ sp needed
 379 001a 5DF804FB 		ldr	pc, [sp], #4
 380              	.LVL14:
 381              	.L30:
 382              	.LCFI15:
 383              		.cfi_restore_state
 384              	.LBB2:
 169:Src/adc.c     ****   
 385              		.loc 1 169 0
 386 001e 0021     		movs	r1, #0
 387 0020 0091     		str	r1, [sp]
 388 0022 234B     		ldr	r3, .L33+12
 389 0024 5A6C     		ldr	r2, [r3, #68]
 390 0026 42F48072 		orr	r2, r2, #256
 391 002a 5A64     		str	r2, [r3, #68]
 392 002c 5B6C     		ldr	r3, [r3, #68]
 393 002e 03F48073 		and	r3, r3, #256
 394 0032 0093     		str	r3, [sp]
 395 0034 009B     		ldr	r3, [sp]
ARM GAS  C:\Users\kotaro\AppData\Local\Temp\ccosbLV7.s 			page 12


 396              	.LBE2:
 177:Src/adc.c     ****     GPIO_InitStruct.Mode = GPIO_MODE_ANALOG;
 397              		.loc 1 177 0
 398 0036 0F23     		movs	r3, #15
 399 0038 0393     		str	r3, [sp, #12]
 178:Src/adc.c     ****     GPIO_InitStruct.Pull = GPIO_NOPULL;
 400              		.loc 1 178 0
 401 003a 0323     		movs	r3, #3
 402 003c 0493     		str	r3, [sp, #16]
 179:Src/adc.c     ****     HAL_GPIO_Init(GPIOA, &GPIO_InitStruct);
 403              		.loc 1 179 0
 404 003e 0591     		str	r1, [sp, #20]
 180:Src/adc.c     **** 
 405              		.loc 1 180 0
 406 0040 03A9     		add	r1, sp, #12
 407 0042 1C48     		ldr	r0, .L33+16
 408              	.LVL15:
 409 0044 FFF7FEFF 		bl	HAL_GPIO_Init
 410              	.LVL16:
 411 0048 E6E7     		b	.L25
 412              	.LVL17:
 413              	.L31:
 414              	.LBB3:
 192:Src/adc.c     ****   
 415              		.loc 1 192 0
 416 004a 0021     		movs	r1, #0
 417 004c 0191     		str	r1, [sp, #4]
 418 004e 184B     		ldr	r3, .L33+12
 419 0050 5A6C     		ldr	r2, [r3, #68]
 420 0052 42F40072 		orr	r2, r2, #512
 421 0056 5A64     		str	r2, [r3, #68]
 422 0058 5B6C     		ldr	r3, [r3, #68]
 423 005a 03F40073 		and	r3, r3, #512
 424 005e 0193     		str	r3, [sp, #4]
 425 0060 019B     		ldr	r3, [sp, #4]
 426              	.LBE3:
 200:Src/adc.c     ****     GPIO_InitStruct.Mode = GPIO_MODE_ANALOG;
 427              		.loc 1 200 0
 428 0062 F023     		movs	r3, #240
 429 0064 0393     		str	r3, [sp, #12]
 201:Src/adc.c     ****     GPIO_InitStruct.Pull = GPIO_NOPULL;
 430              		.loc 1 201 0
 431 0066 0323     		movs	r3, #3
 432 0068 0493     		str	r3, [sp, #16]
 202:Src/adc.c     ****     HAL_GPIO_Init(GPIOA, &GPIO_InitStruct);
 433              		.loc 1 202 0
 434 006a 0591     		str	r1, [sp, #20]
 203:Src/adc.c     **** 
 435              		.loc 1 203 0
 436 006c 03A9     		add	r1, sp, #12
 437 006e 1148     		ldr	r0, .L33+16
 438              	.LVL18:
 439 0070 FFF7FEFF 		bl	HAL_GPIO_Init
 440              	.LVL19:
 441 0074 D0E7     		b	.L25
 442              	.LVL20:
 443              	.L32:
ARM GAS  C:\Users\kotaro\AppData\Local\Temp\ccosbLV7.s 			page 13


 444              	.LBB4:
 215:Src/adc.c     ****   
 445              		.loc 1 215 0
 446 0076 0021     		movs	r1, #0
 447 0078 0291     		str	r1, [sp, #8]
 448 007a 0D4B     		ldr	r3, .L33+12
 449 007c 5A6C     		ldr	r2, [r3, #68]
 450 007e 42F48062 		orr	r2, r2, #1024
 451 0082 5A64     		str	r2, [r3, #68]
 452 0084 5B6C     		ldr	r3, [r3, #68]
 453 0086 03F48063 		and	r3, r3, #1024
 454 008a 0293     		str	r3, [sp, #8]
 455 008c 029B     		ldr	r3, [sp, #8]
 456              	.LBE4:
 223:Src/adc.c     ****     GPIO_InitStruct.Mode = GPIO_MODE_ANALOG;
 457              		.loc 1 223 0
 458 008e 0F23     		movs	r3, #15
 459 0090 0393     		str	r3, [sp, #12]
 224:Src/adc.c     ****     GPIO_InitStruct.Pull = GPIO_NOPULL;
 460              		.loc 1 224 0
 461 0092 0323     		movs	r3, #3
 462 0094 0493     		str	r3, [sp, #16]
 225:Src/adc.c     ****     HAL_GPIO_Init(GPIOC, &GPIO_InitStruct);
 463              		.loc 1 225 0
 464 0096 0591     		str	r1, [sp, #20]
 226:Src/adc.c     **** 
 465              		.loc 1 226 0
 466 0098 03A9     		add	r1, sp, #12
 467 009a 0748     		ldr	r0, .L33+20
 468              	.LVL21:
 469 009c FFF7FEFF 		bl	HAL_GPIO_Init
 470              	.LVL22:
 471              		.loc 1 232 0
 472 00a0 BAE7     		b	.L25
 473              	.L34:
 474 00a2 00BF     		.align	2
 475              	.L33:
 476 00a4 00200140 		.word	1073815552
 477 00a8 00210140 		.word	1073815808
 478 00ac 00220140 		.word	1073816064
 479 00b0 00380240 		.word	1073887232
 480 00b4 00000240 		.word	1073872896
 481 00b8 00080240 		.word	1073874944
 482              		.cfi_endproc
 483              	.LFE129:
 485              		.section	.text.HAL_ADC_MspDeInit,"ax",%progbits
 486              		.align	1
 487              		.global	HAL_ADC_MspDeInit
 488              		.syntax unified
 489              		.thumb
 490              		.thumb_func
 491              		.fpu fpv4-sp-d16
 493              	HAL_ADC_MspDeInit:
 494              	.LFB130:
 233:Src/adc.c     **** 
 234:Src/adc.c     **** void HAL_ADC_MspDeInit(ADC_HandleTypeDef* adcHandle)
 235:Src/adc.c     **** {
ARM GAS  C:\Users\kotaro\AppData\Local\Temp\ccosbLV7.s 			page 14


 495              		.loc 1 235 0
 496              		.cfi_startproc
 497              		@ args = 0, pretend = 0, frame = 0
 498              		@ frame_needed = 0, uses_anonymous_args = 0
 499              	.LVL23:
 500 0000 08B5     		push	{r3, lr}
 501              	.LCFI16:
 502              		.cfi_def_cfa_offset 8
 503              		.cfi_offset 3, -8
 504              		.cfi_offset 14, -4
 236:Src/adc.c     **** 
 237:Src/adc.c     ****   if(adcHandle->Instance==ADC1)
 505              		.loc 1 237 0
 506 0002 0368     		ldr	r3, [r0]
 507 0004 144A     		ldr	r2, .L43
 508 0006 9342     		cmp	r3, r2
 509 0008 06D0     		beq	.L40
 238:Src/adc.c     ****   {
 239:Src/adc.c     ****   /* USER CODE BEGIN ADC1_MspDeInit 0 */
 240:Src/adc.c     **** 
 241:Src/adc.c     ****   /* USER CODE END ADC1_MspDeInit 0 */
 242:Src/adc.c     ****     /* Peripheral clock disable */
 243:Src/adc.c     ****     __HAL_RCC_ADC1_CLK_DISABLE();
 244:Src/adc.c     ****   
 245:Src/adc.c     ****     /**ADC1 GPIO Configuration    
 246:Src/adc.c     ****     PA0-WKUP     ------> ADC1_IN0
 247:Src/adc.c     ****     PA1     ------> ADC1_IN1
 248:Src/adc.c     ****     PA2     ------> ADC1_IN2
 249:Src/adc.c     ****     PA3     ------> ADC1_IN3 
 250:Src/adc.c     ****     */
 251:Src/adc.c     ****     HAL_GPIO_DeInit(GPIOA, GPIO_PIN_0|GPIO_PIN_1|GPIO_PIN_2|GPIO_PIN_3);
 252:Src/adc.c     **** 
 253:Src/adc.c     ****   /* USER CODE BEGIN ADC1_MspDeInit 1 */
 254:Src/adc.c     **** 
 255:Src/adc.c     ****   /* USER CODE END ADC1_MspDeInit 1 */
 256:Src/adc.c     ****   }
 257:Src/adc.c     ****   else if(adcHandle->Instance==ADC2)
 510              		.loc 1 257 0
 511 000a 144A     		ldr	r2, .L43+4
 512 000c 9342     		cmp	r3, r2
 513 000e 0ED0     		beq	.L41
 258:Src/adc.c     ****   {
 259:Src/adc.c     ****   /* USER CODE BEGIN ADC2_MspDeInit 0 */
 260:Src/adc.c     **** 
 261:Src/adc.c     ****   /* USER CODE END ADC2_MspDeInit 0 */
 262:Src/adc.c     ****     /* Peripheral clock disable */
 263:Src/adc.c     ****     __HAL_RCC_ADC2_CLK_DISABLE();
 264:Src/adc.c     ****   
 265:Src/adc.c     ****     /**ADC2 GPIO Configuration    
 266:Src/adc.c     ****     PA4     ------> ADC2_IN4
 267:Src/adc.c     ****     PA5     ------> ADC2_IN5
 268:Src/adc.c     ****     PA6     ------> ADC2_IN6
 269:Src/adc.c     ****     PA7     ------> ADC2_IN7 
 270:Src/adc.c     ****     */
 271:Src/adc.c     ****     HAL_GPIO_DeInit(GPIOA, GPIO_PIN_4|GPIO_PIN_5|GPIO_PIN_6|GPIO_PIN_7);
 272:Src/adc.c     **** 
 273:Src/adc.c     ****   /* USER CODE BEGIN ADC2_MspDeInit 1 */
ARM GAS  C:\Users\kotaro\AppData\Local\Temp\ccosbLV7.s 			page 15


 274:Src/adc.c     **** 
 275:Src/adc.c     ****   /* USER CODE END ADC2_MspDeInit 1 */
 276:Src/adc.c     ****   }
 277:Src/adc.c     ****   else if(adcHandle->Instance==ADC3)
 514              		.loc 1 277 0
 515 0010 134A     		ldr	r2, .L43+8
 516 0012 9342     		cmp	r3, r2
 517 0014 15D0     		beq	.L42
 518              	.LVL24:
 519              	.L35:
 278:Src/adc.c     ****   {
 279:Src/adc.c     ****   /* USER CODE BEGIN ADC3_MspDeInit 0 */
 280:Src/adc.c     **** 
 281:Src/adc.c     ****   /* USER CODE END ADC3_MspDeInit 0 */
 282:Src/adc.c     ****     /* Peripheral clock disable */
 283:Src/adc.c     ****     __HAL_RCC_ADC3_CLK_DISABLE();
 284:Src/adc.c     ****   
 285:Src/adc.c     ****     /**ADC3 GPIO Configuration    
 286:Src/adc.c     ****     PC0     ------> ADC3_IN10
 287:Src/adc.c     ****     PC1     ------> ADC3_IN11
 288:Src/adc.c     ****     PC2     ------> ADC3_IN12
 289:Src/adc.c     ****     PC3     ------> ADC3_IN13 
 290:Src/adc.c     ****     */
 291:Src/adc.c     ****     HAL_GPIO_DeInit(GPIOC, GPIO_PIN_0|GPIO_PIN_1|GPIO_PIN_2|GPIO_PIN_3);
 292:Src/adc.c     **** 
 293:Src/adc.c     ****   /* USER CODE BEGIN ADC3_MspDeInit 1 */
 294:Src/adc.c     **** 
 295:Src/adc.c     ****   /* USER CODE END ADC3_MspDeInit 1 */
 296:Src/adc.c     ****   }
 297:Src/adc.c     **** } 
 520              		.loc 1 297 0
 521 0016 08BD     		pop	{r3, pc}
 522              	.LVL25:
 523              	.L40:
 243:Src/adc.c     ****   
 524              		.loc 1 243 0
 525 0018 02F58C32 		add	r2, r2, #71680
 526 001c 536C     		ldr	r3, [r2, #68]
 527 001e 23F48073 		bic	r3, r3, #256
 528 0022 5364     		str	r3, [r2, #68]
 251:Src/adc.c     **** 
 529              		.loc 1 251 0
 530 0024 0F21     		movs	r1, #15
 531 0026 0F48     		ldr	r0, .L43+12
 532              	.LVL26:
 533 0028 FFF7FEFF 		bl	HAL_GPIO_DeInit
 534              	.LVL27:
 535 002c F3E7     		b	.L35
 536              	.LVL28:
 537              	.L41:
 263:Src/adc.c     ****   
 538              		.loc 1 263 0
 539 002e 0E4A     		ldr	r2, .L43+16
 540 0030 536C     		ldr	r3, [r2, #68]
 541 0032 23F40073 		bic	r3, r3, #512
 542 0036 5364     		str	r3, [r2, #68]
 271:Src/adc.c     **** 
ARM GAS  C:\Users\kotaro\AppData\Local\Temp\ccosbLV7.s 			page 16


 543              		.loc 1 271 0
 544 0038 F021     		movs	r1, #240
 545 003a 0A48     		ldr	r0, .L43+12
 546              	.LVL29:
 547 003c FFF7FEFF 		bl	HAL_GPIO_DeInit
 548              	.LVL30:
 549 0040 E9E7     		b	.L35
 550              	.LVL31:
 551              	.L42:
 283:Src/adc.c     ****   
 552              		.loc 1 283 0
 553 0042 02F58B32 		add	r2, r2, #71168
 554 0046 536C     		ldr	r3, [r2, #68]
 555 0048 23F48063 		bic	r3, r3, #1024
 556 004c 5364     		str	r3, [r2, #68]
 291:Src/adc.c     **** 
 557              		.loc 1 291 0
 558 004e 0F21     		movs	r1, #15
 559 0050 0648     		ldr	r0, .L43+20
 560              	.LVL32:
 561 0052 FFF7FEFF 		bl	HAL_GPIO_DeInit
 562              	.LVL33:
 563              		.loc 1 297 0
 564 0056 DEE7     		b	.L35
 565              	.L44:
 566              		.align	2
 567              	.L43:
 568 0058 00200140 		.word	1073815552
 569 005c 00210140 		.word	1073815808
 570 0060 00220140 		.word	1073816064
 571 0064 00000240 		.word	1073872896
 572 0068 00380240 		.word	1073887232
 573 006c 00080240 		.word	1073874944
 574              		.cfi_endproc
 575              	.LFE130:
 577              		.section	.text.update_adc1_data,"ax",%progbits
 578              		.align	1
 579              		.global	update_adc1_data
 580              		.syntax unified
 581              		.thumb
 582              		.thumb_func
 583              		.fpu fpv4-sp-d16
 585              	update_adc1_data:
 586              	.LFB131:
 298:Src/adc.c     **** 
 299:Src/adc.c     **** /* USER CODE BEGIN 1 */
 300:Src/adc.c     **** 
 301:Src/adc.c     **** 
 302:Src/adc.c     **** ///////////////////////////////////////////////////////////////////////
 303:Src/adc.c     **** // set up ad converter 1
 304:Src/adc.c     **** // [argument] nothing
 305:Src/adc.c     **** // [Substitutiong] nothing
 306:Src/adc.c     **** // [return] nothing
 307:Src/adc.c     **** ///////////////////////////////////////////////////////////////////////
 308:Src/adc.c     **** void update_adc1_data( void ){
 587              		.loc 1 308 0
 588              		.cfi_startproc
ARM GAS  C:\Users\kotaro\AppData\Local\Temp\ccosbLV7.s 			page 17


 589              		@ args = 0, pretend = 0, frame = 32
 590              		@ frame_needed = 0, uses_anonymous_args = 0
 591 0000 30B5     		push	{r4, r5, lr}
 592              	.LCFI17:
 593              		.cfi_def_cfa_offset 12
 594              		.cfi_offset 4, -12
 595              		.cfi_offset 5, -8
 596              		.cfi_offset 14, -4
 597 0002 89B0     		sub	sp, sp, #36
 598              	.LCFI18:
 599              		.cfi_def_cfa_offset 48
 309:Src/adc.c     ****   uint32_t channels[4] = {ADC_CHANNEL_0,ADC_CHANNEL_1,ADC_CHANNEL_2,ADC_CHANNEL_3}; // channel set 
 600              		.loc 1 309 0
 601 0004 1A4B     		ldr	r3, .L52
 602 0006 0FCB     		ldm	r3, {r0, r1, r2, r3}
 603 0008 08AC     		add	r4, sp, #32
 604 000a 04E90F00 		stmdb	r4, {r0, r1, r2, r3}
 310:Src/adc.c     ****   //read object
 311:Src/adc.c     ****   ADC_ChannelConfTypeDef sConfig;
 312:Src/adc.c     ****   sConfig.Rank = 1;
 605              		.loc 1 312 0
 606 000e 0123     		movs	r3, #1
 607 0010 0193     		str	r3, [sp, #4]
 313:Src/adc.c     ****   sConfig.SamplingTime = ADC_SAMPLETIME_56CYCLES;
 608              		.loc 1 313 0
 609 0012 0323     		movs	r3, #3
 610 0014 0293     		str	r3, [sp, #8]
 611              	.LVL34:
 612              	.LBB5:
 314:Src/adc.c     ****   for(int i = 0; i < 4 ;i++ ){
 613              		.loc 1 314 0
 614 0016 0024     		movs	r4, #0
 615 0018 00E0     		b	.L46
 616              	.LVL35:
 617              	.L48:
 618              		.loc 1 314 0 is_stmt 0 discriminator 2
 619 001a 0134     		adds	r4, r4, #1
 620              	.LVL36:
 621              	.L46:
 622              		.loc 1 314 0 discriminator 1
 623 001c 032C     		cmp	r4, #3
 624 001e 25DC     		bgt	.L51
 315:Src/adc.c     ****     sConfig.Channel = channels[i];  // channel set
 625              		.loc 1 315 0 is_stmt 1
 626 0020 08AB     		add	r3, sp, #32
 627 0022 03EB8403 		add	r3, r3, r4, lsl #2
 628 0026 53F8103C 		ldr	r3, [r3, #-16]
 629 002a 08A9     		add	r1, sp, #32
 630 002c 41F8203D 		str	r3, [r1, #-32]!
 316:Src/adc.c     ****     HAL_ADC_ConfigChannel( &hadc1, &sConfig );  // setting store
 631              		.loc 1 316 0
 632 0030 104D     		ldr	r5, .L52+4
 633 0032 2846     		mov	r0, r5
 634 0034 FFF7FEFF 		bl	HAL_ADC_ConfigChannel
 635              	.LVL37:
 317:Src/adc.c     ****     HAL_ADC_Start( &hadc1 );     // ad convert start
 636              		.loc 1 317 0
ARM GAS  C:\Users\kotaro\AppData\Local\Temp\ccosbLV7.s 			page 18


 637 0038 2846     		mov	r0, r5
 638 003a FFF7FEFF 		bl	HAL_ADC_Start
 639              	.LVL38:
 640              	.L47:
 318:Src/adc.c     ****     while( HAL_ADC_PollForConversion( &hadc1,50 ) != HAL_OK );  // trans
 641              		.loc 1 318 0 discriminator 1
 642 003e 3221     		movs	r1, #50
 643 0040 0C48     		ldr	r0, .L52+4
 644 0042 FFF7FEFF 		bl	HAL_ADC_PollForConversion
 645              	.LVL39:
 646 0046 0028     		cmp	r0, #0
 647 0048 F9D1     		bne	.L47
 319:Src/adc.c     ****     front_sensor[4-i] = HAL_ADC_GetValue( &hadc1 );   // get value
 648              		.loc 1 319 0
 649 004a 0A48     		ldr	r0, .L52+4
 650 004c FFF7FEFF 		bl	HAL_ADC_GetValue
 651              	.LVL40:
 652 0050 C4F10403 		rsb	r3, r4, #4
 653 0054 80B2     		uxth	r0, r0
 654 0056 084A     		ldr	r2, .L52+8
 655 0058 22F81300 		strh	r0, [r2, r3, lsl #1]	@ movhi
 320:Src/adc.c     ****     if ( front_sensor[4-i] < 2000 ) front_sensor[4-i] = 2000;
 656              		.loc 1 320 0
 657 005c B0F5FA6F 		cmp	r0, #2000
 658 0060 DBD2     		bcs	.L48
 659              		.loc 1 320 0 is_stmt 0 discriminator 1
 660 0062 4FF4FA61 		mov	r1, #2000
 661 0066 22F81310 		strh	r1, [r2, r3, lsl #1]	@ movhi
 662 006a D6E7     		b	.L48
 663              	.L51:
 664              	.LBE5:
 321:Src/adc.c     ****   }
 322:Src/adc.c     **** }
 665              		.loc 1 322 0 is_stmt 1
 666 006c 09B0     		add	sp, sp, #36
 667              	.LCFI19:
 668              		.cfi_def_cfa_offset 12
 669              		@ sp needed
 670 006e 30BD     		pop	{r4, r5, pc}
 671              	.LVL41:
 672              	.L53:
 673              		.align	2
 674              	.L52:
 675 0070 00000000 		.word	.LANCHOR0
 676 0074 00000000 		.word	hadc1
 677 0078 00000000 		.word	front_sensor
 678              		.cfi_endproc
 679              	.LFE131:
 681              		.section	.text.update_adc2_data,"ax",%progbits
 682              		.align	1
 683              		.global	update_adc2_data
 684              		.syntax unified
 685              		.thumb
 686              		.thumb_func
 687              		.fpu fpv4-sp-d16
 689              	update_adc2_data:
 690              	.LFB132:
ARM GAS  C:\Users\kotaro\AppData\Local\Temp\ccosbLV7.s 			page 19


 323:Src/adc.c     **** 
 324:Src/adc.c     **** ///////////////////////////////////////////////////////////////////////
 325:Src/adc.c     **** // set up ad converter 2
 326:Src/adc.c     **** // [argument] nothing
 327:Src/adc.c     **** // [Substitutiong] nothing
 328:Src/adc.c     **** // [return] nothing
 329:Src/adc.c     **** ///////////////////////////////////////////////////////////////////////
 330:Src/adc.c     **** void update_adc2_data( void ){
 691              		.loc 1 330 0
 692              		.cfi_startproc
 693              		@ args = 0, pretend = 0, frame = 32
 694              		@ frame_needed = 0, uses_anonymous_args = 0
 695 0000 30B5     		push	{r4, r5, lr}
 696              	.LCFI20:
 697              		.cfi_def_cfa_offset 12
 698              		.cfi_offset 4, -12
 699              		.cfi_offset 5, -8
 700              		.cfi_offset 14, -4
 701 0002 89B0     		sub	sp, sp, #36
 702              	.LCFI21:
 703              		.cfi_def_cfa_offset 48
 331:Src/adc.c     ****   uint32_t channels[4] = {ADC_CHANNEL_4,ADC_CHANNEL_5,ADC_CHANNEL_6,ADC_CHANNEL_7};
 704              		.loc 1 331 0
 705 0004 214B     		ldr	r3, .L65
 706 0006 0FCB     		ldm	r3, {r0, r1, r2, r3}
 707 0008 08AC     		add	r4, sp, #32
 708 000a 04E90F00 		stmdb	r4, {r0, r1, r2, r3}
 332:Src/adc.c     ****   ADC_ChannelConfTypeDef sConfig;
 333:Src/adc.c     ****   sConfig.Rank = 1;
 709              		.loc 1 333 0
 710 000e 0123     		movs	r3, #1
 711 0010 0193     		str	r3, [sp, #4]
 334:Src/adc.c     ****   sConfig.SamplingTime = ADC_SAMPLETIME_56CYCLES;
 712              		.loc 1 334 0
 713 0012 0323     		movs	r3, #3
 714 0014 0293     		str	r3, [sp, #8]
 715              	.LVL42:
 716              	.LBB6:
 335:Src/adc.c     ****   for(int i = 0; i < 4 ;i++ ){
 717              		.loc 1 335 0
 718 0016 0024     		movs	r4, #0
 719 0018 0CE0     		b	.L55
 720              	.LVL43:
 721              	.L63:
 336:Src/adc.c     ****     sConfig.Channel = channels[i];
 337:Src/adc.c     ****     HAL_ADC_ConfigChannel( &hadc2, &sConfig );
 338:Src/adc.c     ****     HAL_ADC_Start( &hadc2 );
 339:Src/adc.c     ****     while( HAL_ADC_PollForConversion( &hadc2,50 ) != HAL_OK );
 340:Src/adc.c     ****     if( i == 0 ){
 341:Src/adc.c     ****       front_sensor[0] = HAL_ADC_GetValue( &hadc2 );
 722              		.loc 1 341 0
 723 001a 1D48     		ldr	r0, .L65+4
 724 001c FFF7FEFF 		bl	HAL_ADC_GetValue
 725              	.LVL44:
 726 0020 80B2     		uxth	r0, r0
 727 0022 1C4B     		ldr	r3, .L65+8
 728 0024 1880     		strh	r0, [r3]	@ movhi
ARM GAS  C:\Users\kotaro\AppData\Local\Temp\ccosbLV7.s 			page 20


 342:Src/adc.c     ****       if ( front_sensor[0] < 2000 ) front_sensor[0] = 2000;
 729              		.loc 1 342 0
 730 0026 B0F5FA6F 		cmp	r0, #2000
 731 002a 02D2     		bcs	.L58
 732              		.loc 1 342 0 is_stmt 0 discriminator 1
 733 002c 4FF4FA62 		mov	r2, #2000
 734 0030 1A80     		strh	r2, [r3]	@ movhi
 735              	.L58:
 335:Src/adc.c     ****   for(int i = 0; i < 4 ;i++ ){
 736              		.loc 1 335 0 is_stmt 1 discriminator 2
 737 0032 0134     		adds	r4, r4, #1
 738              	.LVL45:
 739              	.L55:
 335:Src/adc.c     ****   for(int i = 0; i < 4 ;i++ ){
 740              		.loc 1 335 0 is_stmt 0 discriminator 1
 741 0034 032C     		cmp	r4, #3
 742 0036 27DC     		bgt	.L62
 336:Src/adc.c     ****     sConfig.Channel = channels[i];
 743              		.loc 1 336 0 is_stmt 1
 744 0038 08AB     		add	r3, sp, #32
 745 003a 03EB8403 		add	r3, r3, r4, lsl #2
 746 003e 53F8103C 		ldr	r3, [r3, #-16]
 747 0042 08A9     		add	r1, sp, #32
 748 0044 41F8203D 		str	r3, [r1, #-32]!
 337:Src/adc.c     ****     HAL_ADC_Start( &hadc2 );
 749              		.loc 1 337 0
 750 0048 114D     		ldr	r5, .L65+4
 751 004a 2846     		mov	r0, r5
 752 004c FFF7FEFF 		bl	HAL_ADC_ConfigChannel
 753              	.LVL46:
 338:Src/adc.c     ****     while( HAL_ADC_PollForConversion( &hadc2,50 ) != HAL_OK );
 754              		.loc 1 338 0
 755 0050 2846     		mov	r0, r5
 756 0052 FFF7FEFF 		bl	HAL_ADC_Start
 757              	.LVL47:
 758              	.L56:
 339:Src/adc.c     ****     if( i == 0 ){
 759              		.loc 1 339 0 discriminator 1
 760 0056 3221     		movs	r1, #50
 761 0058 0D48     		ldr	r0, .L65+4
 762 005a FFF7FEFF 		bl	HAL_ADC_PollForConversion
 763              	.LVL48:
 764 005e 0028     		cmp	r0, #0
 765 0060 F9D1     		bne	.L56
 340:Src/adc.c     ****       front_sensor[0] = HAL_ADC_GetValue( &hadc2 );
 766              		.loc 1 340 0
 767 0062 002C     		cmp	r4, #0
 768 0064 D9D0     		beq	.L63
 343:Src/adc.c     ****     } else if( i == 1 || i == 2){
 769              		.loc 1 343 0
 770 0066 631E     		subs	r3, r4, #1
 771 0068 012B     		cmp	r3, #1
 772 006a 05D9     		bls	.L64
 344:Src/adc.c     ****       side_sensor[i-1] = HAL_ADC_GetValue( &hadc2 );
 345:Src/adc.c     ****     } else {
 346:Src/adc.c     ****       batt_analog = HAL_ADC_GetValue( &hadc2 );
 773              		.loc 1 346 0
ARM GAS  C:\Users\kotaro\AppData\Local\Temp\ccosbLV7.s 			page 21


 774 006c 0848     		ldr	r0, .L65+4
 775 006e FFF7FEFF 		bl	HAL_ADC_GetValue
 776              	.LVL49:
 777 0072 094B     		ldr	r3, .L65+12
 778 0074 1880     		strh	r0, [r3]	@ movhi
 779 0076 DCE7     		b	.L58
 780              	.L64:
 344:Src/adc.c     ****       side_sensor[i-1] = HAL_ADC_GetValue( &hadc2 );
 781              		.loc 1 344 0
 782 0078 0548     		ldr	r0, .L65+4
 783 007a FFF7FEFF 		bl	HAL_ADC_GetValue
 784              	.LVL50:
 785 007e 631E     		subs	r3, r4, #1
 786 0080 064A     		ldr	r2, .L65+16
 787 0082 22F81300 		strh	r0, [r2, r3, lsl #1]	@ movhi
 788 0086 D4E7     		b	.L58
 789              	.L62:
 790              	.LBE6:
 347:Src/adc.c     ****     }   
 348:Src/adc.c     ****   }
 349:Src/adc.c     **** }
 791              		.loc 1 349 0
 792 0088 09B0     		add	sp, sp, #36
 793              	.LCFI22:
 794              		.cfi_def_cfa_offset 12
 795              		@ sp needed
 796 008a 30BD     		pop	{r4, r5, pc}
 797              	.LVL51:
 798              	.L66:
 799              		.align	2
 800              	.L65:
 801 008c 10000000 		.word	.LANCHOR0+16
 802 0090 00000000 		.word	hadc2
 803 0094 00000000 		.word	front_sensor
 804 0098 00000000 		.word	batt_analog
 805 009c 00000000 		.word	side_sensor
 806              		.cfi_endproc
 807              	.LFE132:
 809              		.section	.text.update_adc3_data,"ax",%progbits
 810              		.align	1
 811              		.global	update_adc3_data
 812              		.syntax unified
 813              		.thumb
 814              		.thumb_func
 815              		.fpu fpv4-sp-d16
 817              	update_adc3_data:
 818              	.LFB133:
 350:Src/adc.c     **** 
 351:Src/adc.c     **** ///////////////////////////////////////////////////////////////////////
 352:Src/adc.c     **** // set up ad converter 3
 353:Src/adc.c     **** // [argument] nothing
 354:Src/adc.c     **** // [Substitutiong] nothing
 355:Src/adc.c     **** // [return] nothing
 356:Src/adc.c     **** ///////////////////////////////////////////////////////////////////////
 357:Src/adc.c     **** void update_adc3_data( void ){
 819              		.loc 1 357 0
 820              		.cfi_startproc
ARM GAS  C:\Users\kotaro\AppData\Local\Temp\ccosbLV7.s 			page 22


 821              		@ args = 0, pretend = 0, frame = 32
 822              		@ frame_needed = 0, uses_anonymous_args = 0
 823 0000 30B5     		push	{r4, r5, lr}
 824              	.LCFI23:
 825              		.cfi_def_cfa_offset 12
 826              		.cfi_offset 4, -12
 827              		.cfi_offset 5, -8
 828              		.cfi_offset 14, -4
 829 0002 89B0     		sub	sp, sp, #36
 830              	.LCFI24:
 831              		.cfi_def_cfa_offset 48
 358:Src/adc.c     ****   int32_t channels[4] = {ADC_CHANNEL_10,ADC_CHANNEL_11,ADC_CHANNEL_12,ADC_CHANNEL_13};
 832              		.loc 1 358 0
 833 0004 1A4B     		ldr	r3, .L74
 834 0006 0FCB     		ldm	r3, {r0, r1, r2, r3}
 835 0008 08AC     		add	r4, sp, #32
 836 000a 04E90F00 		stmdb	r4, {r0, r1, r2, r3}
 359:Src/adc.c     ****   ADC_ChannelConfTypeDef sConfig;
 360:Src/adc.c     ****   sConfig.Rank = 1;
 837              		.loc 1 360 0
 838 000e 0123     		movs	r3, #1
 839 0010 0193     		str	r3, [sp, #4]
 361:Src/adc.c     ****   sConfig.SamplingTime = ADC_SAMPLETIME_56CYCLES;
 840              		.loc 1 361 0
 841 0012 0323     		movs	r3, #3
 842 0014 0293     		str	r3, [sp, #8]
 843              	.LVL52:
 844              	.LBB7:
 362:Src/adc.c     ****   for(int i = 0; i < 4 ;i++ ){
 845              		.loc 1 362 0
 846 0016 0024     		movs	r4, #0
 847 0018 00E0     		b	.L68
 848              	.LVL53:
 849              	.L70:
 850              		.loc 1 362 0 is_stmt 0 discriminator 2
 851 001a 0134     		adds	r4, r4, #1
 852              	.LVL54:
 853              	.L68:
 854              		.loc 1 362 0 discriminator 1
 855 001c 032C     		cmp	r4, #3
 856 001e 25DC     		bgt	.L73
 363:Src/adc.c     ****     sConfig.Channel = channels[i];
 857              		.loc 1 363 0 is_stmt 1
 858 0020 08AB     		add	r3, sp, #32
 859 0022 03EB8403 		add	r3, r3, r4, lsl #2
 860 0026 53F8103C 		ldr	r3, [r3, #-16]
 861 002a 08A9     		add	r1, sp, #32
 862 002c 41F8203D 		str	r3, [r1, #-32]!
 364:Src/adc.c     ****     HAL_ADC_ConfigChannel( &hadc3, &sConfig );
 863              		.loc 1 364 0
 864 0030 104D     		ldr	r5, .L74+4
 865 0032 2846     		mov	r0, r5
 866 0034 FFF7FEFF 		bl	HAL_ADC_ConfigChannel
 867              	.LVL55:
 365:Src/adc.c     ****     HAL_ADC_Start( &hadc3 );
 868              		.loc 1 365 0
 869 0038 2846     		mov	r0, r5
ARM GAS  C:\Users\kotaro\AppData\Local\Temp\ccosbLV7.s 			page 23


 870 003a FFF7FEFF 		bl	HAL_ADC_Start
 871              	.LVL56:
 872              	.L69:
 366:Src/adc.c     ****     while( HAL_ADC_PollForConversion( &hadc3,50 ) != HAL_OK );
 873              		.loc 1 366 0 discriminator 1
 874 003e 3221     		movs	r1, #50
 875 0040 0C48     		ldr	r0, .L74+4
 876 0042 FFF7FEFF 		bl	HAL_ADC_PollForConversion
 877              	.LVL57:
 878 0046 0028     		cmp	r0, #0
 879 0048 F9D1     		bne	.L69
 367:Src/adc.c     ****     front_sensor[8-i] = HAL_ADC_GetValue( &hadc3 );
 880              		.loc 1 367 0
 881 004a 0A48     		ldr	r0, .L74+4
 882 004c FFF7FEFF 		bl	HAL_ADC_GetValue
 883              	.LVL58:
 884 0050 C4F10803 		rsb	r3, r4, #8
 885 0054 80B2     		uxth	r0, r0
 886 0056 084A     		ldr	r2, .L74+8
 887 0058 22F81300 		strh	r0, [r2, r3, lsl #1]	@ movhi
 368:Src/adc.c     ****     if ( front_sensor[8-i] < 2000 ) front_sensor[8-i] = 2000;      
 888              		.loc 1 368 0
 889 005c B0F5FA6F 		cmp	r0, #2000
 890 0060 DBD2     		bcs	.L70
 891              		.loc 1 368 0 is_stmt 0 discriminator 1
 892 0062 4FF4FA61 		mov	r1, #2000
 893 0066 22F81310 		strh	r1, [r2, r3, lsl #1]	@ movhi
 894 006a D6E7     		b	.L70
 895              	.L73:
 896              	.LBE7:
 369:Src/adc.c     ****   }
 370:Src/adc.c     **** }
 897              		.loc 1 370 0 is_stmt 1
 898 006c 09B0     		add	sp, sp, #36
 899              	.LCFI25:
 900              		.cfi_def_cfa_offset 12
 901              		@ sp needed
 902 006e 30BD     		pop	{r4, r5, pc}
 903              	.LVL59:
 904              	.L75:
 905              		.align	2
 906              	.L74:
 907 0070 20000000 		.word	.LANCHOR0+32
 908 0074 00000000 		.word	hadc3
 909 0078 00000000 		.word	front_sensor
 910              		.cfi_endproc
 911              	.LFE133:
 913              		.comm	hadc3,72,4
 914              		.comm	hadc2,72,4
 915              		.comm	hadc1,72,4
 916              		.comm	batt_analog,2,2
 917              		.comm	side_sensor,4,4
 918              		.comm	front_sensor,18,4
 919              		.section	.rodata
 920              		.align	2
 921              		.set	.LANCHOR0,. + 0
 922              	.LC0:
ARM GAS  C:\Users\kotaro\AppData\Local\Temp\ccosbLV7.s 			page 24


 923 0000 00000000 		.word	0
 924 0004 01000000 		.word	1
 925 0008 02000000 		.word	2
 926 000c 03000000 		.word	3
 927              	.LC1:
 928 0010 04000000 		.word	4
 929 0014 05000000 		.word	5
 930 0018 06000000 		.word	6
 931 001c 07000000 		.word	7
 932              	.LC2:
 933 0020 0A000000 		.word	10
 934 0024 0B000000 		.word	11
 935 0028 0C000000 		.word	12
 936 002c 0D000000 		.word	13
 937              		.section	.rodata.MX_ADC1_Init.str1.4,"aMS",%progbits,1
 938              		.align	2
 939              	.LC3:
 940 0000 5372632F 		.ascii	"Src/adc.c\000"
 940      6164632E 
 940      6300
 941              		.text
 942              	.Letext0:
 943              		.file 2 "c:\\program files (x86)\\gnu tools arm embedded\\7 2017-q4-major\\arm-none-eabi\\include\
 944              		.file 3 "c:\\program files (x86)\\gnu tools arm embedded\\7 2017-q4-major\\arm-none-eabi\\include\
 945              		.file 4 "Drivers/CMSIS/Include/core_cm4.h"
 946              		.file 5 "Drivers/CMSIS/Device/ST/STM32F4xx/Include/system_stm32f4xx.h"
 947              		.file 6 "Drivers/CMSIS/Device/ST/STM32F4xx/Include/stm32f405xx.h"
 948              		.file 7 "c:\\program files (x86)\\gnu tools arm embedded\\7 2017-q4-major\\arm-none-eabi\\include\
 949              		.file 8 "c:\\program files (x86)\\gnu tools arm embedded\\7 2017-q4-major\\arm-none-eabi\\include\
 950              		.file 9 "c:\\program files (x86)\\gnu tools arm embedded\\7 2017-q4-major\\lib\\gcc\\arm-none-eabi
 951              		.file 10 "c:\\program files (x86)\\gnu tools arm embedded\\7 2017-q4-major\\arm-none-eabi\\include
 952              		.file 11 "Drivers/CMSIS/Device/ST/STM32F4xx/Include/stm32f4xx.h"
 953              		.file 12 "Drivers/STM32F4xx_HAL_Driver/Inc/stm32f4xx_hal_def.h"
 954              		.file 13 "Drivers/STM32F4xx_HAL_Driver/Inc/stm32f4xx_hal_gpio.h"
 955              		.file 14 "Drivers/STM32F4xx_HAL_Driver/Inc/stm32f4xx_hal_dma.h"
 956              		.file 15 "Drivers/STM32F4xx_HAL_Driver/Inc/stm32f4xx_hal_adc.h"
 957              		.file 16 "Inc/adc.h"
ARM GAS  C:\Users\kotaro\AppData\Local\Temp\ccosbLV7.s 			page 25


DEFINED SYMBOLS
                            *ABS*:00000000 adc.c
C:\Users\kotaro\AppData\Local\Temp\ccosbLV7.s:18     .text.MX_ADC1_Init:00000000 $t
C:\Users\kotaro\AppData\Local\Temp\ccosbLV7.s:25     .text.MX_ADC1_Init:00000000 MX_ADC1_Init
C:\Users\kotaro\AppData\Local\Temp\ccosbLV7.s:117    .text.MX_ADC1_Init:00000060 $d
                            *COM*:00000048 hadc1
C:\Users\kotaro\AppData\Local\Temp\ccosbLV7.s:125    .text.MX_ADC2_Init:00000000 $t
C:\Users\kotaro\AppData\Local\Temp\ccosbLV7.s:132    .text.MX_ADC2_Init:00000000 MX_ADC2_Init
C:\Users\kotaro\AppData\Local\Temp\ccosbLV7.s:223    .text.MX_ADC2_Init:00000060 $d
                            *COM*:00000048 hadc2
C:\Users\kotaro\AppData\Local\Temp\ccosbLV7.s:231    .text.MX_ADC3_Init:00000000 $t
C:\Users\kotaro\AppData\Local\Temp\ccosbLV7.s:238    .text.MX_ADC3_Init:00000000 MX_ADC3_Init
C:\Users\kotaro\AppData\Local\Temp\ccosbLV7.s:329    .text.MX_ADC3_Init:00000060 $d
                            *COM*:00000048 hadc3
C:\Users\kotaro\AppData\Local\Temp\ccosbLV7.s:337    .text.HAL_ADC_MspInit:00000000 $t
C:\Users\kotaro\AppData\Local\Temp\ccosbLV7.s:344    .text.HAL_ADC_MspInit:00000000 HAL_ADC_MspInit
C:\Users\kotaro\AppData\Local\Temp\ccosbLV7.s:476    .text.HAL_ADC_MspInit:000000a4 $d
C:\Users\kotaro\AppData\Local\Temp\ccosbLV7.s:486    .text.HAL_ADC_MspDeInit:00000000 $t
C:\Users\kotaro\AppData\Local\Temp\ccosbLV7.s:493    .text.HAL_ADC_MspDeInit:00000000 HAL_ADC_MspDeInit
C:\Users\kotaro\AppData\Local\Temp\ccosbLV7.s:568    .text.HAL_ADC_MspDeInit:00000058 $d
C:\Users\kotaro\AppData\Local\Temp\ccosbLV7.s:578    .text.update_adc1_data:00000000 $t
C:\Users\kotaro\AppData\Local\Temp\ccosbLV7.s:585    .text.update_adc1_data:00000000 update_adc1_data
C:\Users\kotaro\AppData\Local\Temp\ccosbLV7.s:675    .text.update_adc1_data:00000070 $d
                            *COM*:00000012 front_sensor
C:\Users\kotaro\AppData\Local\Temp\ccosbLV7.s:682    .text.update_adc2_data:00000000 $t
C:\Users\kotaro\AppData\Local\Temp\ccosbLV7.s:689    .text.update_adc2_data:00000000 update_adc2_data
C:\Users\kotaro\AppData\Local\Temp\ccosbLV7.s:801    .text.update_adc2_data:0000008c $d
                            *COM*:00000002 batt_analog
                            *COM*:00000004 side_sensor
C:\Users\kotaro\AppData\Local\Temp\ccosbLV7.s:810    .text.update_adc3_data:00000000 $t
C:\Users\kotaro\AppData\Local\Temp\ccosbLV7.s:817    .text.update_adc3_data:00000000 update_adc3_data
C:\Users\kotaro\AppData\Local\Temp\ccosbLV7.s:907    .text.update_adc3_data:00000070 $d
C:\Users\kotaro\AppData\Local\Temp\ccosbLV7.s:920    .rodata:00000000 $d
C:\Users\kotaro\AppData\Local\Temp\ccosbLV7.s:938    .rodata.MX_ADC1_Init.str1.4:00000000 $d

UNDEFINED SYMBOLS
HAL_ADC_Init
HAL_ADC_ConfigChannel
_Error_Handler
HAL_GPIO_Init
HAL_GPIO_DeInit
HAL_ADC_Start
HAL_ADC_PollForConversion
HAL_ADC_GetValue
