ARM GAS  C:\Users\kotaro\AppData\Local\Temp\cc5doa2N.s 			page 1


   1              		.cpu cortex-m4
   2              		.eabi_attribute 27, 1
   3              		.eabi_attribute 28, 1
   4              		.eabi_attribute 20, 1
   5              		.eabi_attribute 21, 1
   6              		.eabi_attribute 23, 3
   7              		.eabi_attribute 24, 1
   8              		.eabi_attribute 25, 1
   9              		.eabi_attribute 26, 1
  10              		.eabi_attribute 30, 1
  11              		.eabi_attribute 34, 1
  12              		.eabi_attribute 18, 4
  13              		.file	"gpio.c"
  14              		.text
  15              	.Ltext0:
  16              		.cfi_sections	.debug_frame
  17              		.section	.text.MX_GPIO_Init,"ax",%progbits
  18              		.align	1
  19              		.global	MX_GPIO_Init
  20              		.syntax unified
  21              		.thumb
  22              		.thumb_func
  23              		.fpu fpv4-sp-d16
  25              	MX_GPIO_Init:
  26              	.LFB126:
  27              		.file 1 "Src/gpio.c"
   1:Src/gpio.c    **** /**
   2:Src/gpio.c    ****   ******************************************************************************
   3:Src/gpio.c    ****   * File Name          : gpio.c
   4:Src/gpio.c    ****   * Description        : This file provides code for the configuration
   5:Src/gpio.c    ****   *                      of all used GPIO pins.
   6:Src/gpio.c    ****   ******************************************************************************
   7:Src/gpio.c    ****   ** This notice applies to any and all portions of this file
   8:Src/gpio.c    ****   * that are not between comment pairs USER CODE BEGIN and
   9:Src/gpio.c    ****   * USER CODE END. Other portions of this file, whether 
  10:Src/gpio.c    ****   * inserted by the user or by software development tools
  11:Src/gpio.c    ****   * are owned by their respective copyright owners.
  12:Src/gpio.c    ****   *
  13:Src/gpio.c    ****   * COPYRIGHT(c) 2018 STMicroelectronics
  14:Src/gpio.c    ****   *
  15:Src/gpio.c    ****   * Redistribution and use in source and binary forms, with or without modification,
  16:Src/gpio.c    ****   * are permitted provided that the following conditions are met:
  17:Src/gpio.c    ****   *   1. Redistributions of source code must retain the above copyright notice,
  18:Src/gpio.c    ****   *      this list of conditions and the following disclaimer.
  19:Src/gpio.c    ****   *   2. Redistributions in binary form must reproduce the above copyright notice,
  20:Src/gpio.c    ****   *      this list of conditions and the following disclaimer in the documentation
  21:Src/gpio.c    ****   *      and/or other materials provided with the distribution.
  22:Src/gpio.c    ****   *   3. Neither the name of STMicroelectronics nor the names of its contributors
  23:Src/gpio.c    ****   *      may be used to endorse or promote products derived from this software
  24:Src/gpio.c    ****   *      without specific prior written permission.
  25:Src/gpio.c    ****   *
  26:Src/gpio.c    ****   * THIS SOFTWARE IS PROVIDED BY THE COPYRIGHT HOLDERS AND CONTRIBUTORS "AS IS"
  27:Src/gpio.c    ****   * AND ANY EXPRESS OR IMPLIED WARRANTIES, INCLUDING, BUT NOT LIMITED TO, THE
  28:Src/gpio.c    ****   * IMPLIED WARRANTIES OF MERCHANTABILITY AND FITNESS FOR A PARTICULAR PURPOSE ARE
  29:Src/gpio.c    ****   * DISCLAIMED. IN NO EVENT SHALL THE COPYRIGHT HOLDER OR CONTRIBUTORS BE LIABLE
  30:Src/gpio.c    ****   * FOR ANY DIRECT, INDIRECT, INCIDENTAL, SPECIAL, EXEMPLARY, OR CONSEQUENTIAL
  31:Src/gpio.c    ****   * DAMAGES (INCLUDING, BUT NOT LIMITED TO, PROCUREMENT OF SUBSTITUTE GOODS OR
ARM GAS  C:\Users\kotaro\AppData\Local\Temp\cc5doa2N.s 			page 2


  32:Src/gpio.c    ****   * SERVICES; LOSS OF USE, DATA, OR PROFITS; OR BUSINESS INTERRUPTION) HOWEVER
  33:Src/gpio.c    ****   * CAUSED AND ON ANY THEORY OF LIABILITY, WHETHER IN CONTRACT, STRICT LIABILITY,
  34:Src/gpio.c    ****   * OR TORT (INCLUDING NEGLIGENCE OR OTHERWISE) ARISING IN ANY WAY OUT OF THE USE
  35:Src/gpio.c    ****   * OF THIS SOFTWARE, EVEN IF ADVISED OF THE POSSIBILITY OF SUCH DAMAGE.
  36:Src/gpio.c    ****   *
  37:Src/gpio.c    ****   ******************************************************************************
  38:Src/gpio.c    ****   */
  39:Src/gpio.c    **** 
  40:Src/gpio.c    **** /* Includes ------------------------------------------------------------------*/
  41:Src/gpio.c    **** #include "gpio.h"
  42:Src/gpio.c    **** /* USER CODE BEGIN 0 */
  43:Src/gpio.c    **** 
  44:Src/gpio.c    **** /* USER CODE END 0 */
  45:Src/gpio.c    **** 
  46:Src/gpio.c    **** /*----------------------------------------------------------------------------*/
  47:Src/gpio.c    **** /* Configure GPIO                                                             */
  48:Src/gpio.c    **** /*----------------------------------------------------------------------------*/
  49:Src/gpio.c    **** /* USER CODE BEGIN 1 */
  50:Src/gpio.c    **** 
  51:Src/gpio.c    **** /* USER CODE END 1 */
  52:Src/gpio.c    **** 
  53:Src/gpio.c    **** /** Configure pins as 
  54:Src/gpio.c    ****         * Analog 
  55:Src/gpio.c    ****         * Input 
  56:Src/gpio.c    ****         * Output
  57:Src/gpio.c    ****         * EVENT_OUT
  58:Src/gpio.c    ****         * EXTI
  59:Src/gpio.c    **** */
  60:Src/gpio.c    **** void MX_GPIO_Init(void)
  61:Src/gpio.c    **** {
  28              		.loc 1 61 0
  29              		.cfi_startproc
  30              		@ args = 0, pretend = 0, frame = 40
  31              		@ frame_needed = 0, uses_anonymous_args = 0
  32 0000 2DE9F043 		push	{r4, r5, r6, r7, r8, r9, lr}
  33              	.LCFI0:
  34              		.cfi_def_cfa_offset 28
  35              		.cfi_offset 4, -28
  36              		.cfi_offset 5, -24
  37              		.cfi_offset 6, -20
  38              		.cfi_offset 7, -16
  39              		.cfi_offset 8, -12
  40              		.cfi_offset 9, -8
  41              		.cfi_offset 14, -4
  42 0004 8BB0     		sub	sp, sp, #44
  43              	.LCFI1:
  44              		.cfi_def_cfa_offset 72
  45              	.LBB2:
  62:Src/gpio.c    **** 
  63:Src/gpio.c    ****   GPIO_InitTypeDef GPIO_InitStruct;
  64:Src/gpio.c    **** 
  65:Src/gpio.c    ****   /* GPIO Ports Clock Enable */
  66:Src/gpio.c    ****   __HAL_RCC_GPIOC_CLK_ENABLE();
  46              		.loc 1 66 0
  47 0006 0024     		movs	r4, #0
  48 0008 0194     		str	r4, [sp, #4]
  49 000a 414B     		ldr	r3, .L3
ARM GAS  C:\Users\kotaro\AppData\Local\Temp\cc5doa2N.s 			page 3


  50 000c 1A6B     		ldr	r2, [r3, #48]
  51 000e 42F00402 		orr	r2, r2, #4
  52 0012 1A63     		str	r2, [r3, #48]
  53 0014 1A6B     		ldr	r2, [r3, #48]
  54 0016 02F00402 		and	r2, r2, #4
  55 001a 0192     		str	r2, [sp, #4]
  56 001c 019A     		ldr	r2, [sp, #4]
  57              	.LBE2:
  58              	.LBB3:
  67:Src/gpio.c    ****   __HAL_RCC_GPIOA_CLK_ENABLE();
  59              		.loc 1 67 0
  60 001e 0294     		str	r4, [sp, #8]
  61 0020 1A6B     		ldr	r2, [r3, #48]
  62 0022 42F00102 		orr	r2, r2, #1
  63 0026 1A63     		str	r2, [r3, #48]
  64 0028 1A6B     		ldr	r2, [r3, #48]
  65 002a 02F00102 		and	r2, r2, #1
  66 002e 0292     		str	r2, [sp, #8]
  67 0030 029A     		ldr	r2, [sp, #8]
  68              	.LBE3:
  69              	.LBB4:
  68:Src/gpio.c    ****   __HAL_RCC_GPIOB_CLK_ENABLE();
  70              		.loc 1 68 0
  71 0032 0394     		str	r4, [sp, #12]
  72 0034 1A6B     		ldr	r2, [r3, #48]
  73 0036 42F00202 		orr	r2, r2, #2
  74 003a 1A63     		str	r2, [r3, #48]
  75 003c 1A6B     		ldr	r2, [r3, #48]
  76 003e 02F00202 		and	r2, r2, #2
  77 0042 0392     		str	r2, [sp, #12]
  78 0044 039A     		ldr	r2, [sp, #12]
  79              	.LBE4:
  80              	.LBB5:
  69:Src/gpio.c    ****   __HAL_RCC_GPIOD_CLK_ENABLE();
  81              		.loc 1 69 0
  82 0046 0494     		str	r4, [sp, #16]
  83 0048 1A6B     		ldr	r2, [r3, #48]
  84 004a 42F00802 		orr	r2, r2, #8
  85 004e 1A63     		str	r2, [r3, #48]
  86 0050 1B6B     		ldr	r3, [r3, #48]
  87 0052 03F00803 		and	r3, r3, #8
  88 0056 0493     		str	r3, [sp, #16]
  89 0058 049B     		ldr	r3, [sp, #16]
  90              	.LBE5:
  70:Src/gpio.c    **** 
  71:Src/gpio.c    ****   /*Configure GPIO pin Output Level */
  72:Src/gpio.c    ****   HAL_GPIO_WritePin(GPIOC, led5_Pin|led4_Pin|led6_Pin|led3_Pin 
  91              		.loc 1 72 0
  92 005a 2E4E     		ldr	r6, .L3+4
  93 005c 2246     		mov	r2, r4
  94 005e 4FF47B41 		mov	r1, #64256
  95 0062 3046     		mov	r0, r6
  96 0064 FFF7FEFF 		bl	HAL_GPIO_WritePin
  97              	.LVL0:
  73:Src/gpio.c    ****                           |led2_Pin|stby_Pin|bin2_Pin, GPIO_PIN_RESET);
  74:Src/gpio.c    **** 
  75:Src/gpio.c    ****   /*Configure GPIO pin Output Level */
ARM GAS  C:\Users\kotaro\AppData\Local\Temp\cc5doa2N.s 			page 4


  76:Src/gpio.c    ****   HAL_GPIO_WritePin(GPIOB, gyro_cs_Pin|ain2_Pin|ain1_Pin, GPIO_PIN_RESET);
  98              		.loc 1 76 0
  99 0068 DFF8B090 		ldr	r9, .L3+12
 100 006c 2246     		mov	r2, r4
 101 006e 41F21801 		movw	r1, #4120
 102 0072 4846     		mov	r0, r9
 103 0074 FFF7FEFF 		bl	HAL_GPIO_WritePin
 104              	.LVL1:
  77:Src/gpio.c    **** 
  78:Src/gpio.c    ****   /*Configure GPIO pin Output Level */
  79:Src/gpio.c    ****   HAL_GPIO_WritePin(GPIOA, led1_Pin|led0_Pin, GPIO_PIN_RESET);
 105              		.loc 1 79 0
 106 0078 274F     		ldr	r7, .L3+8
 107 007a 2246     		mov	r2, r4
 108 007c 4FF44051 		mov	r1, #12288
 109 0080 3846     		mov	r0, r7
 110 0082 FFF7FEFF 		bl	HAL_GPIO_WritePin
 111              	.LVL2:
  80:Src/gpio.c    **** 
  81:Src/gpio.c    ****   /*Configure GPIO pin Output Level */
  82:Src/gpio.c    ****   HAL_GPIO_WritePin(bin1_GPIO_Port, bin1_Pin, GPIO_PIN_RESET);
 112              		.loc 1 82 0
 113 0086 DFF89880 		ldr	r8, .L3+16
 114 008a 2246     		mov	r2, r4
 115 008c 0421     		movs	r1, #4
 116 008e 4046     		mov	r0, r8
 117 0090 FFF7FEFF 		bl	HAL_GPIO_WritePin
 118              	.LVL3:
  83:Src/gpio.c    **** 
  84:Src/gpio.c    ****   /*Configure GPIO pins : PCPin PCPin PCPin PCPin 
  85:Src/gpio.c    ****                            PCPin PCPin PCPin */
  86:Src/gpio.c    ****   GPIO_InitStruct.Pin = led5_Pin|led4_Pin|led6_Pin|led3_Pin 
 119              		.loc 1 86 0
 120 0094 4FF47B43 		mov	r3, #64256
 121 0098 0593     		str	r3, [sp, #20]
  87:Src/gpio.c    ****                           |led2_Pin|stby_Pin|bin2_Pin;
  88:Src/gpio.c    ****   GPIO_InitStruct.Mode = GPIO_MODE_OUTPUT_PP;
 122              		.loc 1 88 0
 123 009a 0125     		movs	r5, #1
 124 009c 0695     		str	r5, [sp, #24]
  89:Src/gpio.c    ****   GPIO_InitStruct.Pull = GPIO_NOPULL;
 125              		.loc 1 89 0
 126 009e 0794     		str	r4, [sp, #28]
  90:Src/gpio.c    ****   GPIO_InitStruct.Speed = GPIO_SPEED_FREQ_LOW;
 127              		.loc 1 90 0
 128 00a0 0894     		str	r4, [sp, #32]
  91:Src/gpio.c    ****   HAL_GPIO_Init(GPIOC, &GPIO_InitStruct);
 129              		.loc 1 91 0
 130 00a2 05A9     		add	r1, sp, #20
 131 00a4 3046     		mov	r0, r6
 132 00a6 FFF7FEFF 		bl	HAL_GPIO_Init
 133              	.LVL4:
  92:Src/gpio.c    **** 
  93:Src/gpio.c    ****   /*Configure GPIO pins : PBPin PBPin PBPin */
  94:Src/gpio.c    ****   GPIO_InitStruct.Pin = gyro_cs_Pin|ain2_Pin|ain1_Pin;
 134              		.loc 1 94 0
 135 00aa 41F21803 		movw	r3, #4120
ARM GAS  C:\Users\kotaro\AppData\Local\Temp\cc5doa2N.s 			page 5


 136 00ae 0593     		str	r3, [sp, #20]
  95:Src/gpio.c    ****   GPIO_InitStruct.Mode = GPIO_MODE_OUTPUT_PP;
 137              		.loc 1 95 0
 138 00b0 0695     		str	r5, [sp, #24]
  96:Src/gpio.c    ****   GPIO_InitStruct.Pull = GPIO_NOPULL;
 139              		.loc 1 96 0
 140 00b2 0794     		str	r4, [sp, #28]
  97:Src/gpio.c    ****   GPIO_InitStruct.Speed = GPIO_SPEED_FREQ_LOW;
 141              		.loc 1 97 0
 142 00b4 0894     		str	r4, [sp, #32]
  98:Src/gpio.c    ****   HAL_GPIO_Init(GPIOB, &GPIO_InitStruct);
 143              		.loc 1 98 0
 144 00b6 05A9     		add	r1, sp, #20
 145 00b8 4846     		mov	r0, r9
 146 00ba FFF7FEFF 		bl	HAL_GPIO_Init
 147              	.LVL5:
  99:Src/gpio.c    **** 
 100:Src/gpio.c    ****   /*Configure GPIO pins : PAPin PAPin */
 101:Src/gpio.c    ****   GPIO_InitStruct.Pin = push1_Pin|push3_Pin;
 148              		.loc 1 101 0
 149 00be 4FF40843 		mov	r3, #34816
 150 00c2 0593     		str	r3, [sp, #20]
 102:Src/gpio.c    ****   GPIO_InitStruct.Mode = GPIO_MODE_INPUT;
 151              		.loc 1 102 0
 152 00c4 0694     		str	r4, [sp, #24]
 103:Src/gpio.c    ****   GPIO_InitStruct.Pull = GPIO_NOPULL;
 153              		.loc 1 103 0
 154 00c6 0794     		str	r4, [sp, #28]
 104:Src/gpio.c    ****   HAL_GPIO_Init(GPIOA, &GPIO_InitStruct);
 155              		.loc 1 104 0
 156 00c8 05A9     		add	r1, sp, #20
 157 00ca 3846     		mov	r0, r7
 158 00cc FFF7FEFF 		bl	HAL_GPIO_Init
 159              	.LVL6:
 105:Src/gpio.c    **** 
 106:Src/gpio.c    ****   /*Configure GPIO pins : PAPin PAPin */
 107:Src/gpio.c    ****   GPIO_InitStruct.Pin = led1_Pin|led0_Pin;
 160              		.loc 1 107 0
 161 00d0 4FF44053 		mov	r3, #12288
 162 00d4 0593     		str	r3, [sp, #20]
 108:Src/gpio.c    ****   GPIO_InitStruct.Mode = GPIO_MODE_OUTPUT_PP;
 163              		.loc 1 108 0
 164 00d6 0695     		str	r5, [sp, #24]
 109:Src/gpio.c    ****   GPIO_InitStruct.Pull = GPIO_NOPULL;
 165              		.loc 1 109 0
 166 00d8 0794     		str	r4, [sp, #28]
 110:Src/gpio.c    ****   GPIO_InitStruct.Speed = GPIO_SPEED_FREQ_LOW;
 167              		.loc 1 110 0
 168 00da 0894     		str	r4, [sp, #32]
 111:Src/gpio.c    ****   HAL_GPIO_Init(GPIOA, &GPIO_InitStruct);
 169              		.loc 1 111 0
 170 00dc 05A9     		add	r1, sp, #20
 171 00de 3846     		mov	r0, r7
 172 00e0 FFF7FEFF 		bl	HAL_GPIO_Init
 173              	.LVL7:
 112:Src/gpio.c    **** 
 113:Src/gpio.c    ****   /*Configure GPIO pin : PtPin */
ARM GAS  C:\Users\kotaro\AppData\Local\Temp\cc5doa2N.s 			page 6


 114:Src/gpio.c    ****   GPIO_InitStruct.Pin = push2_Pin;
 174              		.loc 1 114 0
 175 00e4 4FF48063 		mov	r3, #1024
 176 00e8 0593     		str	r3, [sp, #20]
 115:Src/gpio.c    ****   GPIO_InitStruct.Mode = GPIO_MODE_INPUT;
 177              		.loc 1 115 0
 178 00ea 0694     		str	r4, [sp, #24]
 116:Src/gpio.c    ****   GPIO_InitStruct.Pull = GPIO_NOPULL;
 179              		.loc 1 116 0
 180 00ec 0794     		str	r4, [sp, #28]
 117:Src/gpio.c    ****   HAL_GPIO_Init(push2_GPIO_Port, &GPIO_InitStruct);
 181              		.loc 1 117 0
 182 00ee 05A9     		add	r1, sp, #20
 183 00f0 3046     		mov	r0, r6
 184 00f2 FFF7FEFF 		bl	HAL_GPIO_Init
 185              	.LVL8:
 118:Src/gpio.c    **** 
 119:Src/gpio.c    ****   /*Configure GPIO pin : PtPin */
 120:Src/gpio.c    ****   GPIO_InitStruct.Pin = bin1_Pin;
 186              		.loc 1 120 0
 187 00f6 0423     		movs	r3, #4
 188 00f8 0593     		str	r3, [sp, #20]
 121:Src/gpio.c    ****   GPIO_InitStruct.Mode = GPIO_MODE_OUTPUT_PP;
 189              		.loc 1 121 0
 190 00fa 0695     		str	r5, [sp, #24]
 122:Src/gpio.c    ****   GPIO_InitStruct.Pull = GPIO_NOPULL;
 191              		.loc 1 122 0
 192 00fc 0794     		str	r4, [sp, #28]
 123:Src/gpio.c    ****   GPIO_InitStruct.Speed = GPIO_SPEED_FREQ_LOW;
 193              		.loc 1 123 0
 194 00fe 0894     		str	r4, [sp, #32]
 124:Src/gpio.c    ****   HAL_GPIO_Init(bin1_GPIO_Port, &GPIO_InitStruct);
 195              		.loc 1 124 0
 196 0100 05A9     		add	r1, sp, #20
 197 0102 4046     		mov	r0, r8
 198 0104 FFF7FEFF 		bl	HAL_GPIO_Init
 199              	.LVL9:
 125:Src/gpio.c    **** 
 126:Src/gpio.c    **** }
 200              		.loc 1 126 0
 201 0108 0BB0     		add	sp, sp, #44
 202              	.LCFI2:
 203              		.cfi_def_cfa_offset 28
 204              		@ sp needed
 205 010a BDE8F083 		pop	{r4, r5, r6, r7, r8, r9, pc}
 206              	.L4:
 207 010e 00BF     		.align	2
 208              	.L3:
 209 0110 00380240 		.word	1073887232
 210 0114 00080240 		.word	1073874944
 211 0118 00000240 		.word	1073872896
 212 011c 00040240 		.word	1073873920
 213 0120 000C0240 		.word	1073875968
 214              		.cfi_endproc
 215              	.LFE126:
 217              		.text
 218              	.Letext0:
ARM GAS  C:\Users\kotaro\AppData\Local\Temp\cc5doa2N.s 			page 7


 219              		.file 2 "c:\\program files (x86)\\gnu tools arm embedded\\7 2017-q4-major\\arm-none-eabi\\include\
 220              		.file 3 "c:\\program files (x86)\\gnu tools arm embedded\\7 2017-q4-major\\arm-none-eabi\\include\
 221              		.file 4 "Drivers/CMSIS/Include/core_cm4.h"
 222              		.file 5 "Drivers/CMSIS/Device/ST/STM32F4xx/Include/system_stm32f4xx.h"
 223              		.file 6 "Drivers/CMSIS/Device/ST/STM32F4xx/Include/stm32f405xx.h"
 224              		.file 7 "c:\\program files (x86)\\gnu tools arm embedded\\7 2017-q4-major\\arm-none-eabi\\include\
 225              		.file 8 "c:\\program files (x86)\\gnu tools arm embedded\\7 2017-q4-major\\arm-none-eabi\\include\
 226              		.file 9 "c:\\program files (x86)\\gnu tools arm embedded\\7 2017-q4-major\\lib\\gcc\\arm-none-eabi
 227              		.file 10 "c:\\program files (x86)\\gnu tools arm embedded\\7 2017-q4-major\\arm-none-eabi\\include
 228              		.file 11 "Drivers/STM32F4xx_HAL_Driver/Inc/stm32f4xx_hal_gpio.h"
ARM GAS  C:\Users\kotaro\AppData\Local\Temp\cc5doa2N.s 			page 8


DEFINED SYMBOLS
                            *ABS*:00000000 gpio.c
C:\Users\kotaro\AppData\Local\Temp\cc5doa2N.s:18     .text.MX_GPIO_Init:00000000 $t
C:\Users\kotaro\AppData\Local\Temp\cc5doa2N.s:25     .text.MX_GPIO_Init:00000000 MX_GPIO_Init
C:\Users\kotaro\AppData\Local\Temp\cc5doa2N.s:209    .text.MX_GPIO_Init:00000110 $d

UNDEFINED SYMBOLS
HAL_GPIO_WritePin
HAL_GPIO_Init
