ARM GAS  C:\Users\kotaro\AppData\Local\Temp\ccQngAKd.s 			page 1


   1              		.cpu cortex-m4
   2              		.eabi_attribute 27, 1
   3              		.eabi_attribute 28, 1
   4              		.eabi_attribute 20, 1
   5              		.eabi_attribute 21, 1
   6              		.eabi_attribute 23, 3
   7              		.eabi_attribute 24, 1
   8              		.eabi_attribute 25, 1
   9              		.eabi_attribute 26, 1
  10              		.eabi_attribute 30, 1
  11              		.eabi_attribute 34, 1
  12              		.eabi_attribute 18, 4
  13              		.file	"tim.c"
  14              		.text
  15              	.Ltext0:
  16              		.cfi_sections	.debug_frame
  17              		.section	.text.MX_TIM3_Init,"ax",%progbits
  18              		.align	1
  19              		.global	MX_TIM3_Init
  20              		.syntax unified
  21              		.thumb
  22              		.thumb_func
  23              		.fpu fpv4-sp-d16
  25              	MX_TIM3_Init:
  26              	.LFB128:
  27              		.file 1 "Src/tim.c"
   1:Src/tim.c     **** /**
   2:Src/tim.c     ****   ******************************************************************************
   3:Src/tim.c     ****   * File Name          : TIM.c
   4:Src/tim.c     ****   * Description        : This file provides code for the configuration
   5:Src/tim.c     ****   *                      of the TIM instances.
   6:Src/tim.c     ****   ******************************************************************************
   7:Src/tim.c     ****   ** This notice applies to any and all portions of this file
   8:Src/tim.c     ****   * that are not between comment pairs USER CODE BEGIN and
   9:Src/tim.c     ****   * USER CODE END. Other portions of this file, whether 
  10:Src/tim.c     ****   * inserted by the user or by software development tools
  11:Src/tim.c     ****   * are owned by their respective copyright owners.
  12:Src/tim.c     ****   *
  13:Src/tim.c     ****   * COPYRIGHT(c) 2018 STMicroelectronics
  14:Src/tim.c     ****   *
  15:Src/tim.c     ****   * Redistribution and use in source and binary forms, with or without modification,
  16:Src/tim.c     ****   * are permitted provided that the following conditions are met:
  17:Src/tim.c     ****   *   1. Redistributions of source code must retain the above copyright notice,
  18:Src/tim.c     ****   *      this list of conditions and the following disclaimer.
  19:Src/tim.c     ****   *   2. Redistributions in binary form must reproduce the above copyright notice,
  20:Src/tim.c     ****   *      this list of conditions and the following disclaimer in the documentation
  21:Src/tim.c     ****   *      and/or other materials provided with the distribution.
  22:Src/tim.c     ****   *   3. Neither the name of STMicroelectronics nor the names of its contributors
  23:Src/tim.c     ****   *      may be used to endorse or promote products derived from this software
  24:Src/tim.c     ****   *      without specific prior written permission.
  25:Src/tim.c     ****   *
  26:Src/tim.c     ****   * THIS SOFTWARE IS PROVIDED BY THE COPYRIGHT HOLDERS AND CONTRIBUTORS "AS IS"
  27:Src/tim.c     ****   * AND ANY EXPRESS OR IMPLIED WARRANTIES, INCLUDING, BUT NOT LIMITED TO, THE
  28:Src/tim.c     ****   * IMPLIED WARRANTIES OF MERCHANTABILITY AND FITNESS FOR A PARTICULAR PURPOSE ARE
  29:Src/tim.c     ****   * DISCLAIMED. IN NO EVENT SHALL THE COPYRIGHT HOLDER OR CONTRIBUTORS BE LIABLE
  30:Src/tim.c     ****   * FOR ANY DIRECT, INDIRECT, INCIDENTAL, SPECIAL, EXEMPLARY, OR CONSEQUENTIAL
  31:Src/tim.c     ****   * DAMAGES (INCLUDING, BUT NOT LIMITED TO, PROCUREMENT OF SUBSTITUTE GOODS OR
ARM GAS  C:\Users\kotaro\AppData\Local\Temp\ccQngAKd.s 			page 2


  32:Src/tim.c     ****   * SERVICES; LOSS OF USE, DATA, OR PROFITS; OR BUSINESS INTERRUPTION) HOWEVER
  33:Src/tim.c     ****   * CAUSED AND ON ANY THEORY OF LIABILITY, WHETHER IN CONTRACT, STRICT LIABILITY,
  34:Src/tim.c     ****   * OR TORT (INCLUDING NEGLIGENCE OR OTHERWISE) ARISING IN ANY WAY OUT OF THE USE
  35:Src/tim.c     ****   * OF THIS SOFTWARE, EVEN IF ADVISED OF THE POSSIBILITY OF SUCH DAMAGE.
  36:Src/tim.c     ****   *
  37:Src/tim.c     ****   ******************************************************************************
  38:Src/tim.c     ****   */
  39:Src/tim.c     **** 
  40:Src/tim.c     **** /* Includes ------------------------------------------------------------------*/
  41:Src/tim.c     **** #include "tim.h"
  42:Src/tim.c     **** 
  43:Src/tim.c     **** #include "gpio.h"
  44:Src/tim.c     **** 
  45:Src/tim.c     **** /* USER CODE BEGIN 0 */
  46:Src/tim.c     **** TIM_MasterConfigTypeDef sMasterConfig;
  47:Src/tim.c     **** TIM_OC_InitTypeDef sConfigOC;
  48:Src/tim.c     **** //for enoder
  49:Src/tim.c     **** TIM_Encoder_InitTypeDef sConfig;
  50:Src/tim.c     **** /* USER CODE END 0 */
  51:Src/tim.c     **** 
  52:Src/tim.c     **** TIM_HandleTypeDef htim1;
  53:Src/tim.c     **** TIM_HandleTypeDef htim2;
  54:Src/tim.c     **** TIM_HandleTypeDef htim3;
  55:Src/tim.c     **** TIM_HandleTypeDef htim4;
  56:Src/tim.c     **** TIM_HandleTypeDef htim5;
  57:Src/tim.c     **** 
  58:Src/tim.c     **** /* TIM1 init function */
  59:Src/tim.c     **** void MX_TIM1_Init(void)
  60:Src/tim.c     **** {
  61:Src/tim.c     ****   TIM_MasterConfigTypeDef sMasterConfig;
  62:Src/tim.c     ****   TIM_OC_InitTypeDef sConfigOC;
  63:Src/tim.c     ****   TIM_BreakDeadTimeConfigTypeDef sBreakDeadTimeConfig;
  64:Src/tim.c     **** 
  65:Src/tim.c     ****   htim1.Instance = TIM1;
  66:Src/tim.c     ****   htim1.Init.Prescaler = 9;
  67:Src/tim.c     ****   htim1.Init.CounterMode = TIM_COUNTERMODE_UP;
  68:Src/tim.c     ****   htim1.Init.Period = 999;
  69:Src/tim.c     ****   htim1.Init.ClockDivision = TIM_CLOCKDIVISION_DIV1;
  70:Src/tim.c     ****   htim1.Init.RepetitionCounter = 0;
  71:Src/tim.c     ****   if (HAL_TIM_PWM_Init(&htim1) != HAL_OK)
  72:Src/tim.c     ****   {
  73:Src/tim.c     ****     _Error_Handler(__FILE__, __LINE__);
  74:Src/tim.c     ****   }
  75:Src/tim.c     **** 
  76:Src/tim.c     ****   sMasterConfig.MasterOutputTrigger = TIM_TRGO_RESET;
  77:Src/tim.c     ****   sMasterConfig.MasterSlaveMode = TIM_MASTERSLAVEMODE_DISABLE;
  78:Src/tim.c     ****   if (HAL_TIMEx_MasterConfigSynchronization(&htim1, &sMasterConfig) != HAL_OK)
  79:Src/tim.c     ****   {
  80:Src/tim.c     ****     _Error_Handler(__FILE__, __LINE__);
  81:Src/tim.c     ****   }
  82:Src/tim.c     **** 
  83:Src/tim.c     ****   sConfigOC.OCMode = TIM_OCMODE_PWM1;
  84:Src/tim.c     ****   sConfigOC.Pulse = 0;
  85:Src/tim.c     ****   sConfigOC.OCPolarity = TIM_OCPOLARITY_HIGH;
  86:Src/tim.c     ****   sConfigOC.OCNPolarity = TIM_OCNPOLARITY_HIGH;
  87:Src/tim.c     ****   sConfigOC.OCFastMode = TIM_OCFAST_DISABLE;
  88:Src/tim.c     ****   sConfigOC.OCIdleState = TIM_OCIDLESTATE_RESET;
ARM GAS  C:\Users\kotaro\AppData\Local\Temp\ccQngAKd.s 			page 3


  89:Src/tim.c     ****   sConfigOC.OCNIdleState = TIM_OCNIDLESTATE_RESET;
  90:Src/tim.c     ****   if (HAL_TIM_PWM_ConfigChannel(&htim1, &sConfigOC, TIM_CHANNEL_1) != HAL_OK)
  91:Src/tim.c     ****   {
  92:Src/tim.c     ****     _Error_Handler(__FILE__, __LINE__);
  93:Src/tim.c     ****   }
  94:Src/tim.c     **** 
  95:Src/tim.c     ****   sBreakDeadTimeConfig.OffStateRunMode = TIM_OSSR_DISABLE;
  96:Src/tim.c     ****   sBreakDeadTimeConfig.OffStateIDLEMode = TIM_OSSI_DISABLE;
  97:Src/tim.c     ****   sBreakDeadTimeConfig.LockLevel = TIM_LOCKLEVEL_OFF;
  98:Src/tim.c     ****   sBreakDeadTimeConfig.DeadTime = 0;
  99:Src/tim.c     ****   sBreakDeadTimeConfig.BreakState = TIM_BREAK_DISABLE;
 100:Src/tim.c     ****   sBreakDeadTimeConfig.BreakPolarity = TIM_BREAKPOLARITY_HIGH;
 101:Src/tim.c     ****   sBreakDeadTimeConfig.AutomaticOutput = TIM_AUTOMATICOUTPUT_DISABLE;
 102:Src/tim.c     ****   if (HAL_TIMEx_ConfigBreakDeadTime(&htim1, &sBreakDeadTimeConfig) != HAL_OK)
 103:Src/tim.c     ****   {
 104:Src/tim.c     ****     _Error_Handler(__FILE__, __LINE__);
 105:Src/tim.c     ****   }
 106:Src/tim.c     **** 
 107:Src/tim.c     ****   HAL_TIM_MspPostInit(&htim1);
 108:Src/tim.c     **** 
 109:Src/tim.c     **** }
 110:Src/tim.c     **** /* TIM2 init function */
 111:Src/tim.c     **** void MX_TIM2_Init(void)
 112:Src/tim.c     **** {
 113:Src/tim.c     ****   TIM_MasterConfigTypeDef sMasterConfig;
 114:Src/tim.c     ****   TIM_OC_InitTypeDef sConfigOC;
 115:Src/tim.c     **** 
 116:Src/tim.c     ****   htim2.Instance = TIM2;
 117:Src/tim.c     ****   htim2.Init.Prescaler = 4;
 118:Src/tim.c     ****   htim2.Init.CounterMode = TIM_COUNTERMODE_UP;
 119:Src/tim.c     ****   htim2.Init.Period = 999;
 120:Src/tim.c     ****   htim2.Init.ClockDivision = TIM_CLOCKDIVISION_DIV1;
 121:Src/tim.c     ****   if (HAL_TIM_PWM_Init(&htim2) != HAL_OK)
 122:Src/tim.c     ****   {
 123:Src/tim.c     ****     _Error_Handler(__FILE__, __LINE__);
 124:Src/tim.c     ****   }
 125:Src/tim.c     **** 
 126:Src/tim.c     ****   sMasterConfig.MasterOutputTrigger = TIM_TRGO_RESET;
 127:Src/tim.c     ****   sMasterConfig.MasterSlaveMode = TIM_MASTERSLAVEMODE_DISABLE;
 128:Src/tim.c     ****   if (HAL_TIMEx_MasterConfigSynchronization(&htim2, &sMasterConfig) != HAL_OK)
 129:Src/tim.c     ****   {
 130:Src/tim.c     ****     _Error_Handler(__FILE__, __LINE__);
 131:Src/tim.c     ****   }
 132:Src/tim.c     **** 
 133:Src/tim.c     ****   sConfigOC.OCMode = TIM_OCMODE_PWM1;
 134:Src/tim.c     ****   sConfigOC.Pulse = 0;
 135:Src/tim.c     ****   sConfigOC.OCPolarity = TIM_OCPOLARITY_HIGH;
 136:Src/tim.c     ****   sConfigOC.OCFastMode = TIM_OCFAST_DISABLE;
 137:Src/tim.c     ****   if (HAL_TIM_PWM_ConfigChannel(&htim2, &sConfigOC, TIM_CHANNEL_3) != HAL_OK)
 138:Src/tim.c     ****   {
 139:Src/tim.c     ****     _Error_Handler(__FILE__, __LINE__);
 140:Src/tim.c     ****   }
 141:Src/tim.c     **** 
 142:Src/tim.c     ****   if (HAL_TIM_PWM_ConfigChannel(&htim2, &sConfigOC, TIM_CHANNEL_4) != HAL_OK)
 143:Src/tim.c     ****   {
 144:Src/tim.c     ****     _Error_Handler(__FILE__, __LINE__);
 145:Src/tim.c     ****   }
ARM GAS  C:\Users\kotaro\AppData\Local\Temp\ccQngAKd.s 			page 4


 146:Src/tim.c     **** 
 147:Src/tim.c     ****   HAL_TIM_MspPostInit(&htim2);
 148:Src/tim.c     **** 
 149:Src/tim.c     **** }
 150:Src/tim.c     **** /* TIM3 init function */
 151:Src/tim.c     **** void MX_TIM3_Init(void)
 152:Src/tim.c     **** {
  28              		.loc 1 152 0
  29              		.cfi_startproc
  30              		@ args = 0, pretend = 0, frame = 48
  31              		@ frame_needed = 0, uses_anonymous_args = 0
  32 0000 00B5     		push	{lr}
  33              	.LCFI0:
  34              		.cfi_def_cfa_offset 4
  35              		.cfi_offset 14, -4
  36 0002 8DB0     		sub	sp, sp, #52
  37              	.LCFI1:
  38              		.cfi_def_cfa_offset 56
 153:Src/tim.c     ****   TIM_Encoder_InitTypeDef sConfig;
 154:Src/tim.c     ****   TIM_MasterConfigTypeDef sMasterConfig;
 155:Src/tim.c     **** 
 156:Src/tim.c     ****   htim3.Instance = TIM3;
  39              		.loc 1 156 0
  40 0004 1648     		ldr	r0, .L7
  41 0006 174B     		ldr	r3, .L7+4
  42 0008 0360     		str	r3, [r0]
 157:Src/tim.c     ****   htim3.Init.Prescaler = 0;
  43              		.loc 1 157 0
  44 000a 0023     		movs	r3, #0
  45 000c 4360     		str	r3, [r0, #4]
 158:Src/tim.c     ****   htim3.Init.CounterMode = TIM_COUNTERMODE_UP;
  46              		.loc 1 158 0
  47 000e 8360     		str	r3, [r0, #8]
 159:Src/tim.c     ****   htim3.Init.Period = 65535;
  48              		.loc 1 159 0
  49 0010 4FF6FF72 		movw	r2, #65535
  50 0014 C260     		str	r2, [r0, #12]
 160:Src/tim.c     ****   htim3.Init.ClockDivision = TIM_CLOCKDIVISION_DIV1;
  51              		.loc 1 160 0
  52 0016 0361     		str	r3, [r0, #16]
 161:Src/tim.c     ****   sConfig.EncoderMode = TIM_ENCODERMODE_TI12;
  53              		.loc 1 161 0
  54 0018 0322     		movs	r2, #3
  55 001a 0392     		str	r2, [sp, #12]
 162:Src/tim.c     ****   sConfig.IC1Polarity = TIM_ICPOLARITY_RISING;
  56              		.loc 1 162 0
  57 001c 0493     		str	r3, [sp, #16]
 163:Src/tim.c     ****   sConfig.IC1Selection = TIM_ICSELECTION_DIRECTTI;
  58              		.loc 1 163 0
  59 001e 0122     		movs	r2, #1
  60 0020 0592     		str	r2, [sp, #20]
 164:Src/tim.c     ****   sConfig.IC1Prescaler = TIM_ICPSC_DIV1;
  61              		.loc 1 164 0
  62 0022 0693     		str	r3, [sp, #24]
 165:Src/tim.c     ****   sConfig.IC1Filter = 0;
  63              		.loc 1 165 0
  64 0024 0793     		str	r3, [sp, #28]
ARM GAS  C:\Users\kotaro\AppData\Local\Temp\ccQngAKd.s 			page 5


 166:Src/tim.c     ****   sConfig.IC2Polarity = TIM_ICPOLARITY_RISING;
  65              		.loc 1 166 0
  66 0026 0893     		str	r3, [sp, #32]
 167:Src/tim.c     ****   sConfig.IC2Selection = TIM_ICSELECTION_DIRECTTI;
  67              		.loc 1 167 0
  68 0028 0992     		str	r2, [sp, #36]
 168:Src/tim.c     ****   sConfig.IC2Prescaler = TIM_ICPSC_DIV1;
  69              		.loc 1 168 0
  70 002a 0A93     		str	r3, [sp, #40]
 169:Src/tim.c     ****   sConfig.IC2Filter = 0;
  71              		.loc 1 169 0
  72 002c 0B93     		str	r3, [sp, #44]
 170:Src/tim.c     ****   if (HAL_TIM_Encoder_Init(&htim3, &sConfig) != HAL_OK)
  73              		.loc 1 170 0
  74 002e 03A9     		add	r1, sp, #12
  75 0030 FFF7FEFF 		bl	HAL_TIM_Encoder_Init
  76              	.LVL0:
  77 0034 50B9     		cbnz	r0, .L5
  78              	.L2:
 171:Src/tim.c     ****   {
 172:Src/tim.c     ****     _Error_Handler(__FILE__, __LINE__);
 173:Src/tim.c     ****   }
 174:Src/tim.c     **** 
 175:Src/tim.c     ****   sMasterConfig.MasterOutputTrigger = TIM_TRGO_RESET;
  79              		.loc 1 175 0
  80 0036 0023     		movs	r3, #0
  81 0038 0193     		str	r3, [sp, #4]
 176:Src/tim.c     ****   sMasterConfig.MasterSlaveMode = TIM_MASTERSLAVEMODE_DISABLE;
  82              		.loc 1 176 0
  83 003a 0293     		str	r3, [sp, #8]
 177:Src/tim.c     ****   if (HAL_TIMEx_MasterConfigSynchronization(&htim3, &sMasterConfig) != HAL_OK)
  84              		.loc 1 177 0
  85 003c 01A9     		add	r1, sp, #4
  86 003e 0848     		ldr	r0, .L7
  87 0040 FFF7FEFF 		bl	HAL_TIMEx_MasterConfigSynchronization
  88              	.LVL1:
  89 0044 38B9     		cbnz	r0, .L6
  90              	.L1:
 178:Src/tim.c     ****   {
 179:Src/tim.c     ****     _Error_Handler(__FILE__, __LINE__);
 180:Src/tim.c     ****   }
 181:Src/tim.c     **** 
 182:Src/tim.c     **** }
  91              		.loc 1 182 0
  92 0046 0DB0     		add	sp, sp, #52
  93              	.LCFI2:
  94              		.cfi_remember_state
  95              		.cfi_def_cfa_offset 4
  96              		@ sp needed
  97 0048 5DF804FB 		ldr	pc, [sp], #4
  98              	.L5:
  99              	.LCFI3:
 100              		.cfi_restore_state
 172:Src/tim.c     ****   }
 101              		.loc 1 172 0
 102 004c AC21     		movs	r1, #172
 103 004e 0648     		ldr	r0, .L7+8
ARM GAS  C:\Users\kotaro\AppData\Local\Temp\ccQngAKd.s 			page 6


 104 0050 FFF7FEFF 		bl	_Error_Handler
 105              	.LVL2:
 106 0054 EFE7     		b	.L2
 107              	.L6:
 179:Src/tim.c     ****   }
 108              		.loc 1 179 0
 109 0056 B321     		movs	r1, #179
 110 0058 0348     		ldr	r0, .L7+8
 111 005a FFF7FEFF 		bl	_Error_Handler
 112              	.LVL3:
 113              		.loc 1 182 0
 114 005e F2E7     		b	.L1
 115              	.L8:
 116              		.align	2
 117              	.L7:
 118 0060 00000000 		.word	htim3
 119 0064 00040040 		.word	1073742848
 120 0068 00000000 		.word	.LC0
 121              		.cfi_endproc
 122              	.LFE128:
 124              		.section	.text.MX_TIM4_Init,"ax",%progbits
 125              		.align	1
 126              		.global	MX_TIM4_Init
 127              		.syntax unified
 128              		.thumb
 129              		.thumb_func
 130              		.fpu fpv4-sp-d16
 132              	MX_TIM4_Init:
 133              	.LFB129:
 183:Src/tim.c     **** /* TIM4 init function */
 184:Src/tim.c     **** void MX_TIM4_Init(void)
 185:Src/tim.c     **** {
 134              		.loc 1 185 0
 135              		.cfi_startproc
 136              		@ args = 0, pretend = 0, frame = 48
 137              		@ frame_needed = 0, uses_anonymous_args = 0
 138 0000 00B5     		push	{lr}
 139              	.LCFI4:
 140              		.cfi_def_cfa_offset 4
 141              		.cfi_offset 14, -4
 142 0002 8DB0     		sub	sp, sp, #52
 143              	.LCFI5:
 144              		.cfi_def_cfa_offset 56
 186:Src/tim.c     ****   TIM_Encoder_InitTypeDef sConfig;
 187:Src/tim.c     ****   TIM_MasterConfigTypeDef sMasterConfig;
 188:Src/tim.c     **** 
 189:Src/tim.c     ****   htim4.Instance = TIM4;
 145              		.loc 1 189 0
 146 0004 1648     		ldr	r0, .L15
 147 0006 174B     		ldr	r3, .L15+4
 148 0008 0360     		str	r3, [r0]
 190:Src/tim.c     ****   htim4.Init.Prescaler = 0;
 149              		.loc 1 190 0
 150 000a 0023     		movs	r3, #0
 151 000c 4360     		str	r3, [r0, #4]
 191:Src/tim.c     ****   htim4.Init.CounterMode = TIM_COUNTERMODE_UP;
 152              		.loc 1 191 0
ARM GAS  C:\Users\kotaro\AppData\Local\Temp\ccQngAKd.s 			page 7


 153 000e 8360     		str	r3, [r0, #8]
 192:Src/tim.c     ****   htim4.Init.Period = 65535;
 154              		.loc 1 192 0
 155 0010 4FF6FF72 		movw	r2, #65535
 156 0014 C260     		str	r2, [r0, #12]
 193:Src/tim.c     ****   htim4.Init.ClockDivision = TIM_CLOCKDIVISION_DIV1;
 157              		.loc 1 193 0
 158 0016 0361     		str	r3, [r0, #16]
 194:Src/tim.c     ****   sConfig.EncoderMode = TIM_ENCODERMODE_TI12;
 159              		.loc 1 194 0
 160 0018 0322     		movs	r2, #3
 161 001a 0392     		str	r2, [sp, #12]
 195:Src/tim.c     ****   sConfig.IC1Polarity = TIM_ICPOLARITY_RISING;
 162              		.loc 1 195 0
 163 001c 0493     		str	r3, [sp, #16]
 196:Src/tim.c     ****   sConfig.IC1Selection = TIM_ICSELECTION_DIRECTTI;
 164              		.loc 1 196 0
 165 001e 0122     		movs	r2, #1
 166 0020 0592     		str	r2, [sp, #20]
 197:Src/tim.c     ****   sConfig.IC1Prescaler = TIM_ICPSC_DIV1;
 167              		.loc 1 197 0
 168 0022 0693     		str	r3, [sp, #24]
 198:Src/tim.c     ****   sConfig.IC1Filter = 0;
 169              		.loc 1 198 0
 170 0024 0793     		str	r3, [sp, #28]
 199:Src/tim.c     ****   sConfig.IC2Polarity = TIM_ICPOLARITY_RISING;
 171              		.loc 1 199 0
 172 0026 0893     		str	r3, [sp, #32]
 200:Src/tim.c     ****   sConfig.IC2Selection = TIM_ICSELECTION_DIRECTTI;
 173              		.loc 1 200 0
 174 0028 0992     		str	r2, [sp, #36]
 201:Src/tim.c     ****   sConfig.IC2Prescaler = TIM_ICPSC_DIV1;
 175              		.loc 1 201 0
 176 002a 0A93     		str	r3, [sp, #40]
 202:Src/tim.c     ****   sConfig.IC2Filter = 0;
 177              		.loc 1 202 0
 178 002c 0B93     		str	r3, [sp, #44]
 203:Src/tim.c     ****   if (HAL_TIM_Encoder_Init(&htim4, &sConfig) != HAL_OK)
 179              		.loc 1 203 0
 180 002e 03A9     		add	r1, sp, #12
 181 0030 FFF7FEFF 		bl	HAL_TIM_Encoder_Init
 182              	.LVL4:
 183 0034 50B9     		cbnz	r0, .L13
 184              	.L10:
 204:Src/tim.c     ****   {
 205:Src/tim.c     ****     _Error_Handler(__FILE__, __LINE__);
 206:Src/tim.c     ****   }
 207:Src/tim.c     **** 
 208:Src/tim.c     ****   sMasterConfig.MasterOutputTrigger = TIM_TRGO_RESET;
 185              		.loc 1 208 0
 186 0036 0023     		movs	r3, #0
 187 0038 0193     		str	r3, [sp, #4]
 209:Src/tim.c     ****   sMasterConfig.MasterSlaveMode = TIM_MASTERSLAVEMODE_DISABLE;
 188              		.loc 1 209 0
 189 003a 0293     		str	r3, [sp, #8]
 210:Src/tim.c     ****   if (HAL_TIMEx_MasterConfigSynchronization(&htim4, &sMasterConfig) != HAL_OK)
 190              		.loc 1 210 0
ARM GAS  C:\Users\kotaro\AppData\Local\Temp\ccQngAKd.s 			page 8


 191 003c 01A9     		add	r1, sp, #4
 192 003e 0848     		ldr	r0, .L15
 193 0040 FFF7FEFF 		bl	HAL_TIMEx_MasterConfigSynchronization
 194              	.LVL5:
 195 0044 38B9     		cbnz	r0, .L14
 196              	.L9:
 211:Src/tim.c     ****   {
 212:Src/tim.c     ****     _Error_Handler(__FILE__, __LINE__);
 213:Src/tim.c     ****   }
 214:Src/tim.c     **** 
 215:Src/tim.c     **** }
 197              		.loc 1 215 0
 198 0046 0DB0     		add	sp, sp, #52
 199              	.LCFI6:
 200              		.cfi_remember_state
 201              		.cfi_def_cfa_offset 4
 202              		@ sp needed
 203 0048 5DF804FB 		ldr	pc, [sp], #4
 204              	.L13:
 205              	.LCFI7:
 206              		.cfi_restore_state
 205:Src/tim.c     ****   }
 207              		.loc 1 205 0
 208 004c CD21     		movs	r1, #205
 209 004e 0648     		ldr	r0, .L15+8
 210 0050 FFF7FEFF 		bl	_Error_Handler
 211              	.LVL6:
 212 0054 EFE7     		b	.L10
 213              	.L14:
 212:Src/tim.c     ****   }
 214              		.loc 1 212 0
 215 0056 D421     		movs	r1, #212
 216 0058 0348     		ldr	r0, .L15+8
 217 005a FFF7FEFF 		bl	_Error_Handler
 218              	.LVL7:
 219              		.loc 1 215 0
 220 005e F2E7     		b	.L9
 221              	.L16:
 222              		.align	2
 223              	.L15:
 224 0060 00000000 		.word	htim4
 225 0064 00080040 		.word	1073743872
 226 0068 00000000 		.word	.LC0
 227              		.cfi_endproc
 228              	.LFE129:
 230              		.section	.text.MX_TIM5_Init,"ax",%progbits
 231              		.align	1
 232              		.global	MX_TIM5_Init
 233              		.syntax unified
 234              		.thumb
 235              		.thumb_func
 236              		.fpu fpv4-sp-d16
 238              	MX_TIM5_Init:
 239              	.LFB130:
 216:Src/tim.c     **** /* TIM5 init function */
 217:Src/tim.c     **** void MX_TIM5_Init(void)
 218:Src/tim.c     **** {
ARM GAS  C:\Users\kotaro\AppData\Local\Temp\ccQngAKd.s 			page 9


 240              		.loc 1 218 0
 241              		.cfi_startproc
 242              		@ args = 0, pretend = 0, frame = 24
 243              		@ frame_needed = 0, uses_anonymous_args = 0
 244 0000 00B5     		push	{lr}
 245              	.LCFI8:
 246              		.cfi_def_cfa_offset 4
 247              		.cfi_offset 14, -4
 248 0002 87B0     		sub	sp, sp, #28
 249              	.LCFI9:
 250              		.cfi_def_cfa_offset 32
 219:Src/tim.c     ****   TIM_ClockConfigTypeDef sClockSourceConfig;
 220:Src/tim.c     ****   TIM_MasterConfigTypeDef sMasterConfig;
 221:Src/tim.c     **** 
 222:Src/tim.c     ****   htim5.Instance = TIM5;
 251              		.loc 1 222 0
 252 0004 1848     		ldr	r0, .L25
 253 0006 194B     		ldr	r3, .L25+4
 254 0008 0360     		str	r3, [r0]
 223:Src/tim.c     ****   htim5.Init.Prescaler = 9;
 255              		.loc 1 223 0
 256 000a 0923     		movs	r3, #9
 257 000c 4360     		str	r3, [r0, #4]
 224:Src/tim.c     ****   htim5.Init.CounterMode = TIM_COUNTERMODE_UP;
 258              		.loc 1 224 0
 259 000e 0023     		movs	r3, #0
 260 0010 8360     		str	r3, [r0, #8]
 225:Src/tim.c     ****   htim5.Init.Period = 999;
 261              		.loc 1 225 0
 262 0012 40F2E732 		movw	r2, #999
 263 0016 C260     		str	r2, [r0, #12]
 226:Src/tim.c     ****   htim5.Init.ClockDivision = TIM_CLOCKDIVISION_DIV1;
 264              		.loc 1 226 0
 265 0018 0361     		str	r3, [r0, #16]
 227:Src/tim.c     ****   if (HAL_TIM_Base_Init(&htim5) != HAL_OK)
 266              		.loc 1 227 0
 267 001a FFF7FEFF 		bl	HAL_TIM_Base_Init
 268              	.LVL8:
 269 001e 98B9     		cbnz	r0, .L22
 270              	.L18:
 228:Src/tim.c     ****   {
 229:Src/tim.c     ****     _Error_Handler(__FILE__, __LINE__);
 230:Src/tim.c     ****   }
 231:Src/tim.c     **** 
 232:Src/tim.c     ****   sClockSourceConfig.ClockSource = TIM_CLOCKSOURCE_INTERNAL;
 271              		.loc 1 232 0
 272 0020 06A9     		add	r1, sp, #24
 273 0022 4FF48053 		mov	r3, #4096
 274 0026 41F8103D 		str	r3, [r1, #-16]!
 233:Src/tim.c     ****   if (HAL_TIM_ConfigClockSource(&htim5, &sClockSourceConfig) != HAL_OK)
 275              		.loc 1 233 0
 276 002a 0F48     		ldr	r0, .L25
 277 002c FFF7FEFF 		bl	HAL_TIM_ConfigClockSource
 278              	.LVL9:
 279 0030 78B9     		cbnz	r0, .L23
 280              	.L19:
 234:Src/tim.c     ****   {
ARM GAS  C:\Users\kotaro\AppData\Local\Temp\ccQngAKd.s 			page 10


 235:Src/tim.c     ****     _Error_Handler(__FILE__, __LINE__);
 236:Src/tim.c     ****   }
 237:Src/tim.c     **** 
 238:Src/tim.c     ****   sMasterConfig.MasterOutputTrigger = TIM_TRGO_RESET;
 281              		.loc 1 238 0
 282 0032 0023     		movs	r3, #0
 283 0034 0093     		str	r3, [sp]
 239:Src/tim.c     ****   sMasterConfig.MasterSlaveMode = TIM_MASTERSLAVEMODE_DISABLE;
 284              		.loc 1 239 0
 285 0036 0193     		str	r3, [sp, #4]
 240:Src/tim.c     ****   if (HAL_TIMEx_MasterConfigSynchronization(&htim5, &sMasterConfig) != HAL_OK)
 286              		.loc 1 240 0
 287 0038 6946     		mov	r1, sp
 288 003a 0B48     		ldr	r0, .L25
 289 003c FFF7FEFF 		bl	HAL_TIMEx_MasterConfigSynchronization
 290              	.LVL10:
 291 0040 60B9     		cbnz	r0, .L24
 292              	.L17:
 241:Src/tim.c     ****   {
 242:Src/tim.c     ****     _Error_Handler(__FILE__, __LINE__);
 243:Src/tim.c     ****   }
 244:Src/tim.c     **** 
 245:Src/tim.c     **** }
 293              		.loc 1 245 0
 294 0042 07B0     		add	sp, sp, #28
 295              	.LCFI10:
 296              		.cfi_remember_state
 297              		.cfi_def_cfa_offset 4
 298              		@ sp needed
 299 0044 5DF804FB 		ldr	pc, [sp], #4
 300              	.L22:
 301              	.LCFI11:
 302              		.cfi_restore_state
 229:Src/tim.c     ****   }
 303              		.loc 1 229 0
 304 0048 E521     		movs	r1, #229
 305 004a 0948     		ldr	r0, .L25+8
 306 004c FFF7FEFF 		bl	_Error_Handler
 307              	.LVL11:
 308 0050 E6E7     		b	.L18
 309              	.L23:
 235:Src/tim.c     ****   }
 310              		.loc 1 235 0
 311 0052 EB21     		movs	r1, #235
 312 0054 0648     		ldr	r0, .L25+8
 313 0056 FFF7FEFF 		bl	_Error_Handler
 314              	.LVL12:
 315 005a EAE7     		b	.L19
 316              	.L24:
 242:Src/tim.c     ****   }
 317              		.loc 1 242 0
 318 005c F221     		movs	r1, #242
 319 005e 0448     		ldr	r0, .L25+8
 320 0060 FFF7FEFF 		bl	_Error_Handler
 321              	.LVL13:
 322              		.loc 1 245 0
 323 0064 EDE7     		b	.L17
ARM GAS  C:\Users\kotaro\AppData\Local\Temp\ccQngAKd.s 			page 11


 324              	.L26:
 325 0066 00BF     		.align	2
 326              	.L25:
 327 0068 00000000 		.word	htim5
 328 006c 000C0040 		.word	1073744896
 329 0070 00000000 		.word	.LC0
 330              		.cfi_endproc
 331              	.LFE130:
 333              		.section	.text.HAL_TIM_PWM_MspInit,"ax",%progbits
 334              		.align	1
 335              		.global	HAL_TIM_PWM_MspInit
 336              		.syntax unified
 337              		.thumb
 338              		.thumb_func
 339              		.fpu fpv4-sp-d16
 341              	HAL_TIM_PWM_MspInit:
 342              	.LFB131:
 246:Src/tim.c     **** 
 247:Src/tim.c     **** void HAL_TIM_PWM_MspInit(TIM_HandleTypeDef* tim_pwmHandle)
 248:Src/tim.c     **** {
 343              		.loc 1 248 0
 344              		.cfi_startproc
 345              		@ args = 0, pretend = 0, frame = 8
 346              		@ frame_needed = 0, uses_anonymous_args = 0
 347              		@ link register save eliminated.
 348              	.LVL14:
 349 0000 82B0     		sub	sp, sp, #8
 350              	.LCFI12:
 351              		.cfi_def_cfa_offset 8
 249:Src/tim.c     **** 
 250:Src/tim.c     ****   if(tim_pwmHandle->Instance==TIM1)
 352              		.loc 1 250 0
 353 0002 0368     		ldr	r3, [r0]
 354 0004 104A     		ldr	r2, .L33
 355 0006 9342     		cmp	r3, r2
 356 0008 04D0     		beq	.L31
 251:Src/tim.c     ****   {
 252:Src/tim.c     ****   /* USER CODE BEGIN TIM1_MspInit 0 */
 253:Src/tim.c     **** 
 254:Src/tim.c     ****   /* USER CODE END TIM1_MspInit 0 */
 255:Src/tim.c     ****     /* TIM1 clock enable */
 256:Src/tim.c     ****     __HAL_RCC_TIM1_CLK_ENABLE();
 257:Src/tim.c     ****   /* USER CODE BEGIN TIM1_MspInit 1 */
 258:Src/tim.c     **** 
 259:Src/tim.c     ****   /* USER CODE END TIM1_MspInit 1 */
 260:Src/tim.c     ****   }
 261:Src/tim.c     ****   else if(tim_pwmHandle->Instance==TIM2)
 357              		.loc 1 261 0
 358 000a B3F1804F 		cmp	r3, #1073741824
 359 000e 0ED0     		beq	.L32
 360              	.L27:
 262:Src/tim.c     ****   {
 263:Src/tim.c     ****   /* USER CODE BEGIN TIM2_MspInit 0 */
 264:Src/tim.c     **** 
 265:Src/tim.c     ****   /* USER CODE END TIM2_MspInit 0 */
 266:Src/tim.c     ****     /* TIM2 clock enable */
 267:Src/tim.c     ****     __HAL_RCC_TIM2_CLK_ENABLE();
ARM GAS  C:\Users\kotaro\AppData\Local\Temp\ccQngAKd.s 			page 12


 268:Src/tim.c     ****   /* USER CODE BEGIN TIM2_MspInit 1 */
 269:Src/tim.c     **** 
 270:Src/tim.c     ****   /* USER CODE END TIM2_MspInit 1 */
 271:Src/tim.c     ****   }
 272:Src/tim.c     **** }
 361              		.loc 1 272 0
 362 0010 02B0     		add	sp, sp, #8
 363              	.LCFI13:
 364              		.cfi_remember_state
 365              		.cfi_def_cfa_offset 0
 366              		@ sp needed
 367 0012 7047     		bx	lr
 368              	.L31:
 369              	.LCFI14:
 370              		.cfi_restore_state
 371              	.LBB2:
 256:Src/tim.c     ****   /* USER CODE BEGIN TIM1_MspInit 1 */
 372              		.loc 1 256 0
 373 0014 0023     		movs	r3, #0
 374 0016 0093     		str	r3, [sp]
 375 0018 0C4B     		ldr	r3, .L33+4
 376 001a 5A6C     		ldr	r2, [r3, #68]
 377 001c 42F00102 		orr	r2, r2, #1
 378 0020 5A64     		str	r2, [r3, #68]
 379 0022 5B6C     		ldr	r3, [r3, #68]
 380 0024 03F00103 		and	r3, r3, #1
 381 0028 0093     		str	r3, [sp]
 382 002a 009B     		ldr	r3, [sp]
 383              	.LBE2:
 384 002c F0E7     		b	.L27
 385              	.L32:
 386              	.LBB3:
 267:Src/tim.c     ****   /* USER CODE BEGIN TIM2_MspInit 1 */
 387              		.loc 1 267 0
 388 002e 0023     		movs	r3, #0
 389 0030 0193     		str	r3, [sp, #4]
 390 0032 064B     		ldr	r3, .L33+4
 391 0034 1A6C     		ldr	r2, [r3, #64]
 392 0036 42F00102 		orr	r2, r2, #1
 393 003a 1A64     		str	r2, [r3, #64]
 394 003c 1B6C     		ldr	r3, [r3, #64]
 395 003e 03F00103 		and	r3, r3, #1
 396 0042 0193     		str	r3, [sp, #4]
 397 0044 019B     		ldr	r3, [sp, #4]
 398              	.LBE3:
 399              		.loc 1 272 0
 400 0046 E3E7     		b	.L27
 401              	.L34:
 402              		.align	2
 403              	.L33:
 404 0048 00000140 		.word	1073807360
 405 004c 00380240 		.word	1073887232
 406              		.cfi_endproc
 407              	.LFE131:
 409              		.section	.text.HAL_TIM_Encoder_MspInit,"ax",%progbits
 410              		.align	1
 411              		.global	HAL_TIM_Encoder_MspInit
ARM GAS  C:\Users\kotaro\AppData\Local\Temp\ccQngAKd.s 			page 13


 412              		.syntax unified
 413              		.thumb
 414              		.thumb_func
 415              		.fpu fpv4-sp-d16
 417              	HAL_TIM_Encoder_MspInit:
 418              	.LFB132:
 273:Src/tim.c     **** 
 274:Src/tim.c     **** void HAL_TIM_Encoder_MspInit(TIM_HandleTypeDef* tim_encoderHandle)
 275:Src/tim.c     **** {
 419              		.loc 1 275 0
 420              		.cfi_startproc
 421              		@ args = 0, pretend = 0, frame = 32
 422              		@ frame_needed = 0, uses_anonymous_args = 0
 423              	.LVL15:
 424 0000 00B5     		push	{lr}
 425              	.LCFI15:
 426              		.cfi_def_cfa_offset 4
 427              		.cfi_offset 14, -4
 428 0002 89B0     		sub	sp, sp, #36
 429              	.LCFI16:
 430              		.cfi_def_cfa_offset 40
 276:Src/tim.c     **** 
 277:Src/tim.c     ****   GPIO_InitTypeDef GPIO_InitStruct;
 278:Src/tim.c     ****   if(tim_encoderHandle->Instance==TIM3)
 431              		.loc 1 278 0
 432 0004 0368     		ldr	r3, [r0]
 433 0006 1D4A     		ldr	r2, .L41
 434 0008 9342     		cmp	r3, r2
 435 000a 05D0     		beq	.L39
 279:Src/tim.c     ****   {
 280:Src/tim.c     ****   /* USER CODE BEGIN TIM3_MspInit 0 */
 281:Src/tim.c     **** 
 282:Src/tim.c     ****   /* USER CODE END TIM3_MspInit 0 */
 283:Src/tim.c     ****     /* TIM3 clock enable */
 284:Src/tim.c     ****     __HAL_RCC_TIM3_CLK_ENABLE();
 285:Src/tim.c     ****   
 286:Src/tim.c     ****     /**TIM3 GPIO Configuration    
 287:Src/tim.c     ****     PC6     ------> TIM3_CH1
 288:Src/tim.c     ****     PC7     ------> TIM3_CH2 
 289:Src/tim.c     ****     */
 290:Src/tim.c     ****     GPIO_InitStruct.Pin = GPIO_PIN_6|GPIO_PIN_7;
 291:Src/tim.c     ****     GPIO_InitStruct.Mode = GPIO_MODE_AF_PP;
 292:Src/tim.c     ****     GPIO_InitStruct.Pull = GPIO_NOPULL;
 293:Src/tim.c     ****     GPIO_InitStruct.Speed = GPIO_SPEED_FREQ_LOW;
 294:Src/tim.c     ****     GPIO_InitStruct.Alternate = GPIO_AF2_TIM3;
 295:Src/tim.c     ****     HAL_GPIO_Init(GPIOC, &GPIO_InitStruct);
 296:Src/tim.c     **** 
 297:Src/tim.c     ****   /* USER CODE BEGIN TIM3_MspInit 1 */
 298:Src/tim.c     **** 
 299:Src/tim.c     ****   /* USER CODE END TIM3_MspInit 1 */
 300:Src/tim.c     ****   }
 301:Src/tim.c     ****   else if(tim_encoderHandle->Instance==TIM4)
 436              		.loc 1 301 0
 437 000c 1C4A     		ldr	r2, .L41+4
 438 000e 9342     		cmp	r3, r2
 439 0010 1BD0     		beq	.L40
 440              	.LVL16:
ARM GAS  C:\Users\kotaro\AppData\Local\Temp\ccQngAKd.s 			page 14


 441              	.L35:
 302:Src/tim.c     ****   {
 303:Src/tim.c     ****   /* USER CODE BEGIN TIM4_MspInit 0 */
 304:Src/tim.c     **** 
 305:Src/tim.c     ****   /* USER CODE END TIM4_MspInit 0 */
 306:Src/tim.c     ****     /* TIM4 clock enable */
 307:Src/tim.c     ****     __HAL_RCC_TIM4_CLK_ENABLE();
 308:Src/tim.c     ****   
 309:Src/tim.c     ****     /**TIM4 GPIO Configuration    
 310:Src/tim.c     ****     PB6     ------> TIM4_CH1
 311:Src/tim.c     ****     PB7     ------> TIM4_CH2 
 312:Src/tim.c     ****     */
 313:Src/tim.c     ****     GPIO_InitStruct.Pin = GPIO_PIN_6|GPIO_PIN_7;
 314:Src/tim.c     ****     GPIO_InitStruct.Mode = GPIO_MODE_AF_PP;
 315:Src/tim.c     ****     GPIO_InitStruct.Pull = GPIO_NOPULL;
 316:Src/tim.c     ****     GPIO_InitStruct.Speed = GPIO_SPEED_FREQ_LOW;
 317:Src/tim.c     ****     GPIO_InitStruct.Alternate = GPIO_AF2_TIM4;
 318:Src/tim.c     ****     HAL_GPIO_Init(GPIOB, &GPIO_InitStruct);
 319:Src/tim.c     **** 
 320:Src/tim.c     ****   /* USER CODE BEGIN TIM4_MspInit 1 */
 321:Src/tim.c     **** 
 322:Src/tim.c     ****   /* USER CODE END TIM4_MspInit 1 */
 323:Src/tim.c     ****   }
 324:Src/tim.c     **** }
 442              		.loc 1 324 0
 443 0012 09B0     		add	sp, sp, #36
 444              	.LCFI17:
 445              		.cfi_remember_state
 446              		.cfi_def_cfa_offset 4
 447              		@ sp needed
 448 0014 5DF804FB 		ldr	pc, [sp], #4
 449              	.LVL17:
 450              	.L39:
 451              	.LCFI18:
 452              		.cfi_restore_state
 453              	.LBB4:
 284:Src/tim.c     ****   
 454              		.loc 1 284 0
 455 0018 0023     		movs	r3, #0
 456 001a 0193     		str	r3, [sp, #4]
 457 001c 02F50D32 		add	r2, r2, #144384
 458 0020 116C     		ldr	r1, [r2, #64]
 459 0022 41F00201 		orr	r1, r1, #2
 460 0026 1164     		str	r1, [r2, #64]
 461 0028 126C     		ldr	r2, [r2, #64]
 462 002a 02F00202 		and	r2, r2, #2
 463 002e 0192     		str	r2, [sp, #4]
 464 0030 019A     		ldr	r2, [sp, #4]
 465              	.LBE4:
 290:Src/tim.c     ****     GPIO_InitStruct.Mode = GPIO_MODE_AF_PP;
 466              		.loc 1 290 0
 467 0032 C022     		movs	r2, #192
 468 0034 0392     		str	r2, [sp, #12]
 291:Src/tim.c     ****     GPIO_InitStruct.Pull = GPIO_NOPULL;
 469              		.loc 1 291 0
 470 0036 0222     		movs	r2, #2
 471 0038 0492     		str	r2, [sp, #16]
ARM GAS  C:\Users\kotaro\AppData\Local\Temp\ccQngAKd.s 			page 15


 292:Src/tim.c     ****     GPIO_InitStruct.Speed = GPIO_SPEED_FREQ_LOW;
 472              		.loc 1 292 0
 473 003a 0593     		str	r3, [sp, #20]
 293:Src/tim.c     ****     GPIO_InitStruct.Alternate = GPIO_AF2_TIM3;
 474              		.loc 1 293 0
 475 003c 0693     		str	r3, [sp, #24]
 294:Src/tim.c     ****     HAL_GPIO_Init(GPIOC, &GPIO_InitStruct);
 476              		.loc 1 294 0
 477 003e 0792     		str	r2, [sp, #28]
 295:Src/tim.c     **** 
 478              		.loc 1 295 0
 479 0040 03A9     		add	r1, sp, #12
 480 0042 1048     		ldr	r0, .L41+8
 481              	.LVL18:
 482 0044 FFF7FEFF 		bl	HAL_GPIO_Init
 483              	.LVL19:
 484 0048 E3E7     		b	.L35
 485              	.LVL20:
 486              	.L40:
 487              	.LBB5:
 307:Src/tim.c     ****   
 488              		.loc 1 307 0
 489 004a 0023     		movs	r3, #0
 490 004c 0293     		str	r3, [sp, #8]
 491 004e 02F50C32 		add	r2, r2, #143360
 492 0052 116C     		ldr	r1, [r2, #64]
 493 0054 41F00401 		orr	r1, r1, #4
 494 0058 1164     		str	r1, [r2, #64]
 495 005a 126C     		ldr	r2, [r2, #64]
 496 005c 02F00402 		and	r2, r2, #4
 497 0060 0292     		str	r2, [sp, #8]
 498 0062 029A     		ldr	r2, [sp, #8]
 499              	.LBE5:
 313:Src/tim.c     ****     GPIO_InitStruct.Mode = GPIO_MODE_AF_PP;
 500              		.loc 1 313 0
 501 0064 C022     		movs	r2, #192
 502 0066 0392     		str	r2, [sp, #12]
 314:Src/tim.c     ****     GPIO_InitStruct.Pull = GPIO_NOPULL;
 503              		.loc 1 314 0
 504 0068 0222     		movs	r2, #2
 505 006a 0492     		str	r2, [sp, #16]
 315:Src/tim.c     ****     GPIO_InitStruct.Speed = GPIO_SPEED_FREQ_LOW;
 506              		.loc 1 315 0
 507 006c 0593     		str	r3, [sp, #20]
 316:Src/tim.c     ****     GPIO_InitStruct.Alternate = GPIO_AF2_TIM4;
 508              		.loc 1 316 0
 509 006e 0693     		str	r3, [sp, #24]
 317:Src/tim.c     ****     HAL_GPIO_Init(GPIOB, &GPIO_InitStruct);
 510              		.loc 1 317 0
 511 0070 0792     		str	r2, [sp, #28]
 318:Src/tim.c     **** 
 512              		.loc 1 318 0
 513 0072 03A9     		add	r1, sp, #12
 514 0074 0448     		ldr	r0, .L41+12
 515              	.LVL21:
 516 0076 FFF7FEFF 		bl	HAL_GPIO_Init
 517              	.LVL22:
ARM GAS  C:\Users\kotaro\AppData\Local\Temp\ccQngAKd.s 			page 16


 518              		.loc 1 324 0
 519 007a CAE7     		b	.L35
 520              	.L42:
 521              		.align	2
 522              	.L41:
 523 007c 00040040 		.word	1073742848
 524 0080 00080040 		.word	1073743872
 525 0084 00080240 		.word	1073874944
 526 0088 00040240 		.word	1073873920
 527              		.cfi_endproc
 528              	.LFE132:
 530              		.section	.text.HAL_TIM_Base_MspInit,"ax",%progbits
 531              		.align	1
 532              		.global	HAL_TIM_Base_MspInit
 533              		.syntax unified
 534              		.thumb
 535              		.thumb_func
 536              		.fpu fpv4-sp-d16
 538              	HAL_TIM_Base_MspInit:
 539              	.LFB133:
 325:Src/tim.c     **** 
 326:Src/tim.c     **** void HAL_TIM_Base_MspInit(TIM_HandleTypeDef* tim_baseHandle)
 327:Src/tim.c     **** {
 540              		.loc 1 327 0
 541              		.cfi_startproc
 542              		@ args = 0, pretend = 0, frame = 8
 543              		@ frame_needed = 0, uses_anonymous_args = 0
 544              	.LVL23:
 328:Src/tim.c     **** 
 329:Src/tim.c     ****   if(tim_baseHandle->Instance==TIM5)
 545              		.loc 1 329 0
 546 0000 0268     		ldr	r2, [r0]
 547 0002 0E4B     		ldr	r3, .L50
 548 0004 9A42     		cmp	r2, r3
 549 0006 00D0     		beq	.L49
 550 0008 7047     		bx	lr
 551              	.L49:
 327:Src/tim.c     **** 
 552              		.loc 1 327 0
 553 000a 00B5     		push	{lr}
 554              	.LCFI19:
 555              		.cfi_def_cfa_offset 4
 556              		.cfi_offset 14, -4
 557 000c 83B0     		sub	sp, sp, #12
 558              	.LCFI20:
 559              		.cfi_def_cfa_offset 16
 560              	.LBB6:
 330:Src/tim.c     ****   {
 331:Src/tim.c     ****   /* USER CODE BEGIN TIM5_MspInit 0 */
 332:Src/tim.c     **** 
 333:Src/tim.c     ****   /* USER CODE END TIM5_MspInit 0 */
 334:Src/tim.c     ****     /* TIM5 clock enable */
 335:Src/tim.c     ****     __HAL_RCC_TIM5_CLK_ENABLE();
 561              		.loc 1 335 0
 562 000e 0021     		movs	r1, #0
 563 0010 0191     		str	r1, [sp, #4]
 564 0012 03F50B33 		add	r3, r3, #142336
ARM GAS  C:\Users\kotaro\AppData\Local\Temp\ccQngAKd.s 			page 17


 565 0016 1A6C     		ldr	r2, [r3, #64]
 566 0018 42F00802 		orr	r2, r2, #8
 567 001c 1A64     		str	r2, [r3, #64]
 568 001e 1B6C     		ldr	r3, [r3, #64]
 569 0020 03F00803 		and	r3, r3, #8
 570 0024 0193     		str	r3, [sp, #4]
 571 0026 019B     		ldr	r3, [sp, #4]
 572              	.LBE6:
 336:Src/tim.c     **** 
 337:Src/tim.c     ****     /* TIM5 interrupt Init */
 338:Src/tim.c     ****     HAL_NVIC_SetPriority(TIM5_IRQn, 0, 0);
 573              		.loc 1 338 0
 574 0028 0A46     		mov	r2, r1
 575 002a 3220     		movs	r0, #50
 576              	.LVL24:
 577 002c FFF7FEFF 		bl	HAL_NVIC_SetPriority
 578              	.LVL25:
 339:Src/tim.c     ****     HAL_NVIC_EnableIRQ(TIM5_IRQn);
 579              		.loc 1 339 0
 580 0030 3220     		movs	r0, #50
 581 0032 FFF7FEFF 		bl	HAL_NVIC_EnableIRQ
 582              	.LVL26:
 340:Src/tim.c     ****   /* USER CODE BEGIN TIM5_MspInit 1 */
 341:Src/tim.c     **** 
 342:Src/tim.c     ****   /* USER CODE END TIM5_MspInit 1 */
 343:Src/tim.c     ****   }
 344:Src/tim.c     **** }
 583              		.loc 1 344 0
 584 0036 03B0     		add	sp, sp, #12
 585              	.LCFI21:
 586              		.cfi_def_cfa_offset 4
 587              		@ sp needed
 588 0038 5DF804FB 		ldr	pc, [sp], #4
 589              	.L51:
 590              		.align	2
 591              	.L50:
 592 003c 000C0040 		.word	1073744896
 593              		.cfi_endproc
 594              	.LFE133:
 596              		.section	.text.HAL_TIM_MspPostInit,"ax",%progbits
 597              		.align	1
 598              		.global	HAL_TIM_MspPostInit
 599              		.syntax unified
 600              		.thumb
 601              		.thumb_func
 602              		.fpu fpv4-sp-d16
 604              	HAL_TIM_MspPostInit:
 605              	.LFB134:
 345:Src/tim.c     **** void HAL_TIM_MspPostInit(TIM_HandleTypeDef* timHandle)
 346:Src/tim.c     **** {
 606              		.loc 1 346 0
 607              		.cfi_startproc
 608              		@ args = 0, pretend = 0, frame = 24
 609              		@ frame_needed = 0, uses_anonymous_args = 0
 610              	.LVL27:
 611 0000 00B5     		push	{lr}
 612              	.LCFI22:
ARM GAS  C:\Users\kotaro\AppData\Local\Temp\ccQngAKd.s 			page 18


 613              		.cfi_def_cfa_offset 4
 614              		.cfi_offset 14, -4
 615 0002 87B0     		sub	sp, sp, #28
 616              	.LCFI23:
 617              		.cfi_def_cfa_offset 32
 347:Src/tim.c     **** 
 348:Src/tim.c     ****   GPIO_InitTypeDef GPIO_InitStruct;
 349:Src/tim.c     ****   if(timHandle->Instance==TIM1)
 618              		.loc 1 349 0
 619 0004 0368     		ldr	r3, [r0]
 620 0006 134A     		ldr	r2, .L58
 621 0008 9342     		cmp	r3, r2
 622 000a 05D0     		beq	.L56
 350:Src/tim.c     ****   {
 351:Src/tim.c     ****   /* USER CODE BEGIN TIM1_MspPostInit 0 */
 352:Src/tim.c     **** 
 353:Src/tim.c     ****   /* USER CODE END TIM1_MspPostInit 0 */
 354:Src/tim.c     ****     /**TIM1 GPIO Configuration    
 355:Src/tim.c     ****     PA8     ------> TIM1_CH1 
 356:Src/tim.c     ****     */
 357:Src/tim.c     ****     GPIO_InitStruct.Pin = GPIO_PIN_8;
 358:Src/tim.c     ****     GPIO_InitStruct.Mode = GPIO_MODE_AF_PP;
 359:Src/tim.c     ****     GPIO_InitStruct.Pull = GPIO_NOPULL;
 360:Src/tim.c     ****     GPIO_InitStruct.Speed = GPIO_SPEED_FREQ_LOW;
 361:Src/tim.c     ****     GPIO_InitStruct.Alternate = GPIO_AF1_TIM1;
 362:Src/tim.c     ****     HAL_GPIO_Init(GPIOA, &GPIO_InitStruct);
 363:Src/tim.c     **** 
 364:Src/tim.c     ****   /* USER CODE BEGIN TIM1_MspPostInit 1 */
 365:Src/tim.c     **** 
 366:Src/tim.c     ****   /* USER CODE END TIM1_MspPostInit 1 */
 367:Src/tim.c     ****   }
 368:Src/tim.c     ****   else if(timHandle->Instance==TIM2)
 623              		.loc 1 368 0
 624 000c B3F1804F 		cmp	r3, #1073741824
 625 0010 11D0     		beq	.L57
 626              	.LVL28:
 627              	.L52:
 369:Src/tim.c     ****   {
 370:Src/tim.c     ****   /* USER CODE BEGIN TIM2_MspPostInit 0 */
 371:Src/tim.c     **** 
 372:Src/tim.c     ****   /* USER CODE END TIM2_MspPostInit 0 */
 373:Src/tim.c     ****   
 374:Src/tim.c     ****     /**TIM2 GPIO Configuration    
 375:Src/tim.c     ****     PB10     ------> TIM2_CH3
 376:Src/tim.c     ****     PB11     ------> TIM2_CH4 
 377:Src/tim.c     ****     */
 378:Src/tim.c     ****     GPIO_InitStruct.Pin = GPIO_PIN_10|GPIO_PIN_11;
 379:Src/tim.c     ****     GPIO_InitStruct.Mode = GPIO_MODE_AF_PP;
 380:Src/tim.c     ****     GPIO_InitStruct.Pull = GPIO_NOPULL;
 381:Src/tim.c     ****     GPIO_InitStruct.Speed = GPIO_SPEED_FREQ_LOW;
 382:Src/tim.c     ****     GPIO_InitStruct.Alternate = GPIO_AF1_TIM2;
 383:Src/tim.c     ****     HAL_GPIO_Init(GPIOB, &GPIO_InitStruct);
 384:Src/tim.c     **** 
 385:Src/tim.c     ****   /* USER CODE BEGIN TIM2_MspPostInit 1 */
 386:Src/tim.c     **** 
 387:Src/tim.c     ****   /* USER CODE END TIM2_MspPostInit 1 */
 388:Src/tim.c     ****   }
ARM GAS  C:\Users\kotaro\AppData\Local\Temp\ccQngAKd.s 			page 19


 389:Src/tim.c     **** 
 390:Src/tim.c     **** }
 628              		.loc 1 390 0
 629 0012 07B0     		add	sp, sp, #28
 630              	.LCFI24:
 631              		.cfi_remember_state
 632              		.cfi_def_cfa_offset 4
 633              		@ sp needed
 634 0014 5DF804FB 		ldr	pc, [sp], #4
 635              	.LVL29:
 636              	.L56:
 637              	.LCFI25:
 638              		.cfi_restore_state
 357:Src/tim.c     ****     GPIO_InitStruct.Mode = GPIO_MODE_AF_PP;
 639              		.loc 1 357 0
 640 0018 4FF48073 		mov	r3, #256
 641 001c 0193     		str	r3, [sp, #4]
 358:Src/tim.c     ****     GPIO_InitStruct.Pull = GPIO_NOPULL;
 642              		.loc 1 358 0
 643 001e 0223     		movs	r3, #2
 644 0020 0293     		str	r3, [sp, #8]
 359:Src/tim.c     ****     GPIO_InitStruct.Speed = GPIO_SPEED_FREQ_LOW;
 645              		.loc 1 359 0
 646 0022 0023     		movs	r3, #0
 647 0024 0393     		str	r3, [sp, #12]
 360:Src/tim.c     ****     GPIO_InitStruct.Alternate = GPIO_AF1_TIM1;
 648              		.loc 1 360 0
 649 0026 0493     		str	r3, [sp, #16]
 361:Src/tim.c     ****     HAL_GPIO_Init(GPIOA, &GPIO_InitStruct);
 650              		.loc 1 361 0
 651 0028 0123     		movs	r3, #1
 652 002a 0593     		str	r3, [sp, #20]
 362:Src/tim.c     **** 
 653              		.loc 1 362 0
 654 002c 01A9     		add	r1, sp, #4
 655 002e 0A48     		ldr	r0, .L58+4
 656              	.LVL30:
 657 0030 FFF7FEFF 		bl	HAL_GPIO_Init
 658              	.LVL31:
 659 0034 EDE7     		b	.L52
 660              	.LVL32:
 661              	.L57:
 378:Src/tim.c     ****     GPIO_InitStruct.Mode = GPIO_MODE_AF_PP;
 662              		.loc 1 378 0
 663 0036 4FF44063 		mov	r3, #3072
 664 003a 0193     		str	r3, [sp, #4]
 379:Src/tim.c     ****     GPIO_InitStruct.Pull = GPIO_NOPULL;
 665              		.loc 1 379 0
 666 003c 0223     		movs	r3, #2
 667 003e 0293     		str	r3, [sp, #8]
 380:Src/tim.c     ****     GPIO_InitStruct.Speed = GPIO_SPEED_FREQ_LOW;
 668              		.loc 1 380 0
 669 0040 0023     		movs	r3, #0
 670 0042 0393     		str	r3, [sp, #12]
 381:Src/tim.c     ****     GPIO_InitStruct.Alternate = GPIO_AF1_TIM2;
 671              		.loc 1 381 0
 672 0044 0493     		str	r3, [sp, #16]
ARM GAS  C:\Users\kotaro\AppData\Local\Temp\ccQngAKd.s 			page 20


 382:Src/tim.c     ****     HAL_GPIO_Init(GPIOB, &GPIO_InitStruct);
 673              		.loc 1 382 0
 674 0046 0123     		movs	r3, #1
 675 0048 0593     		str	r3, [sp, #20]
 383:Src/tim.c     **** 
 676              		.loc 1 383 0
 677 004a 01A9     		add	r1, sp, #4
 678 004c 0348     		ldr	r0, .L58+8
 679              	.LVL33:
 680 004e FFF7FEFF 		bl	HAL_GPIO_Init
 681              	.LVL34:
 682              		.loc 1 390 0
 683 0052 DEE7     		b	.L52
 684              	.L59:
 685              		.align	2
 686              	.L58:
 687 0054 00000140 		.word	1073807360
 688 0058 00000240 		.word	1073872896
 689 005c 00040240 		.word	1073873920
 690              		.cfi_endproc
 691              	.LFE134:
 693              		.section	.text.MX_TIM1_Init,"ax",%progbits
 694              		.align	1
 695              		.global	MX_TIM1_Init
 696              		.syntax unified
 697              		.thumb
 698              		.thumb_func
 699              		.fpu fpv4-sp-d16
 701              	MX_TIM1_Init:
 702              	.LFB126:
  60:Src/tim.c     ****   TIM_MasterConfigTypeDef sMasterConfig;
 703              		.loc 1 60 0
 704              		.cfi_startproc
 705              		@ args = 0, pretend = 0, frame = 64
 706              		@ frame_needed = 0, uses_anonymous_args = 0
 707 0000 00B5     		push	{lr}
 708              	.LCFI26:
 709              		.cfi_def_cfa_offset 4
 710              		.cfi_offset 14, -4
 711 0002 91B0     		sub	sp, sp, #68
 712              	.LCFI27:
 713              		.cfi_def_cfa_offset 72
  65:Src/tim.c     ****   htim1.Init.Prescaler = 9;
 714              		.loc 1 65 0
 715 0004 2748     		ldr	r0, .L70
 716 0006 284B     		ldr	r3, .L70+4
 717 0008 0360     		str	r3, [r0]
  66:Src/tim.c     ****   htim1.Init.CounterMode = TIM_COUNTERMODE_UP;
 718              		.loc 1 66 0
 719 000a 0923     		movs	r3, #9
 720 000c 4360     		str	r3, [r0, #4]
  67:Src/tim.c     ****   htim1.Init.Period = 999;
 721              		.loc 1 67 0
 722 000e 0023     		movs	r3, #0
 723 0010 8360     		str	r3, [r0, #8]
  68:Src/tim.c     ****   htim1.Init.ClockDivision = TIM_CLOCKDIVISION_DIV1;
 724              		.loc 1 68 0
ARM GAS  C:\Users\kotaro\AppData\Local\Temp\ccQngAKd.s 			page 21


 725 0012 40F2E732 		movw	r2, #999
 726 0016 C260     		str	r2, [r0, #12]
  69:Src/tim.c     ****   htim1.Init.RepetitionCounter = 0;
 727              		.loc 1 69 0
 728 0018 0361     		str	r3, [r0, #16]
  70:Src/tim.c     ****   if (HAL_TIM_PWM_Init(&htim1) != HAL_OK)
 729              		.loc 1 70 0
 730 001a 4361     		str	r3, [r0, #20]
  71:Src/tim.c     ****   {
 731              		.loc 1 71 0
 732 001c FFF7FEFF 		bl	HAL_TIM_PWM_Init
 733              	.LVL35:
 734 0020 0028     		cmp	r0, #0
 735 0022 2AD1     		bne	.L66
 736              	.L61:
  76:Src/tim.c     ****   sMasterConfig.MasterSlaveMode = TIM_MASTERSLAVEMODE_DISABLE;
 737              		.loc 1 76 0
 738 0024 0023     		movs	r3, #0
 739 0026 0E93     		str	r3, [sp, #56]
  77:Src/tim.c     ****   if (HAL_TIMEx_MasterConfigSynchronization(&htim1, &sMasterConfig) != HAL_OK)
 740              		.loc 1 77 0
 741 0028 0F93     		str	r3, [sp, #60]
  78:Src/tim.c     ****   {
 742              		.loc 1 78 0
 743 002a 0EA9     		add	r1, sp, #56
 744 002c 1D48     		ldr	r0, .L70
 745 002e FFF7FEFF 		bl	HAL_TIMEx_MasterConfigSynchronization
 746              	.LVL36:
 747 0032 38BB     		cbnz	r0, .L67
 748              	.L62:
  83:Src/tim.c     ****   sConfigOC.Pulse = 0;
 749              		.loc 1 83 0
 750 0034 6023     		movs	r3, #96
 751 0036 0793     		str	r3, [sp, #28]
  84:Src/tim.c     ****   sConfigOC.OCPolarity = TIM_OCPOLARITY_HIGH;
 752              		.loc 1 84 0
 753 0038 0022     		movs	r2, #0
 754 003a 0892     		str	r2, [sp, #32]
  85:Src/tim.c     ****   sConfigOC.OCNPolarity = TIM_OCNPOLARITY_HIGH;
 755              		.loc 1 85 0
 756 003c 0992     		str	r2, [sp, #36]
  86:Src/tim.c     ****   sConfigOC.OCFastMode = TIM_OCFAST_DISABLE;
 757              		.loc 1 86 0
 758 003e 0A92     		str	r2, [sp, #40]
  87:Src/tim.c     ****   sConfigOC.OCIdleState = TIM_OCIDLESTATE_RESET;
 759              		.loc 1 87 0
 760 0040 0B92     		str	r2, [sp, #44]
  88:Src/tim.c     ****   sConfigOC.OCNIdleState = TIM_OCNIDLESTATE_RESET;
 761              		.loc 1 88 0
 762 0042 0C92     		str	r2, [sp, #48]
  89:Src/tim.c     ****   if (HAL_TIM_PWM_ConfigChannel(&htim1, &sConfigOC, TIM_CHANNEL_1) != HAL_OK)
 763              		.loc 1 89 0
 764 0044 0D92     		str	r2, [sp, #52]
  90:Src/tim.c     ****   {
 765              		.loc 1 90 0
 766 0046 07A9     		add	r1, sp, #28
 767 0048 1648     		ldr	r0, .L70
ARM GAS  C:\Users\kotaro\AppData\Local\Temp\ccQngAKd.s 			page 22


 768 004a FFF7FEFF 		bl	HAL_TIM_PWM_ConfigChannel
 769              	.LVL37:
 770 004e F0B9     		cbnz	r0, .L68
 771              	.L63:
  95:Src/tim.c     ****   sBreakDeadTimeConfig.OffStateIDLEMode = TIM_OSSI_DISABLE;
 772              		.loc 1 95 0
 773 0050 0023     		movs	r3, #0
 774 0052 0093     		str	r3, [sp]
  96:Src/tim.c     ****   sBreakDeadTimeConfig.LockLevel = TIM_LOCKLEVEL_OFF;
 775              		.loc 1 96 0
 776 0054 0193     		str	r3, [sp, #4]
  97:Src/tim.c     ****   sBreakDeadTimeConfig.DeadTime = 0;
 777              		.loc 1 97 0
 778 0056 0293     		str	r3, [sp, #8]
  98:Src/tim.c     ****   sBreakDeadTimeConfig.BreakState = TIM_BREAK_DISABLE;
 779              		.loc 1 98 0
 780 0058 0393     		str	r3, [sp, #12]
  99:Src/tim.c     ****   sBreakDeadTimeConfig.BreakPolarity = TIM_BREAKPOLARITY_HIGH;
 781              		.loc 1 99 0
 782 005a 0493     		str	r3, [sp, #16]
 100:Src/tim.c     ****   sBreakDeadTimeConfig.AutomaticOutput = TIM_AUTOMATICOUTPUT_DISABLE;
 783              		.loc 1 100 0
 784 005c 4FF40052 		mov	r2, #8192
 785 0060 0592     		str	r2, [sp, #20]
 101:Src/tim.c     ****   if (HAL_TIMEx_ConfigBreakDeadTime(&htim1, &sBreakDeadTimeConfig) != HAL_OK)
 786              		.loc 1 101 0
 787 0062 0693     		str	r3, [sp, #24]
 102:Src/tim.c     ****   {
 788              		.loc 1 102 0
 789 0064 6946     		mov	r1, sp
 790 0066 0F48     		ldr	r0, .L70
 791 0068 FFF7FEFF 		bl	HAL_TIMEx_ConfigBreakDeadTime
 792              	.LVL38:
 793 006c A0B9     		cbnz	r0, .L69
 794              	.L64:
 107:Src/tim.c     **** 
 795              		.loc 1 107 0
 796 006e 0D48     		ldr	r0, .L70
 797 0070 FFF7FEFF 		bl	HAL_TIM_MspPostInit
 798              	.LVL39:
 109:Src/tim.c     **** /* TIM2 init function */
 799              		.loc 1 109 0
 800 0074 11B0     		add	sp, sp, #68
 801              	.LCFI28:
 802              		.cfi_remember_state
 803              		.cfi_def_cfa_offset 4
 804              		@ sp needed
 805 0076 5DF804FB 		ldr	pc, [sp], #4
 806              	.L66:
 807              	.LCFI29:
 808              		.cfi_restore_state
  73:Src/tim.c     ****   }
 809              		.loc 1 73 0
 810 007a 4921     		movs	r1, #73
 811 007c 0B48     		ldr	r0, .L70+8
 812 007e FFF7FEFF 		bl	_Error_Handler
 813              	.LVL40:
ARM GAS  C:\Users\kotaro\AppData\Local\Temp\ccQngAKd.s 			page 23


 814 0082 CFE7     		b	.L61
 815              	.L67:
  80:Src/tim.c     ****   }
 816              		.loc 1 80 0
 817 0084 5021     		movs	r1, #80
 818 0086 0948     		ldr	r0, .L70+8
 819 0088 FFF7FEFF 		bl	_Error_Handler
 820              	.LVL41:
 821 008c D2E7     		b	.L62
 822              	.L68:
  92:Src/tim.c     ****   }
 823              		.loc 1 92 0
 824 008e 5C21     		movs	r1, #92
 825 0090 0648     		ldr	r0, .L70+8
 826 0092 FFF7FEFF 		bl	_Error_Handler
 827              	.LVL42:
 828 0096 DBE7     		b	.L63
 829              	.L69:
 104:Src/tim.c     ****   }
 830              		.loc 1 104 0
 831 0098 6821     		movs	r1, #104
 832 009a 0448     		ldr	r0, .L70+8
 833 009c FFF7FEFF 		bl	_Error_Handler
 834              	.LVL43:
 835 00a0 E5E7     		b	.L64
 836              	.L71:
 837 00a2 00BF     		.align	2
 838              	.L70:
 839 00a4 00000000 		.word	htim1
 840 00a8 00000140 		.word	1073807360
 841 00ac 00000000 		.word	.LC0
 842              		.cfi_endproc
 843              	.LFE126:
 845              		.section	.text.MX_TIM2_Init,"ax",%progbits
 846              		.align	1
 847              		.global	MX_TIM2_Init
 848              		.syntax unified
 849              		.thumb
 850              		.thumb_func
 851              		.fpu fpv4-sp-d16
 853              	MX_TIM2_Init:
 854              	.LFB127:
 112:Src/tim.c     ****   TIM_MasterConfigTypeDef sMasterConfig;
 855              		.loc 1 112 0
 856              		.cfi_startproc
 857              		@ args = 0, pretend = 0, frame = 40
 858              		@ frame_needed = 0, uses_anonymous_args = 0
 859 0000 00B5     		push	{lr}
 860              	.LCFI30:
 861              		.cfi_def_cfa_offset 4
 862              		.cfi_offset 14, -4
 863 0002 8BB0     		sub	sp, sp, #44
 864              	.LCFI31:
 865              		.cfi_def_cfa_offset 48
 116:Src/tim.c     ****   htim2.Init.Prescaler = 4;
 866              		.loc 1 116 0
 867 0004 2148     		ldr	r0, .L82
ARM GAS  C:\Users\kotaro\AppData\Local\Temp\ccQngAKd.s 			page 24


 868 0006 4FF08043 		mov	r3, #1073741824
 869 000a 0360     		str	r3, [r0]
 117:Src/tim.c     ****   htim2.Init.CounterMode = TIM_COUNTERMODE_UP;
 870              		.loc 1 117 0
 871 000c 0423     		movs	r3, #4
 872 000e 4360     		str	r3, [r0, #4]
 118:Src/tim.c     ****   htim2.Init.Period = 999;
 873              		.loc 1 118 0
 874 0010 0023     		movs	r3, #0
 875 0012 8360     		str	r3, [r0, #8]
 119:Src/tim.c     ****   htim2.Init.ClockDivision = TIM_CLOCKDIVISION_DIV1;
 876              		.loc 1 119 0
 877 0014 40F2E732 		movw	r2, #999
 878 0018 C260     		str	r2, [r0, #12]
 120:Src/tim.c     ****   if (HAL_TIM_PWM_Init(&htim2) != HAL_OK)
 879              		.loc 1 120 0
 880 001a 0361     		str	r3, [r0, #16]
 121:Src/tim.c     ****   {
 881              		.loc 1 121 0
 882 001c FFF7FEFF 		bl	HAL_TIM_PWM_Init
 883              	.LVL44:
 884 0020 F8B9     		cbnz	r0, .L78
 885              	.L73:
 126:Src/tim.c     ****   sMasterConfig.MasterSlaveMode = TIM_MASTERSLAVEMODE_DISABLE;
 886              		.loc 1 126 0
 887 0022 0023     		movs	r3, #0
 888 0024 0893     		str	r3, [sp, #32]
 127:Src/tim.c     ****   if (HAL_TIMEx_MasterConfigSynchronization(&htim2, &sMasterConfig) != HAL_OK)
 889              		.loc 1 127 0
 890 0026 0993     		str	r3, [sp, #36]
 128:Src/tim.c     ****   {
 891              		.loc 1 128 0
 892 0028 08A9     		add	r1, sp, #32
 893 002a 1848     		ldr	r0, .L82
 894 002c FFF7FEFF 		bl	HAL_TIMEx_MasterConfigSynchronization
 895              	.LVL45:
 896 0030 E0B9     		cbnz	r0, .L79
 897              	.L74:
 133:Src/tim.c     ****   sConfigOC.Pulse = 0;
 898              		.loc 1 133 0
 899 0032 6023     		movs	r3, #96
 900 0034 0193     		str	r3, [sp, #4]
 134:Src/tim.c     ****   sConfigOC.OCPolarity = TIM_OCPOLARITY_HIGH;
 901              		.loc 1 134 0
 902 0036 0023     		movs	r3, #0
 903 0038 0293     		str	r3, [sp, #8]
 135:Src/tim.c     ****   sConfigOC.OCFastMode = TIM_OCFAST_DISABLE;
 904              		.loc 1 135 0
 905 003a 0393     		str	r3, [sp, #12]
 136:Src/tim.c     ****   if (HAL_TIM_PWM_ConfigChannel(&htim2, &sConfigOC, TIM_CHANNEL_3) != HAL_OK)
 906              		.loc 1 136 0
 907 003c 0593     		str	r3, [sp, #20]
 137:Src/tim.c     ****   {
 908              		.loc 1 137 0
 909 003e 0822     		movs	r2, #8
 910 0040 01A9     		add	r1, sp, #4
 911 0042 1248     		ldr	r0, .L82
ARM GAS  C:\Users\kotaro\AppData\Local\Temp\ccQngAKd.s 			page 25


 912 0044 FFF7FEFF 		bl	HAL_TIM_PWM_ConfigChannel
 913              	.LVL46:
 914 0048 A8B9     		cbnz	r0, .L80
 915              	.L75:
 142:Src/tim.c     ****   {
 916              		.loc 1 142 0
 917 004a 0C22     		movs	r2, #12
 918 004c 01A9     		add	r1, sp, #4
 919 004e 0F48     		ldr	r0, .L82
 920 0050 FFF7FEFF 		bl	HAL_TIM_PWM_ConfigChannel
 921              	.LVL47:
 922 0054 A0B9     		cbnz	r0, .L81
 923              	.L76:
 147:Src/tim.c     **** 
 924              		.loc 1 147 0
 925 0056 0D48     		ldr	r0, .L82
 926 0058 FFF7FEFF 		bl	HAL_TIM_MspPostInit
 927              	.LVL48:
 149:Src/tim.c     **** /* TIM3 init function */
 928              		.loc 1 149 0
 929 005c 0BB0     		add	sp, sp, #44
 930              	.LCFI32:
 931              		.cfi_remember_state
 932              		.cfi_def_cfa_offset 4
 933              		@ sp needed
 934 005e 5DF804FB 		ldr	pc, [sp], #4
 935              	.L78:
 936              	.LCFI33:
 937              		.cfi_restore_state
 123:Src/tim.c     ****   }
 938              		.loc 1 123 0
 939 0062 7B21     		movs	r1, #123
 940 0064 0A48     		ldr	r0, .L82+4
 941 0066 FFF7FEFF 		bl	_Error_Handler
 942              	.LVL49:
 943 006a DAE7     		b	.L73
 944              	.L79:
 130:Src/tim.c     ****   }
 945              		.loc 1 130 0
 946 006c 8221     		movs	r1, #130
 947 006e 0848     		ldr	r0, .L82+4
 948 0070 FFF7FEFF 		bl	_Error_Handler
 949              	.LVL50:
 950 0074 DDE7     		b	.L74
 951              	.L80:
 139:Src/tim.c     ****   }
 952              		.loc 1 139 0
 953 0076 8B21     		movs	r1, #139
 954 0078 0548     		ldr	r0, .L82+4
 955 007a FFF7FEFF 		bl	_Error_Handler
 956              	.LVL51:
 957 007e E4E7     		b	.L75
 958              	.L81:
 144:Src/tim.c     ****   }
 959              		.loc 1 144 0
 960 0080 9021     		movs	r1, #144
 961 0082 0348     		ldr	r0, .L82+4
ARM GAS  C:\Users\kotaro\AppData\Local\Temp\ccQngAKd.s 			page 26


 962 0084 FFF7FEFF 		bl	_Error_Handler
 963              	.LVL52:
 964 0088 E5E7     		b	.L76
 965              	.L83:
 966 008a 00BF     		.align	2
 967              	.L82:
 968 008c 00000000 		.word	htim2
 969 0090 00000000 		.word	.LC0
 970              		.cfi_endproc
 971              	.LFE127:
 973              		.section	.text.HAL_TIM_PWM_MspDeInit,"ax",%progbits
 974              		.align	1
 975              		.global	HAL_TIM_PWM_MspDeInit
 976              		.syntax unified
 977              		.thumb
 978              		.thumb_func
 979              		.fpu fpv4-sp-d16
 981              	HAL_TIM_PWM_MspDeInit:
 982              	.LFB135:
 391:Src/tim.c     **** 
 392:Src/tim.c     **** void HAL_TIM_PWM_MspDeInit(TIM_HandleTypeDef* tim_pwmHandle)
 393:Src/tim.c     **** {
 983              		.loc 1 393 0
 984              		.cfi_startproc
 985              		@ args = 0, pretend = 0, frame = 0
 986              		@ frame_needed = 0, uses_anonymous_args = 0
 987              		@ link register save eliminated.
 988              	.LVL53:
 394:Src/tim.c     **** 
 395:Src/tim.c     ****   if(tim_pwmHandle->Instance==TIM1)
 989              		.loc 1 395 0
 990 0000 0368     		ldr	r3, [r0]
 991 0002 0A4A     		ldr	r2, .L89
 992 0004 9342     		cmp	r3, r2
 993 0006 03D0     		beq	.L87
 396:Src/tim.c     ****   {
 397:Src/tim.c     ****   /* USER CODE BEGIN TIM1_MspDeInit 0 */
 398:Src/tim.c     **** 
 399:Src/tim.c     ****   /* USER CODE END TIM1_MspDeInit 0 */
 400:Src/tim.c     ****     /* Peripheral clock disable */
 401:Src/tim.c     ****     __HAL_RCC_TIM1_CLK_DISABLE();
 402:Src/tim.c     ****   /* USER CODE BEGIN TIM1_MspDeInit 1 */
 403:Src/tim.c     **** 
 404:Src/tim.c     ****   /* USER CODE END TIM1_MspDeInit 1 */
 405:Src/tim.c     ****   }
 406:Src/tim.c     ****   else if(tim_pwmHandle->Instance==TIM2)
 994              		.loc 1 406 0
 995 0008 B3F1804F 		cmp	r3, #1073741824
 996 000c 07D0     		beq	.L88
 997              	.L84:
 407:Src/tim.c     ****   {
 408:Src/tim.c     ****   /* USER CODE BEGIN TIM2_MspDeInit 0 */
 409:Src/tim.c     **** 
 410:Src/tim.c     ****   /* USER CODE END TIM2_MspDeInit 0 */
 411:Src/tim.c     ****     /* Peripheral clock disable */
 412:Src/tim.c     ****     __HAL_RCC_TIM2_CLK_DISABLE();
 413:Src/tim.c     ****   /* USER CODE BEGIN TIM2_MspDeInit 1 */
ARM GAS  C:\Users\kotaro\AppData\Local\Temp\ccQngAKd.s 			page 27


 414:Src/tim.c     **** 
 415:Src/tim.c     ****   /* USER CODE END TIM2_MspDeInit 1 */
 416:Src/tim.c     ****   }
 417:Src/tim.c     **** }
 998              		.loc 1 417 0
 999 000e 7047     		bx	lr
 1000              	.L87:
 401:Src/tim.c     ****   /* USER CODE BEGIN TIM1_MspDeInit 1 */
 1001              		.loc 1 401 0
 1002 0010 02F59C32 		add	r2, r2, #79872
 1003 0014 536C     		ldr	r3, [r2, #68]
 1004 0016 23F00103 		bic	r3, r3, #1
 1005 001a 5364     		str	r3, [r2, #68]
 1006 001c 7047     		bx	lr
 1007              	.L88:
 412:Src/tim.c     ****   /* USER CODE BEGIN TIM2_MspDeInit 1 */
 1008              		.loc 1 412 0
 1009 001e 044A     		ldr	r2, .L89+4
 1010 0020 136C     		ldr	r3, [r2, #64]
 1011 0022 23F00103 		bic	r3, r3, #1
 1012 0026 1364     		str	r3, [r2, #64]
 1013              		.loc 1 417 0
 1014 0028 F1E7     		b	.L84
 1015              	.L90:
 1016 002a 00BF     		.align	2
 1017              	.L89:
 1018 002c 00000140 		.word	1073807360
 1019 0030 00380240 		.word	1073887232
 1020              		.cfi_endproc
 1021              	.LFE135:
 1023              		.section	.text.HAL_TIM_Encoder_MspDeInit,"ax",%progbits
 1024              		.align	1
 1025              		.global	HAL_TIM_Encoder_MspDeInit
 1026              		.syntax unified
 1027              		.thumb
 1028              		.thumb_func
 1029              		.fpu fpv4-sp-d16
 1031              	HAL_TIM_Encoder_MspDeInit:
 1032              	.LFB136:
 418:Src/tim.c     **** 
 419:Src/tim.c     **** void HAL_TIM_Encoder_MspDeInit(TIM_HandleTypeDef* tim_encoderHandle)
 420:Src/tim.c     **** {
 1033              		.loc 1 420 0
 1034              		.cfi_startproc
 1035              		@ args = 0, pretend = 0, frame = 0
 1036              		@ frame_needed = 0, uses_anonymous_args = 0
 1037              	.LVL54:
 1038 0000 08B5     		push	{r3, lr}
 1039              	.LCFI34:
 1040              		.cfi_def_cfa_offset 8
 1041              		.cfi_offset 3, -8
 1042              		.cfi_offset 14, -4
 421:Src/tim.c     **** 
 422:Src/tim.c     ****   if(tim_encoderHandle->Instance==TIM3)
 1043              		.loc 1 422 0
 1044 0002 0368     		ldr	r3, [r0]
 1045 0004 0E4A     		ldr	r2, .L97
ARM GAS  C:\Users\kotaro\AppData\Local\Temp\ccQngAKd.s 			page 28


 1046 0006 9342     		cmp	r3, r2
 1047 0008 03D0     		beq	.L95
 423:Src/tim.c     ****   {
 424:Src/tim.c     ****   /* USER CODE BEGIN TIM3_MspDeInit 0 */
 425:Src/tim.c     **** 
 426:Src/tim.c     ****   /* USER CODE END TIM3_MspDeInit 0 */
 427:Src/tim.c     ****     /* Peripheral clock disable */
 428:Src/tim.c     ****     __HAL_RCC_TIM3_CLK_DISABLE();
 429:Src/tim.c     ****   
 430:Src/tim.c     ****     /**TIM3 GPIO Configuration    
 431:Src/tim.c     ****     PC6     ------> TIM3_CH1
 432:Src/tim.c     ****     PC7     ------> TIM3_CH2 
 433:Src/tim.c     ****     */
 434:Src/tim.c     ****     HAL_GPIO_DeInit(GPIOC, GPIO_PIN_6|GPIO_PIN_7);
 435:Src/tim.c     **** 
 436:Src/tim.c     ****   /* USER CODE BEGIN TIM3_MspDeInit 1 */
 437:Src/tim.c     **** 
 438:Src/tim.c     ****   /* USER CODE END TIM3_MspDeInit 1 */
 439:Src/tim.c     ****   }
 440:Src/tim.c     ****   else if(tim_encoderHandle->Instance==TIM4)
 1048              		.loc 1 440 0
 1049 000a 0E4A     		ldr	r2, .L97+4
 1050 000c 9342     		cmp	r3, r2
 1051 000e 0BD0     		beq	.L96
 1052              	.LVL55:
 1053              	.L91:
 441:Src/tim.c     ****   {
 442:Src/tim.c     ****   /* USER CODE BEGIN TIM4_MspDeInit 0 */
 443:Src/tim.c     **** 
 444:Src/tim.c     ****   /* USER CODE END TIM4_MspDeInit 0 */
 445:Src/tim.c     ****     /* Peripheral clock disable */
 446:Src/tim.c     ****     __HAL_RCC_TIM4_CLK_DISABLE();
 447:Src/tim.c     ****   
 448:Src/tim.c     ****     /**TIM4 GPIO Configuration    
 449:Src/tim.c     ****     PB6     ------> TIM4_CH1
 450:Src/tim.c     ****     PB7     ------> TIM4_CH2 
 451:Src/tim.c     ****     */
 452:Src/tim.c     ****     HAL_GPIO_DeInit(GPIOB, GPIO_PIN_6|GPIO_PIN_7);
 453:Src/tim.c     **** 
 454:Src/tim.c     ****   /* USER CODE BEGIN TIM4_MspDeInit 1 */
 455:Src/tim.c     **** 
 456:Src/tim.c     ****   /* USER CODE END TIM4_MspDeInit 1 */
 457:Src/tim.c     ****   }
 458:Src/tim.c     **** }
 1054              		.loc 1 458 0
 1055 0010 08BD     		pop	{r3, pc}
 1056              	.LVL56:
 1057              	.L95:
 428:Src/tim.c     ****   
 1058              		.loc 1 428 0
 1059 0012 02F50D32 		add	r2, r2, #144384
 1060 0016 136C     		ldr	r3, [r2, #64]
 1061 0018 23F00203 		bic	r3, r3, #2
 1062 001c 1364     		str	r3, [r2, #64]
 434:Src/tim.c     **** 
 1063              		.loc 1 434 0
 1064 001e C021     		movs	r1, #192
ARM GAS  C:\Users\kotaro\AppData\Local\Temp\ccQngAKd.s 			page 29


 1065 0020 0948     		ldr	r0, .L97+8
 1066              	.LVL57:
 1067 0022 FFF7FEFF 		bl	HAL_GPIO_DeInit
 1068              	.LVL58:
 1069 0026 F3E7     		b	.L91
 1070              	.LVL59:
 1071              	.L96:
 446:Src/tim.c     ****   
 1072              		.loc 1 446 0
 1073 0028 02F50C32 		add	r2, r2, #143360
 1074 002c 136C     		ldr	r3, [r2, #64]
 1075 002e 23F00403 		bic	r3, r3, #4
 1076 0032 1364     		str	r3, [r2, #64]
 452:Src/tim.c     **** 
 1077              		.loc 1 452 0
 1078 0034 C021     		movs	r1, #192
 1079 0036 0548     		ldr	r0, .L97+12
 1080              	.LVL60:
 1081 0038 FFF7FEFF 		bl	HAL_GPIO_DeInit
 1082              	.LVL61:
 1083              		.loc 1 458 0
 1084 003c E8E7     		b	.L91
 1085              	.L98:
 1086 003e 00BF     		.align	2
 1087              	.L97:
 1088 0040 00040040 		.word	1073742848
 1089 0044 00080040 		.word	1073743872
 1090 0048 00080240 		.word	1073874944
 1091 004c 00040240 		.word	1073873920
 1092              		.cfi_endproc
 1093              	.LFE136:
 1095              		.section	.text.HAL_TIM_Base_MspDeInit,"ax",%progbits
 1096              		.align	1
 1097              		.global	HAL_TIM_Base_MspDeInit
 1098              		.syntax unified
 1099              		.thumb
 1100              		.thumb_func
 1101              		.fpu fpv4-sp-d16
 1103              	HAL_TIM_Base_MspDeInit:
 1104              	.LFB137:
 459:Src/tim.c     **** 
 460:Src/tim.c     **** void HAL_TIM_Base_MspDeInit(TIM_HandleTypeDef* tim_baseHandle)
 461:Src/tim.c     **** {
 1105              		.loc 1 461 0
 1106              		.cfi_startproc
 1107              		@ args = 0, pretend = 0, frame = 0
 1108              		@ frame_needed = 0, uses_anonymous_args = 0
 1109              	.LVL62:
 1110 0000 08B5     		push	{r3, lr}
 1111              	.LCFI35:
 1112              		.cfi_def_cfa_offset 8
 1113              		.cfi_offset 3, -8
 1114              		.cfi_offset 14, -4
 462:Src/tim.c     **** 
 463:Src/tim.c     ****   if(tim_baseHandle->Instance==TIM5)
 1115              		.loc 1 463 0
 1116 0002 0268     		ldr	r2, [r0]
ARM GAS  C:\Users\kotaro\AppData\Local\Temp\ccQngAKd.s 			page 30


 1117 0004 064B     		ldr	r3, .L103
 1118 0006 9A42     		cmp	r2, r3
 1119 0008 00D0     		beq	.L102
 1120              	.LVL63:
 1121              	.L99:
 464:Src/tim.c     ****   {
 465:Src/tim.c     ****   /* USER CODE BEGIN TIM5_MspDeInit 0 */
 466:Src/tim.c     **** 
 467:Src/tim.c     ****   /* USER CODE END TIM5_MspDeInit 0 */
 468:Src/tim.c     ****     /* Peripheral clock disable */
 469:Src/tim.c     ****     __HAL_RCC_TIM5_CLK_DISABLE();
 470:Src/tim.c     **** 
 471:Src/tim.c     ****     /* TIM5 interrupt Deinit */
 472:Src/tim.c     ****     HAL_NVIC_DisableIRQ(TIM5_IRQn);
 473:Src/tim.c     ****   /* USER CODE BEGIN TIM5_MspDeInit 1 */
 474:Src/tim.c     **** 
 475:Src/tim.c     ****   /* USER CODE END TIM5_MspDeInit 1 */
 476:Src/tim.c     ****   }
 477:Src/tim.c     **** } 
 1122              		.loc 1 477 0
 1123 000a 08BD     		pop	{r3, pc}
 1124              	.LVL64:
 1125              	.L102:
 469:Src/tim.c     **** 
 1126              		.loc 1 469 0
 1127 000c 054A     		ldr	r2, .L103+4
 1128 000e 136C     		ldr	r3, [r2, #64]
 1129 0010 23F00803 		bic	r3, r3, #8
 1130 0014 1364     		str	r3, [r2, #64]
 472:Src/tim.c     ****   /* USER CODE BEGIN TIM5_MspDeInit 1 */
 1131              		.loc 1 472 0
 1132 0016 3220     		movs	r0, #50
 1133              	.LVL65:
 1134 0018 FFF7FEFF 		bl	HAL_NVIC_DisableIRQ
 1135              	.LVL66:
 1136              		.loc 1 477 0
 1137 001c F5E7     		b	.L99
 1138              	.L104:
 1139 001e 00BF     		.align	2
 1140              	.L103:
 1141 0020 000C0040 		.word	1073744896
 1142 0024 00380240 		.word	1073887232
 1143              		.cfi_endproc
 1144              	.LFE137:
 1146              		.section	.text.Buzzer,"ax",%progbits
 1147              		.align	1
 1148              		.global	Buzzer
 1149              		.syntax unified
 1150              		.thumb
 1151              		.thumb_func
 1152              		.fpu fpv4-sp-d16
 1154              	Buzzer:
 1155              	.LFB138:
 478:Src/tim.c     **** 
 479:Src/tim.c     **** /* USER CODE BEGIN 1 */
 480:Src/tim.c     **** 
 481:Src/tim.c     **** 
ARM GAS  C:\Users\kotaro\AppData\Local\Temp\ccQngAKd.s 			page 31


 482:Src/tim.c     **** /************************************************
 483:Src/tim.c     ****  * effect : output sound
 484:Src/tim.c     ****  * period : frequency
 485:Src/tim.c     ****  * pwm : volume
 486:Src/tim.c     **** *************************************************/
 487:Src/tim.c     **** void Buzzer(int period,int pwm){
 1156              		.loc 1 487 0
 1157              		.cfi_startproc
 1158              		@ args = 0, pretend = 0, frame = 0
 1159              		@ frame_needed = 0, uses_anonymous_args = 0
 1160              	.LVL67:
 1161 0000 10B5     		push	{r4, lr}
 1162              	.LCFI36:
 1163              		.cfi_def_cfa_offset 8
 1164              		.cfi_offset 4, -8
 1165              		.cfi_offset 14, -4
 1166 0002 0C46     		mov	r4, r1
 488:Src/tim.c     ****   htim1.Instance = TIM1;
 1167              		.loc 1 488 0
 1168 0004 1A4B     		ldr	r3, .L113
 1169 0006 1B4A     		ldr	r2, .L113+4
 1170 0008 1A60     		str	r2, [r3]
 489:Src/tim.c     ****   htim1.Init.Prescaler = period;
 1171              		.loc 1 489 0
 1172 000a 5860     		str	r0, [r3, #4]
 490:Src/tim.c     ****   htim1.Init.CounterMode = TIM_COUNTERMODE_UP;
 1173              		.loc 1 490 0
 1174 000c 0022     		movs	r2, #0
 1175 000e 9A60     		str	r2, [r3, #8]
 491:Src/tim.c     ****   htim1.Init.Period = 999;
 1176              		.loc 1 491 0
 1177 0010 40F2E731 		movw	r1, #999
 1178              	.LVL68:
 1179 0014 D960     		str	r1, [r3, #12]
 492:Src/tim.c     ****   htim1.Init.ClockDivision = TIM_CLOCKDIVISION_DIV1;
 1180              		.loc 1 492 0
 1181 0016 1A61     		str	r2, [r3, #16]
 493:Src/tim.c     ****   htim1.Init.RepetitionCounter = 0;
 1182              		.loc 1 493 0
 1183 0018 5A61     		str	r2, [r3, #20]
 494:Src/tim.c     ****    if (HAL_TIM_PWM_Init(&htim1) != HAL_OK)
 1184              		.loc 1 494 0
 1185 001a 1846     		mov	r0, r3
 1186              	.LVL69:
 1187 001c FFF7FEFF 		bl	HAL_TIM_PWM_Init
 1188              	.LVL70:
 1189 0020 98B9     		cbnz	r0, .L110
 1190              	.L106:
 495:Src/tim.c     ****   {
 496:Src/tim.c     ****     _Error_Handler(__FILE__, __LINE__);
 497:Src/tim.c     ****   }
 498:Src/tim.c     **** 
 499:Src/tim.c     ****   sConfigOC.OCMode = TIM_OCMODE_PWM1;
 1191              		.loc 1 499 0
 1192 0022 1549     		ldr	r1, .L113+8
 1193 0024 6023     		movs	r3, #96
 1194 0026 0B60     		str	r3, [r1]
ARM GAS  C:\Users\kotaro\AppData\Local\Temp\ccQngAKd.s 			page 32


 500:Src/tim.c     ****   sConfigOC.Pulse = pwm;  // set duty
 1195              		.loc 1 500 0
 1196 0028 4C60     		str	r4, [r1, #4]
 501:Src/tim.c     ****   sConfigOC.OCPolarity = TIM_OCPOLARITY_HIGH;
 1197              		.loc 1 501 0
 1198 002a 0022     		movs	r2, #0
 1199 002c 8A60     		str	r2, [r1, #8]
 502:Src/tim.c     ****   sConfigOC.OCNPolarity = TIM_OCNPOLARITY_HIGH;
 1200              		.loc 1 502 0
 1201 002e CA60     		str	r2, [r1, #12]
 503:Src/tim.c     ****   sConfigOC.OCFastMode = TIM_OCFAST_DISABLE;
 1202              		.loc 1 503 0
 1203 0030 0A61     		str	r2, [r1, #16]
 504:Src/tim.c     ****   sConfigOC.OCIdleState = TIM_OCIDLESTATE_RESET;
 1204              		.loc 1 504 0
 1205 0032 4A61     		str	r2, [r1, #20]
 505:Src/tim.c     ****   sConfigOC.OCNIdleState = TIM_OCNIDLESTATE_RESET;
 1206              		.loc 1 505 0
 1207 0034 8A61     		str	r2, [r1, #24]
 506:Src/tim.c     **** 	if (HAL_TIM_PWM_ConfigChannel(&htim1, &sConfigOC, TIM_CHANNEL_1) != HAL_OK){
 1208              		.loc 1 506 0
 1209 0036 0E48     		ldr	r0, .L113
 1210 0038 FFF7FEFF 		bl	HAL_TIM_PWM_ConfigChannel
 1211              	.LVL71:
 1212 003c 58B9     		cbnz	r0, .L111
 1213              	.L107:
 507:Src/tim.c     **** 		Error_Handler();
 508:Src/tim.c     **** 	}
 509:Src/tim.c     **** 
 510:Src/tim.c     ****   // start
 511:Src/tim.c     ****   if (HAL_TIM_PWM_Start(&htim1, TIM_CHANNEL_1) != HAL_OK){
 1214              		.loc 1 511 0
 1215 003e 0021     		movs	r1, #0
 1216 0040 0B48     		ldr	r0, .L113
 1217 0042 FFF7FEFF 		bl	HAL_TIM_PWM_Start
 1218              	.LVL72:
 1219 0046 60B9     		cbnz	r0, .L112
 1220              	.L105:
 512:Src/tim.c     **** 		Error_Handler();
 513:Src/tim.c     **** 	}
 514:Src/tim.c     **** }
 1221              		.loc 1 514 0
 1222 0048 10BD     		pop	{r4, pc}
 1223              	.LVL73:
 1224              	.L110:
 496:Src/tim.c     ****   }
 1225              		.loc 1 496 0
 1226 004a 4FF4F871 		mov	r1, #496
 1227 004e 0B48     		ldr	r0, .L113+12
 1228 0050 FFF7FEFF 		bl	_Error_Handler
 1229              	.LVL74:
 1230 0054 E5E7     		b	.L106
 1231              	.L111:
 507:Src/tim.c     **** 		Error_Handler();
 1232              		.loc 1 507 0
 1233 0056 40F2FB11 		movw	r1, #507
 1234 005a 0848     		ldr	r0, .L113+12
ARM GAS  C:\Users\kotaro\AppData\Local\Temp\ccQngAKd.s 			page 33


 1235 005c FFF7FEFF 		bl	_Error_Handler
 1236              	.LVL75:
 1237 0060 EDE7     		b	.L107
 1238              	.L112:
 512:Src/tim.c     **** 		Error_Handler();
 1239              		.loc 1 512 0
 1240 0062 4FF40071 		mov	r1, #512
 1241 0066 0548     		ldr	r0, .L113+12
 1242 0068 FFF7FEFF 		bl	_Error_Handler
 1243              	.LVL76:
 1244              		.loc 1 514 0
 1245 006c ECE7     		b	.L105
 1246              	.L114:
 1247 006e 00BF     		.align	2
 1248              	.L113:
 1249 0070 00000000 		.word	htim1
 1250 0074 00000140 		.word	1073807360
 1251 0078 00000000 		.word	sConfigOC
 1252 007c 00000000 		.word	.LC0
 1253              		.cfi_endproc
 1254              	.LFE138:
 1256              		.section	.text.Motor_pwm,"ax",%progbits
 1257              		.align	1
 1258              		.global	Motor_pwm
 1259              		.syntax unified
 1260              		.thumb
 1261              		.thumb_func
 1262              		.fpu fpv4-sp-d16
 1264              	Motor_pwm:
 1265              	.LFB139:
 515:Src/tim.c     **** //end of ktr_Buzzer()
 516:Src/tim.c     **** 
 517:Src/tim.c     **** 
 518:Src/tim.c     **** /************************************************************************
 519:Src/tim.c     ****  * effect : output pwm
 520:Src/tim.c     ****  * pwm_right/left : motor power
 521:Src/tim.c     ****  ***********************************************************************/
 522:Src/tim.c     **** 
 523:Src/tim.c     **** void Motor_pwm(int right_pwm,int left_pwm){
 1266              		.loc 1 523 0
 1267              		.cfi_startproc
 1268              		@ args = 0, pretend = 0, frame = 0
 1269              		@ frame_needed = 0, uses_anonymous_args = 0
 1270              	.LVL77:
 1271 0000 10B5     		push	{r4, lr}
 1272              	.LCFI37:
 1273              		.cfi_def_cfa_offset 8
 1274              		.cfi_offset 4, -8
 1275              		.cfi_offset 14, -4
 1276 0002 0C46     		mov	r4, r1
 524:Src/tim.c     ****   sConfigOC.OCMode = TIM_OCMODE_PWM1;
 1277              		.loc 1 524 0
 1278 0004 1A49     		ldr	r1, .L125
 1279              	.LVL78:
 1280 0006 6023     		movs	r3, #96
 1281 0008 0B60     		str	r3, [r1]
 525:Src/tim.c     ****   sConfigOC.OCPolarity = TIM_OCPOLARITY_HIGH;
ARM GAS  C:\Users\kotaro\AppData\Local\Temp\ccQngAKd.s 			page 34


 1282              		.loc 1 525 0
 1283 000a 0023     		movs	r3, #0
 1284 000c 8B60     		str	r3, [r1, #8]
 526:Src/tim.c     ****   sConfigOC.OCFastMode = TIM_OCFAST_DISABLE;
 1285              		.loc 1 526 0
 1286 000e 0B61     		str	r3, [r1, #16]
 527:Src/tim.c     **** 
 528:Src/tim.c     ****   //set right_pwm
 529:Src/tim.c     ****   sConfigOC.Pulse = right_pwm;
 1287              		.loc 1 529 0
 1288 0010 4860     		str	r0, [r1, #4]
 530:Src/tim.c     ****   if (HAL_TIM_PWM_ConfigChannel(&htim2, &sConfigOC, TIM_CHANNEL_3) != HAL_OK)
 1289              		.loc 1 530 0
 1290 0012 0822     		movs	r2, #8
 1291 0014 1748     		ldr	r0, .L125+4
 1292              	.LVL79:
 1293 0016 FFF7FEFF 		bl	HAL_TIM_PWM_ConfigChannel
 1294              	.LVL80:
 1295 001a 88B9     		cbnz	r0, .L121
 1296              	.L116:
 531:Src/tim.c     ****   {
 532:Src/tim.c     ****     _Error_Handler(__FILE__, __LINE__);
 533:Src/tim.c     ****   }
 534:Src/tim.c     **** 
 535:Src/tim.c     ****   //set left_pwm
 536:Src/tim.c     ****   sConfigOC.Pulse = left_pwm;
 1297              		.loc 1 536 0
 1298 001c 1449     		ldr	r1, .L125
 1299 001e 4C60     		str	r4, [r1, #4]
 537:Src/tim.c     ****   if (HAL_TIM_PWM_ConfigChannel(&htim2, &sConfigOC, TIM_CHANNEL_4) != HAL_OK)
 1300              		.loc 1 537 0
 1301 0020 0C22     		movs	r2, #12
 1302 0022 1448     		ldr	r0, .L125+4
 1303 0024 FFF7FEFF 		bl	HAL_TIM_PWM_ConfigChannel
 1304              	.LVL81:
 1305 0028 80B9     		cbnz	r0, .L122
 1306              	.L117:
 538:Src/tim.c     ****   {
 539:Src/tim.c     ****     _Error_Handler(__FILE__, __LINE__);
 540:Src/tim.c     ****   }
 541:Src/tim.c     **** 
 542:Src/tim.c     ****   //start 
 543:Src/tim.c     ****   if (HAL_TIM_PWM_Start(&htim2, TIM_CHANNEL_3) != HAL_OK){
 1307              		.loc 1 543 0
 1308 002a 0821     		movs	r1, #8
 1309 002c 1148     		ldr	r0, .L125+4
 1310 002e FFF7FEFF 		bl	HAL_TIM_PWM_Start
 1311              	.LVL82:
 1312 0032 88B9     		cbnz	r0, .L123
 1313              	.L118:
 544:Src/tim.c     **** 		Error_Handler();
 545:Src/tim.c     **** 	}
 546:Src/tim.c     ****   if (HAL_TIM_PWM_Start(&htim2, TIM_CHANNEL_4) != HAL_OK){
 1314              		.loc 1 546 0
 1315 0034 0C21     		movs	r1, #12
 1316 0036 0F48     		ldr	r0, .L125+4
 1317 0038 FFF7FEFF 		bl	HAL_TIM_PWM_Start
ARM GAS  C:\Users\kotaro\AppData\Local\Temp\ccQngAKd.s 			page 35


 1318              	.LVL83:
 1319 003c 90B9     		cbnz	r0, .L124
 1320              	.L115:
 547:Src/tim.c     **** 		Error_Handler();
 548:Src/tim.c     **** 	}
 549:Src/tim.c     **** }
 1321              		.loc 1 549 0
 1322 003e 10BD     		pop	{r4, pc}
 1323              	.LVL84:
 1324              	.L121:
 532:Src/tim.c     ****   }
 1325              		.loc 1 532 0
 1326 0040 4FF40571 		mov	r1, #532
 1327 0044 0C48     		ldr	r0, .L125+8
 1328 0046 FFF7FEFF 		bl	_Error_Handler
 1329              	.LVL85:
 1330 004a E7E7     		b	.L116
 1331              	.L122:
 539:Src/tim.c     ****   }
 1332              		.loc 1 539 0
 1333 004c 40F21B21 		movw	r1, #539
 1334 0050 0948     		ldr	r0, .L125+8
 1335 0052 FFF7FEFF 		bl	_Error_Handler
 1336              	.LVL86:
 1337 0056 E8E7     		b	.L117
 1338              	.L123:
 544:Src/tim.c     **** 	}
 1339              		.loc 1 544 0
 1340 0058 4FF40871 		mov	r1, #544
 1341 005c 0648     		ldr	r0, .L125+8
 1342 005e FFF7FEFF 		bl	_Error_Handler
 1343              	.LVL87:
 1344 0062 E7E7     		b	.L118
 1345              	.L124:
 547:Src/tim.c     **** 	}
 1346              		.loc 1 547 0
 1347 0064 40F22321 		movw	r1, #547
 1348 0068 0348     		ldr	r0, .L125+8
 1349 006a FFF7FEFF 		bl	_Error_Handler
 1350              	.LVL88:
 1351              		.loc 1 549 0
 1352 006e E6E7     		b	.L115
 1353              	.L126:
 1354              		.align	2
 1355              	.L125:
 1356 0070 00000000 		.word	sConfigOC
 1357 0074 00000000 		.word	htim2
 1358 0078 00000000 		.word	.LC0
 1359              		.cfi_endproc
 1360              	.LFE139:
 1362              		.section	.text.setup_encoder,"ax",%progbits
 1363              		.align	1
 1364              		.global	setup_encoder
 1365              		.syntax unified
 1366              		.thumb
 1367              		.thumb_func
 1368              		.fpu fpv4-sp-d16
ARM GAS  C:\Users\kotaro\AppData\Local\Temp\ccQngAKd.s 			page 36


 1370              	setup_encoder:
 1371              	.LFB140:
 550:Src/tim.c     **** 
 551:Src/tim.c     **** //encoder
 552:Src/tim.c     **** void setup_encoder(void){
 1372              		.loc 1 552 0
 1373              		.cfi_startproc
 1374              		@ args = 0, pretend = 0, frame = 0
 1375              		@ frame_needed = 0, uses_anonymous_args = 0
 1376 0000 08B5     		push	{r3, lr}
 1377              	.LCFI38:
 1378              		.cfi_def_cfa_offset 8
 1379              		.cfi_offset 3, -8
 1380              		.cfi_offset 14, -4
 553:Src/tim.c     ****   //left
 554:Src/tim.c     ****   /*if(HAL_TIM_Encoder_Init(&htim3,&sConfig)!=HAL_OK){
 555:Src/tim.c     ****     Error_Handler();
 556:Src/tim.c     ****   }*/
 557:Src/tim.c     ****   HAL_TIM_Encoder_Start(&htim3,TIM_CHANNEL_ALL);
 1381              		.loc 1 557 0
 1382 0002 1821     		movs	r1, #24
 1383 0004 0348     		ldr	r0, .L129
 1384 0006 FFF7FEFF 		bl	HAL_TIM_Encoder_Start
 1385              	.LVL89:
 558:Src/tim.c     ****   
 559:Src/tim.c     ****   //right
 560:Src/tim.c     ****   /*if(HAL_TIM_Encoder_Init(&htim4,&sConfig)!=HAL_OK){
 561:Src/tim.c     ****     Error_Handler();
 562:Src/tim.c     ****   }*/
 563:Src/tim.c     ****   HAL_TIM_Encoder_Start(&htim4,TIM_CHANNEL_ALL);
 1386              		.loc 1 563 0
 1387 000a 1821     		movs	r1, #24
 1388 000c 0248     		ldr	r0, .L129+4
 1389 000e FFF7FEFF 		bl	HAL_TIM_Encoder_Start
 1390              	.LVL90:
 564:Src/tim.c     ****   
 565:Src/tim.c     **** }
 1391              		.loc 1 565 0
 1392 0012 08BD     		pop	{r3, pc}
 1393              	.L130:
 1394              		.align	2
 1395              	.L129:
 1396 0014 00000000 		.word	htim3
 1397 0018 00000000 		.word	htim4
 1398              		.cfi_endproc
 1399              	.LFE140:
 1401              		.section	.text.update_encoder,"ax",%progbits
 1402              		.align	1
 1403              		.global	update_encoder
 1404              		.syntax unified
 1405              		.thumb
 1406              		.thumb_func
 1407              		.fpu fpv4-sp-d16
 1409              	update_encoder:
 1410              	.LFB141:
 566:Src/tim.c     **** 
 567:Src/tim.c     **** 
ARM GAS  C:\Users\kotaro\AppData\Local\Temp\ccQngAKd.s 			page 37


 568:Src/tim.c     **** void update_encoder( void ){
 1411              		.loc 1 568 0
 1412              		.cfi_startproc
 1413              		@ args = 0, pretend = 0, frame = 0
 1414              		@ frame_needed = 0, uses_anonymous_args = 0
 1415              		@ link register save eliminated.
 1416 0000 10B4     		push	{r4}
 1417              	.LCFI39:
 1418              		.cfi_def_cfa_offset 4
 1419              		.cfi_offset 4, -4
 569:Src/tim.c     ****   int16_t enc_l_buff = TIM3->CNT;
 1420              		.loc 1 569 0
 1421 0002 154C     		ldr	r4, .L133
 1422 0004 606A     		ldr	r0, [r4, #36]
 1423 0006 00B2     		sxth	r0, r0
 1424              	.LVL91:
 570:Src/tim.c     ****   int16_t enc_r_buff = TIM4->CNT;
 1425              		.loc 1 570 0
 1426 0008 144B     		ldr	r3, .L133+4
 1427 000a 596A     		ldr	r1, [r3, #36]
 1428 000c 09B2     		sxth	r1, r1
 1429              	.LVL92:
 571:Src/tim.c     ****   TIM3->CNT = 0;
 1430              		.loc 1 571 0
 1431 000e 0022     		movs	r2, #0
 1432 0010 6262     		str	r2, [r4, #36]
 572:Src/tim.c     ****   TIM4->CNT = 0;
 1433              		.loc 1 572 0
 1434 0012 5A62     		str	r2, [r3, #36]
 573:Src/tim.c     **** 
 574:Src/tim.c     ****   /*if( enc_l_buff > 32767 ){//
 575:Src/tim.c     ****     enc.l_now = -1 *(int16_t)enc_l_buff;
 576:Src/tim.c     ****   } else {*/
 577:Src/tim.c     ****     enc.l_now = enc_l_buff;
 1435              		.loc 1 577 0
 1436 0014 124B     		ldr	r3, .L133+8
 1437 0016 5861     		str	r0, [r3, #20]
 578:Src/tim.c     ****   //}
 579:Src/tim.c     ****   
 580:Src/tim.c     ****   /*if ( enc_r_buff > 32767 ){
 581:Src/tim.c     ****     enc.r_now = -1 * (int16_t)enc_r_buff;
 582:Src/tim.c     ****   } else {*/
 583:Src/tim.c     ****     enc.r_now = enc_r_buff;
 1438              		.loc 1 583 0
 1439 0018 9961     		str	r1, [r3, #24]
 584:Src/tim.c     ****   //}
 585:Src/tim.c     **** 
 586:Src/tim.c     ****   enc.center_now = ( enc.l_now + enc.r_now )/2;
 1440              		.loc 1 586 0
 1441 001a 4218     		adds	r2, r0, r1
 1442 001c 5208     		lsrs	r2, r2, #1
 1443 001e DA61     		str	r2, [r3, #28]
 587:Src/tim.c     ****   enc.center_total += enc.center_now;
 1444              		.loc 1 587 0
 1445 0020 1C6A     		ldr	r4, [r3, #32]
 1446 0022 1444     		add	r4, r4, r2
 1447 0024 1C62     		str	r4, [r3, #32]
ARM GAS  C:\Users\kotaro\AppData\Local\Temp\ccQngAKd.s 			page 38


 588:Src/tim.c     ****   enc.l += enc.l_now;
 1448              		.loc 1 588 0
 1449 0026 9C68     		ldr	r4, [r3, #8]
 1450 0028 2044     		add	r0, r0, r4
 1451              	.LVL93:
 1452 002a 9860     		str	r0, [r3, #8]
 589:Src/tim.c     ****   enc.r += enc.r_now;
 1453              		.loc 1 589 0
 1454 002c D868     		ldr	r0, [r3, #12]
 1455 002e 0144     		add	r1, r1, r0
 1456              	.LVL94:
 1457 0030 D960     		str	r1, [r3, #12]
 590:Src/tim.c     ****   enc.goal  += enc.center_now;
 1458              		.loc 1 590 0
 1459 0032 1969     		ldr	r1, [r3, #16]
 1460 0034 1144     		add	r1, r1, r2
 1461 0036 1961     		str	r1, [r3, #16]
 591:Src/tim.c     ****   enc.cr += enc.center_now;
 1462              		.loc 1 591 0
 1463 0038 596A     		ldr	r1, [r3, #36]
 1464 003a 1144     		add	r1, r1, r2
 1465 003c 5962     		str	r1, [r3, #36]
 592:Src/tim.c     ****   enc.pattern += enc.center_now;
 1466              		.loc 1 592 0
 1467 003e 1968     		ldr	r1, [r3]
 1468 0040 1144     		add	r1, r1, r2
 1469 0042 1960     		str	r1, [r3]
 593:Src/tim.c     ****   enc.rp += enc.center_now;
 1470              		.loc 1 593 0
 1471 0044 996A     		ldr	r1, [r3, #40]
 1472 0046 1144     		add	r1, r1, r2
 1473 0048 9962     		str	r1, [r3, #40]
 594:Src/tim.c     ****   enc.rp_pattern += enc.center_now;
 1474              		.loc 1 594 0
 1475 004a 5968     		ldr	r1, [r3, #4]
 1476 004c 0A44     		add	r2, r2, r1
 1477 004e 5A60     		str	r2, [r3, #4]
 595:Src/tim.c     **** }
 1478              		.loc 1 595 0
 1479 0050 5DF8044B 		ldr	r4, [sp], #4
 1480              	.LCFI40:
 1481              		.cfi_restore 4
 1482              		.cfi_def_cfa_offset 0
 1483 0054 7047     		bx	lr
 1484              	.L134:
 1485 0056 00BF     		.align	2
 1486              	.L133:
 1487 0058 00040040 		.word	1073742848
 1488 005c 00080040 		.word	1073743872
 1489 0060 00000000 		.word	enc
 1490              		.cfi_endproc
 1491              	.LFE141:
 1493              		.comm	htim5,60,4
 1494              		.comm	htim4,60,4
 1495              		.comm	htim3,60,4
 1496              		.comm	htim2,60,4
 1497              		.comm	htim1,60,4
ARM GAS  C:\Users\kotaro\AppData\Local\Temp\ccQngAKd.s 			page 39


 1498              		.comm	sConfig,36,4
 1499              		.comm	sConfigOC,28,4
 1500              		.comm	sMasterConfig,8,4
 1501              		.section	.rodata.MX_TIM3_Init.str1.4,"aMS",%progbits,1
 1502              		.align	2
 1503              	.LC0:
 1504 0000 5372632F 		.ascii	"Src/tim.c\000"
 1504      74696D2E 
 1504      6300
 1505              		.text
 1506              	.Letext0:
 1507              		.file 2 "Inc/main.h"
 1508              		.file 3 "c:\\program files (x86)\\gnu tools arm embedded\\7 2017-q4-major\\arm-none-eabi\\include\
 1509              		.file 4 "c:\\program files (x86)\\gnu tools arm embedded\\7 2017-q4-major\\arm-none-eabi\\include\
 1510              		.file 5 "Drivers/CMSIS/Include/core_cm4.h"
 1511              		.file 6 "Drivers/CMSIS/Device/ST/STM32F4xx/Include/system_stm32f4xx.h"
 1512              		.file 7 "Drivers/CMSIS/Device/ST/STM32F4xx/Include/stm32f405xx.h"
 1513              		.file 8 "c:\\program files (x86)\\gnu tools arm embedded\\7 2017-q4-major\\arm-none-eabi\\include\
 1514              		.file 9 "c:\\program files (x86)\\gnu tools arm embedded\\7 2017-q4-major\\arm-none-eabi\\include\
 1515              		.file 10 "c:\\program files (x86)\\gnu tools arm embedded\\7 2017-q4-major\\lib\\gcc\\arm-none-eab
 1516              		.file 11 "c:\\program files (x86)\\gnu tools arm embedded\\7 2017-q4-major\\arm-none-eabi\\include
 1517              		.file 12 "Drivers/STM32F4xx_HAL_Driver/Inc/stm32f4xx_hal_def.h"
 1518              		.file 13 "Drivers/STM32F4xx_HAL_Driver/Inc/stm32f4xx_hal_gpio.h"
 1519              		.file 14 "Drivers/STM32F4xx_HAL_Driver/Inc/stm32f4xx_hal_dma.h"
 1520              		.file 15 "Drivers/STM32F4xx_HAL_Driver/Inc/stm32f4xx_hal_tim.h"
 1521              		.file 16 "Drivers/STM32F4xx_HAL_Driver/Inc/stm32f4xx_hal_tim_ex.h"
 1522              		.file 17 "Inc/tim.h"
 1523              		.file 18 "Drivers/STM32F4xx_HAL_Driver/Inc/stm32f4xx_hal_cortex.h"
ARM GAS  C:\Users\kotaro\AppData\Local\Temp\ccQngAKd.s 			page 40


DEFINED SYMBOLS
                            *ABS*:00000000 tim.c
C:\Users\kotaro\AppData\Local\Temp\ccQngAKd.s:18     .text.MX_TIM3_Init:00000000 $t
C:\Users\kotaro\AppData\Local\Temp\ccQngAKd.s:25     .text.MX_TIM3_Init:00000000 MX_TIM3_Init
C:\Users\kotaro\AppData\Local\Temp\ccQngAKd.s:118    .text.MX_TIM3_Init:00000060 $d
                            *COM*:0000003c htim3
C:\Users\kotaro\AppData\Local\Temp\ccQngAKd.s:125    .text.MX_TIM4_Init:00000000 $t
C:\Users\kotaro\AppData\Local\Temp\ccQngAKd.s:132    .text.MX_TIM4_Init:00000000 MX_TIM4_Init
C:\Users\kotaro\AppData\Local\Temp\ccQngAKd.s:224    .text.MX_TIM4_Init:00000060 $d
                            *COM*:0000003c htim4
C:\Users\kotaro\AppData\Local\Temp\ccQngAKd.s:231    .text.MX_TIM5_Init:00000000 $t
C:\Users\kotaro\AppData\Local\Temp\ccQngAKd.s:238    .text.MX_TIM5_Init:00000000 MX_TIM5_Init
C:\Users\kotaro\AppData\Local\Temp\ccQngAKd.s:327    .text.MX_TIM5_Init:00000068 $d
                            *COM*:0000003c htim5
C:\Users\kotaro\AppData\Local\Temp\ccQngAKd.s:334    .text.HAL_TIM_PWM_MspInit:00000000 $t
C:\Users\kotaro\AppData\Local\Temp\ccQngAKd.s:341    .text.HAL_TIM_PWM_MspInit:00000000 HAL_TIM_PWM_MspInit
C:\Users\kotaro\AppData\Local\Temp\ccQngAKd.s:404    .text.HAL_TIM_PWM_MspInit:00000048 $d
C:\Users\kotaro\AppData\Local\Temp\ccQngAKd.s:410    .text.HAL_TIM_Encoder_MspInit:00000000 $t
C:\Users\kotaro\AppData\Local\Temp\ccQngAKd.s:417    .text.HAL_TIM_Encoder_MspInit:00000000 HAL_TIM_Encoder_MspInit
C:\Users\kotaro\AppData\Local\Temp\ccQngAKd.s:523    .text.HAL_TIM_Encoder_MspInit:0000007c $d
C:\Users\kotaro\AppData\Local\Temp\ccQngAKd.s:531    .text.HAL_TIM_Base_MspInit:00000000 $t
C:\Users\kotaro\AppData\Local\Temp\ccQngAKd.s:538    .text.HAL_TIM_Base_MspInit:00000000 HAL_TIM_Base_MspInit
C:\Users\kotaro\AppData\Local\Temp\ccQngAKd.s:592    .text.HAL_TIM_Base_MspInit:0000003c $d
C:\Users\kotaro\AppData\Local\Temp\ccQngAKd.s:597    .text.HAL_TIM_MspPostInit:00000000 $t
C:\Users\kotaro\AppData\Local\Temp\ccQngAKd.s:604    .text.HAL_TIM_MspPostInit:00000000 HAL_TIM_MspPostInit
C:\Users\kotaro\AppData\Local\Temp\ccQngAKd.s:687    .text.HAL_TIM_MspPostInit:00000054 $d
C:\Users\kotaro\AppData\Local\Temp\ccQngAKd.s:694    .text.MX_TIM1_Init:00000000 $t
C:\Users\kotaro\AppData\Local\Temp\ccQngAKd.s:701    .text.MX_TIM1_Init:00000000 MX_TIM1_Init
C:\Users\kotaro\AppData\Local\Temp\ccQngAKd.s:839    .text.MX_TIM1_Init:000000a4 $d
                            *COM*:0000003c htim1
C:\Users\kotaro\AppData\Local\Temp\ccQngAKd.s:846    .text.MX_TIM2_Init:00000000 $t
C:\Users\kotaro\AppData\Local\Temp\ccQngAKd.s:853    .text.MX_TIM2_Init:00000000 MX_TIM2_Init
C:\Users\kotaro\AppData\Local\Temp\ccQngAKd.s:968    .text.MX_TIM2_Init:0000008c $d
                            *COM*:0000003c htim2
C:\Users\kotaro\AppData\Local\Temp\ccQngAKd.s:974    .text.HAL_TIM_PWM_MspDeInit:00000000 $t
C:\Users\kotaro\AppData\Local\Temp\ccQngAKd.s:981    .text.HAL_TIM_PWM_MspDeInit:00000000 HAL_TIM_PWM_MspDeInit
C:\Users\kotaro\AppData\Local\Temp\ccQngAKd.s:1018   .text.HAL_TIM_PWM_MspDeInit:0000002c $d
C:\Users\kotaro\AppData\Local\Temp\ccQngAKd.s:1024   .text.HAL_TIM_Encoder_MspDeInit:00000000 $t
C:\Users\kotaro\AppData\Local\Temp\ccQngAKd.s:1031   .text.HAL_TIM_Encoder_MspDeInit:00000000 HAL_TIM_Encoder_MspDeInit
C:\Users\kotaro\AppData\Local\Temp\ccQngAKd.s:1088   .text.HAL_TIM_Encoder_MspDeInit:00000040 $d
C:\Users\kotaro\AppData\Local\Temp\ccQngAKd.s:1096   .text.HAL_TIM_Base_MspDeInit:00000000 $t
C:\Users\kotaro\AppData\Local\Temp\ccQngAKd.s:1103   .text.HAL_TIM_Base_MspDeInit:00000000 HAL_TIM_Base_MspDeInit
C:\Users\kotaro\AppData\Local\Temp\ccQngAKd.s:1141   .text.HAL_TIM_Base_MspDeInit:00000020 $d
C:\Users\kotaro\AppData\Local\Temp\ccQngAKd.s:1147   .text.Buzzer:00000000 $t
C:\Users\kotaro\AppData\Local\Temp\ccQngAKd.s:1154   .text.Buzzer:00000000 Buzzer
C:\Users\kotaro\AppData\Local\Temp\ccQngAKd.s:1249   .text.Buzzer:00000070 $d
                            *COM*:0000001c sConfigOC
C:\Users\kotaro\AppData\Local\Temp\ccQngAKd.s:1257   .text.Motor_pwm:00000000 $t
C:\Users\kotaro\AppData\Local\Temp\ccQngAKd.s:1264   .text.Motor_pwm:00000000 Motor_pwm
C:\Users\kotaro\AppData\Local\Temp\ccQngAKd.s:1356   .text.Motor_pwm:00000070 $d
C:\Users\kotaro\AppData\Local\Temp\ccQngAKd.s:1363   .text.setup_encoder:00000000 $t
C:\Users\kotaro\AppData\Local\Temp\ccQngAKd.s:1370   .text.setup_encoder:00000000 setup_encoder
C:\Users\kotaro\AppData\Local\Temp\ccQngAKd.s:1396   .text.setup_encoder:00000014 $d
C:\Users\kotaro\AppData\Local\Temp\ccQngAKd.s:1402   .text.update_encoder:00000000 $t
C:\Users\kotaro\AppData\Local\Temp\ccQngAKd.s:1409   .text.update_encoder:00000000 update_encoder
C:\Users\kotaro\AppData\Local\Temp\ccQngAKd.s:1487   .text.update_encoder:00000058 $d
                            *COM*:00000024 sConfig
ARM GAS  C:\Users\kotaro\AppData\Local\Temp\ccQngAKd.s 			page 41


                            *COM*:00000008 sMasterConfig
C:\Users\kotaro\AppData\Local\Temp\ccQngAKd.s:1502   .rodata.MX_TIM3_Init.str1.4:00000000 $d

UNDEFINED SYMBOLS
HAL_TIM_Encoder_Init
HAL_TIMEx_MasterConfigSynchronization
_Error_Handler
HAL_TIM_Base_Init
HAL_TIM_ConfigClockSource
HAL_GPIO_Init
HAL_NVIC_SetPriority
HAL_NVIC_EnableIRQ
HAL_TIM_PWM_Init
HAL_TIM_PWM_ConfigChannel
HAL_TIMEx_ConfigBreakDeadTime
HAL_GPIO_DeInit
HAL_NVIC_DisableIRQ
HAL_TIM_PWM_Start
HAL_TIM_Encoder_Start
enc
